#
# There is insufficient memory for the Java Runtime Environment to continue.
# Native memory allocation (malloc) failed to allocate 843536 bytes for Chunk::new
# Possible reasons:
#   The system is out of physical RAM or swap space
#   The process is running with CompressedOops enabled, and the Java Heap may be blocking the growth of the native heap
# Possible solutions:
#   Reduce memory load on the system
#   Increase physical memory or swap space
#   Check if swap backing store is full
#   Decrease Java heap size (-Xmx/-Xms)
#   Decrease number of Java threads
#   Decrease Java thread stack sizes (-Xss)
#   Set larger code cache with -XX:ReservedCodeCacheSize=
#   JVM is running with Unscaled Compressed Oops mode in which the Java heap is
#     placed in the first 4GB address space. The Java Heap base address is the
#     maximum limit for the native heap growth. Please use -XX:HeapBaseMinAddress
#     to set the Java Heap base and to place the Java Heap above 4GB virtual address.
# This output file may be truncated or incomplete.
#
#  Out of Memory Error (./src/hotspot/share/memory/arena.cpp:197), pid=35408, tid=5692
#
# JRE version: OpenJDK Runtime Environment (11.0.13) (build 11.0.13+0-b1751.21-8125866)
# Java VM: OpenJDK 64-Bit Server VM (11.0.13+0-b1751.21-8125866, mixed mode, tiered, compressed oops, g1 gc, windows-amd64)
# No core dump will be written. Minidumps are not enabled by default on client versions of Windows
#

---------------  S U M M A R Y ------------

Command Line: --add-opens=java.base/java.util=ALL-UNNAMED --add-opens=java.base/java.lang=ALL-UNNAMED --add-opens=java.base/java.lang.invoke=ALL-UNNAMED --add-opens=java.prefs/java.util.prefs=ALL-UNNAMED -Xmx2048m -Dfile.encoding=UTF-8 -Duser.country=US -Duser.language=en -Duser.variant org.gradle.launcher.daemon.bootstrap.GradleDaemon 6.5

Host: Intel(R) Core(TM) i7-10750H CPU @ 2.60GHz, 12 cores, 15G,  Windows 11 , 64 bit Build 22621 (10.0.22621.1028)
Time: Fri Dec 16 20:32:03 2022 Arab Standard Time elapsed time: 7.958877 seconds (0d 0h 0m 7s)

---------------  T H R E A D  ---------------

Current thread (0x000002475e2b5000):  JavaThread "C2 CompilerThread0" daemon [_thread_in_native, id=5692, stack(0x000000a3cf100000,0x000000a3cf200000)]


Current CompileTask:
C2:   7958 4676  s    4       java.util.jar.JarFile::getInputStream (72 bytes)

Stack: [0x000000a3cf100000,0x000000a3cf200000]
Native frames: (J=compiled Java code, j=interpreted, Vv=VM code, C=native code)
V  [jvm.dll+0x6100fa]
V  [jvm.dll+0x747090]
V  [jvm.dll+0x7486ad]
V  [jvm.dll+0x748d83]
V  [jvm.dll+0x24ab48]
V  [jvm.dll+0xc04dc]
V  [jvm.dll+0xc0a0c]
V  [jvm.dll+0x35eb5b]
V  [jvm.dll+0x32b833]
V  [jvm.dll+0x32ad2a]
V  [jvm.dll+0x2032b2]
V  [jvm.dll+0x202437]
V  [jvm.dll+0x188e01]
V  [jvm.dll+0x21106b]
V  [jvm.dll+0x20f8c1]
V  [jvm.dll+0x70de0f]
V  [jvm.dll+0x706a75]
V  [jvm.dll+0x60ed66]
C  [ucrtbase.dll+0x29363]
C  [KERNEL32.DLL+0x1247d]
C  [ntdll.dll+0x5dfb8]


---------------  P R O C E S S  ---------------

Threads class SMR info:
_java_thread_list=0x00000247633e9170, length=136, elements={
0x000002474114b000, 0x000002475e24c800, 0x000002475e256000, 0x000002475e2a8800,
0x000002475e2a9800, 0x000002475e2ab000, 0x000002475e2b5000, 0x000002475e2b9800,
0x000002475e2bc800, 0x000002475e41c000, 0x000002475f561800, 0x000002475f08c800,
0x000002476014d800, 0x000002476014d000, 0x000002476014e800, 0x000002476014f800,
0x000002476014a800, 0x0000024760150000, 0x0000024760151000, 0x000002476014b800,
0x000002476014c000, 0x00000247602af000, 0x00000247602b2800, 0x00000247602b0000,
0x00000247602b3000, 0x00000247602b4000, 0x00000247602b0800, 0x00000247602b1800,
0x00000247602ae800, 0x00000247602b7800, 0x00000247602b8000, 0x00000247602b6800,
0x00000247602b5800, 0x00000247602b9000, 0x00000247602b5000, 0x00000247602b9800,
0x00000247602ba800, 0x00000247602bb800, 0x00000247602bc000, 0x00000247602bd000,
0x0000024760886800, 0x0000024760886000, 0x0000024760888800, 0x0000024760885000,
0x0000024760889000, 0x0000024760887800, 0x0000024760883800, 0x000002476088a000,
0x0000024760884000, 0x000002476088b800, 0x000002476088e000, 0x000002476088f000,
0x000002476088f800, 0x0000024760890800, 0x0000024760891800, 0x000002476088c800,
0x0000024762a1f800, 0x0000024762a1b800, 0x0000024762a20000, 0x0000024762a22000,
0x0000024762a1e800, 0x0000024762a21000, 0x0000024762a1d800, 0x0000024762a1c000,
0x0000024762a22800, 0x0000024762a1d000, 0x0000024762a29000, 0x0000024762a27800,
0x0000024762a26000, 0x0000024762a26800, 0x0000024762a23800, 0x0000024762a2a000,
0x0000024762a28800, 0x0000024762a24000, 0x0000024762a25000, 0x0000024764478000,
0x0000024764476800, 0x0000024764478800, 0x0000024764479800, 0x0000024764477000,
0x000002476447a800, 0x000002476447d800, 0x000002476447b000, 0x0000024764480000,
0x000002476447e800, 0x000002476447f800, 0x0000024764481000, 0x000002476447c000,
0x0000024764481800, 0x0000024764482800, 0x000002476447d000, 0x0000024764483800,
0x0000024764484000, 0x0000024764485000, 0x00000247643f5800, 0x00000247643f6000,
0x00000247643f3800, 0x00000247643f1800, 0x00000247643f7000, 0x00000247643f4800,
0x00000247643f8000, 0x00000247643f2000, 0x00000247643f8800, 0x00000247643f3000,
0x00000247643fc800, 0x00000247643f9800, 0x00000247643fc000, 0x00000247643fd800,
0x00000247643fb000, 0x0000024764400000, 0x00000247643fe800, 0x00000247643ff000,
0x00000247643fa000, 0x0000024762e55800, 0x0000024762e56000, 0x0000024762e5c000,
0x0000024762e5c800, 0x0000024762e59800, 0x0000024762e57000, 0x0000024762e5a000,
0x0000024762e5b000, 0x0000024762e5d800, 0x0000024762e57800, 0x0000024762e5e000,
0x0000024762e58800, 0x0000024762e60000, 0x0000024762e64000, 0x0000024762e62800,
0x0000024762e63000, 0x0000024762e60800, 0x0000024762e5f000, 0x0000024762e61800,
0x0000024762e7c800, 0x0000024762e7d800, 0x0000024762e7e000, 0x0000024762e7f000
}

Java Threads: ( => current thread )
  0x000002474114b000 JavaThread "main" [_thread_blocked, id=7948, stack(0x000000a3ce500000,0x000000a3ce600000)]
  0x000002475e24c800 JavaThread "Reference Handler" daemon [_thread_blocked, id=21092, stack(0x000000a3cec00000,0x000000a3ced00000)]
  0x000002475e256000 JavaThread "Finalizer" daemon [_thread_blocked, id=35524, stack(0x000000a3ced00000,0x000000a3cee00000)]
  0x000002475e2a8800 JavaThread "Signal Dispatcher" daemon [_thread_blocked, id=35496, stack(0x000000a3cee00000,0x000000a3cef00000)]
  0x000002475e2a9800 JavaThread "Attach Listener" daemon [_thread_blocked, id=5576, stack(0x000000a3cef00000,0x000000a3cf000000)]
  0x000002475e2ab000 JavaThread "Service Thread" daemon [_thread_blocked, id=35532, stack(0x000000a3cf000000,0x000000a3cf100000)]
=>0x000002475e2b5000 JavaThread "C2 CompilerThread0" daemon [_thread_in_native, id=5692, stack(0x000000a3cf100000,0x000000a3cf200000)]
  0x000002475e2b9800 JavaThread "C1 CompilerThread0" daemon [_thread_blocked, id=29996, stack(0x000000a3cf200000,0x000000a3cf300000)]
  0x000002475e2bc800 JavaThread "Sweeper thread" daemon [_thread_blocked, id=1116, stack(0x000000a3cf300000,0x000000a3cf400000)]
  0x000002475e41c000 JavaThread "Common-Cleaner" daemon [_thread_blocked, id=35484, stack(0x000000a3cf400000,0x000000a3cf500000)]
  0x000002475f561800 JavaThread "Daemon health stats" [_thread_blocked, id=18404, stack(0x000000a3cfb00000,0x000000a3cfc00000)]
  0x000002475f08c800 JavaThread "Incoming local TCP Connector on port 1244" [_thread_in_native, id=6220, stack(0x000000a3cfe00000,0x000000a3cff00000)]
  0x000002476014d800 JavaThread "Daemon periodic checks" [_thread_blocked, id=26256, stack(0x000000a3cff00000,0x000000a3d0000000)]
  0x000002476014d000 JavaThread "Daemon" [_thread_blocked, id=35592, stack(0x000000a3d0000000,0x000000a3d0100000)]
  0x000002476014e800 JavaThread "Handler for socket connection from /127.0.0.1:1244 to /127.0.0.1:1245" [_thread_in_native, id=35536, stack(0x000000a3d0100000,0x000000a3d0200000)]
  0x000002476014f800 JavaThread "Cancel handler" [_thread_blocked, id=35568, stack(0x000000a3d0200000,0x000000a3d0300000)]
  0x000002476014a800 JavaThread "Daemon worker" [_thread_in_vm, id=35576, stack(0x000000a3d0300000,0x000000a3d0400000)]
  0x0000024760150000 JavaThread "Asynchronous log dispatcher for DefaultDaemonConnection: socket connection from /127.0.0.1:1244 to /127.0.0.1:1245" [_thread_blocked, id=34916, stack(0x000000a3d0400000,0x000000a3d0500000)]
  0x0000024760151000 JavaThread "Stdin handler" [_thread_blocked, id=35572, stack(0x000000a3d0500000,0x000000a3d0600000)]
  0x000002476014b800 JavaThread "Thread-8" [_thread_blocked, id=35564, stack(0x000000a3d0600000,0x000000a3d0700000)]
  0x000002476014c000 JavaThread "Cache worker for journal cache (C:\Users\NCG\.gradle\caches\journal-1)" [_thread_blocked, id=35180, stack(0x000000a3d0700000,0x000000a3d0800000)]
  0x00000247602af000 JavaThread "File lock request listener" [_thread_in_native, id=35776, stack(0x000000a3d0800000,0x000000a3d0900000)]
  0x00000247602b2800 JavaThread "Cache worker for file hash cache (C:\Users\NCG\.gradle\caches\6.5\fileHashes)" [_thread_blocked, id=35544, stack(0x000000a3d0900000,0x000000a3d0a00000)]
  0x00000247602b0000 JavaThread "Cache worker for file hash cache (C:\Users\NCG\Downloads\Shopping Zoo\Shopping Zoo\.gradle\6.5\fileHashes)" [_thread_blocked, id=35804, stack(0x000000a3d1000000,0x000000a3d1100000)]
  0x00000247602b3000 JavaThread "jar transforms" [_thread_blocked, id=30148, stack(0x000000a3d1100000,0x000000a3d1200000)]
  0x00000247602b4000 JavaThread "jar transforms Thread 2" [_thread_blocked, id=35520, stack(0x000000a3d1200000,0x000000a3d1300000)]
  0x00000247602b0800 JavaThread "jar transforms Thread 3" [_thread_blocked, id=35656, stack(0x000000a3d1300000,0x000000a3d1400000)]
  0x00000247602b1800 JavaThread "jar transforms Thread 4" [_thread_blocked, id=35836, stack(0x000000a3d1400000,0x000000a3d1500000)]
  0x00000247602ae800 JavaThread "jar transforms Thread 5" [_thread_blocked, id=35588, stack(0x000000a3d1500000,0x000000a3d1600000)]
  0x00000247602b7800 JavaThread "jar transforms Thread 6" [_thread_blocked, id=31140, stack(0x000000a3d1600000,0x000000a3d1700000)]
  0x00000247602b8000 JavaThread "jar transforms Thread 7" [_thread_blocked, id=32484, stack(0x000000a3d1700000,0x000000a3d1800000)]
  0x00000247602b6800 JavaThread "jar transforms Thread 8" [_thread_blocked, id=34860, stack(0x000000a3d1800000,0x000000a3d1900000)]
  0x00000247602b5800 JavaThread "jar transforms Thread 9" [_thread_blocked, id=32800, stack(0x000000a3d1900000,0x000000a3d1a00000)]
  0x00000247602b9000 JavaThread "jar transforms Thread 10" [_thread_blocked, id=32812, stack(0x000000a3d1a00000,0x000000a3d1b00000)]
  0x00000247602b5000 JavaThread "jar transforms Thread 11" [_thread_blocked, id=29160, stack(0x000000a3d1b00000,0x000000a3d1c00000)]
  0x00000247602b9800 JavaThread "jar transforms Thread 12" [_thread_blocked, id=32804, stack(0x000000a3d1c00000,0x000000a3d1d00000)]
  0x00000247602ba800 JavaThread "jar transforms Thread 13" [_thread_blocked, id=27544, stack(0x000000a3d1d00000,0x000000a3d1e00000)]
  0x00000247602bb800 JavaThread "jar transforms Thread 14" [_thread_blocked, id=32820, stack(0x000000a3d1e00000,0x000000a3d1f00000)]
  0x00000247602bc000 JavaThread "jar transforms Thread 15" [_thread_blocked, id=32816, stack(0x000000a3d1f00000,0x000000a3d2000000)]
  0x00000247602bd000 JavaThread "jar transforms Thread 16" [_thread_blocked, id=24120, stack(0x000000a3d2000000,0x000000a3d2100000)]
  0x0000024760886800 JavaThread "jar transforms Thread 17" [_thread_blocked, id=35280, stack(0x000000a3d2100000,0x000000a3d2200000)]
  0x0000024760886000 JavaThread "jar transforms Thread 18" [_thread_blocked, id=34856, stack(0x000000a3d2200000,0x000000a3d2300000)]
  0x0000024760888800 JavaThread "jar transforms Thread 19" [_thread_blocked, id=35044, stack(0x000000a3d2300000,0x000000a3d2400000)]
  0x0000024760885000 JavaThread "jar transforms Thread 20" [_thread_blocked, id=35040, stack(0x000000a3d2400000,0x000000a3d2500000)]
  0x0000024760889000 JavaThread "jar transforms Thread 21" [_thread_blocked, id=35020, stack(0x000000a3d2500000,0x000000a3d2600000)]
  0x0000024760887800 JavaThread "jar transforms Thread 22" [_thread_blocked, id=35284, stack(0x000000a3d2600000,0x000000a3d2700000)]
  0x0000024760883800 JavaThread "Cache worker for checksums cache (C:\Users\NCG\Downloads\Shopping Zoo\Shopping Zoo\.gradle\checksums)" [_thread_blocked, id=35288, stack(0x000000a3d2700000,0x000000a3d2800000)]
  0x000002476088a000 JavaThread "Cache worker for cache directory md-supplier (C:\Users\NCG\.gradle\caches\6.5\md-supplier)" [_thread_blocked, id=34972, stack(0x000000a3d2800000,0x000000a3d2900000)]
  0x0000024760884000 JavaThread "Cache worker for cache directory md-rule (C:\Users\NCG\.gradle\caches\6.5\md-rule)" [_thread_blocked, id=34968, stack(0x000000a3d2900000,0x000000a3d2a00000)]
  0x000002476088b800 JavaThread "Cache worker for execution history cache (C:\Users\NCG\.gradle\caches\6.5\executionHistory)" [_thread_blocked, id=34900, stack(0x000000a3d2a00000,0x000000a3d2b00000)]
  0x000002476088e000 JavaThread "Cache worker for file content cache (C:\Users\NCG\.gradle\caches\6.5\fileContent)" [_thread_blocked, id=20540, stack(0x000000a3d2b00000,0x000000a3d2c00000)]
  0x000002476088f000 JavaThread "Cache worker for Build Output Cleanup Cache (C:\Users\NCG\Downloads\Shopping Zoo\Shopping Zoo\.gradle\buildOutputCleanup)" [_thread_blocked, id=35808, stack(0x000000a3d2c00000,0x000000a3d2d00000)]
  0x000002476088f800 JavaThread "Build operations" [_thread_blocked, id=35800, stack(0x000000a3d2d00000,0x000000a3d2e00000)]
  0x0000024760890800 JavaThread "Build operations Thread 2" [_thread_blocked, id=9820, stack(0x000000a3d2e00000,0x000000a3d2f00000)]
  0x0000024760891800 JavaThread "Build operations Thread 3" [_thread_blocked, id=24508, stack(0x000000a3d2f00000,0x000000a3d3000000)]
  0x000002476088c800 JavaThread "Build operations Thread 4" [_thread_blocked, id=16264, stack(0x000000a3d3000000,0x000000a3d3100000)]
  0x0000024762a1f800 JavaThread "Build operations Thread 5" [_thread_blocked, id=34360, stack(0x000000a3d3100000,0x000000a3d3200000)]
  0x0000024762a1b800 JavaThread "Build operations Thread 6" [_thread_blocked, id=35704, stack(0x000000a3d3200000,0x000000a3d3300000)]
  0x0000024762a20000 JavaThread "Build operations Thread 7" [_thread_blocked, id=35668, stack(0x000000a3d3300000,0x000000a3d3400000)]
  0x0000024762a22000 JavaThread "Build operations Thread 8" [_thread_blocked, id=35664, stack(0x000000a3d3400000,0x000000a3d3500000)]
  0x0000024762a1e800 JavaThread "Build operations Thread 9" [_thread_blocked, id=35660, stack(0x000000a3d3500000,0x000000a3d3600000)]
  0x0000024762a21000 JavaThread "Build operations Thread 10" [_thread_blocked, id=35824, stack(0x000000a3d3600000,0x000000a3d3700000)]
  0x0000024762a1d800 JavaThread "Build operations Thread 11" [_thread_blocked, id=34580, stack(0x000000a3d3700000,0x000000a3d3800000)]
  0x0000024762a1c000 JavaThread "Build operations Thread 12" [_thread_blocked, id=34704, stack(0x000000a3d3800000,0x000000a3d3900000)]
  0x0000024762a22800 JavaThread "jar transforms Thread 23" [_thread_blocked, id=35700, stack(0x000000a3d3900000,0x000000a3d3a00000)]
  0x0000024762a1d000 JavaThread "jar transforms Thread 24" [_thread_blocked, id=19060, stack(0x000000a3d3a00000,0x000000a3d3b00000)]
  0x0000024762a29000 JavaThread "jar transforms Thread 25" [_thread_blocked, id=28004, stack(0x000000a3d3b00000,0x000000a3d3c00000)]
  0x0000024762a27800 JavaThread "jar transforms Thread 26" [_thread_blocked, id=35828, stack(0x000000a3d3c00000,0x000000a3d3d00000)]
  0x0000024762a26000 JavaThread "jar transforms Thread 27" [_thread_blocked, id=34892, stack(0x000000a3d3d00000,0x000000a3d3e00000)]
  0x0000024762a26800 JavaThread "jar transforms Thread 28" [_thread_blocked, id=20076, stack(0x000000a3d3e00000,0x000000a3d3f00000)]
  0x0000024762a23800 JavaThread "jar transforms Thread 29" [_thread_blocked, id=35672, stack(0x000000a3d3f00000,0x000000a3d4000000)]
  0x0000024762a2a000 JavaThread "jar transforms Thread 30" [_thread_blocked, id=16748, stack(0x000000a3d4000000,0x000000a3d4100000)]
  0x0000024762a28800 JavaThread "jar transforms Thread 31" [_thread_blocked, id=35644, stack(0x000000a3d4100000,0x000000a3d4200000)]
  0x0000024762a24000 JavaThread "jar transforms Thread 32" [_thread_blocked, id=35640, stack(0x000000a3d4200000,0x000000a3d4300000)]
  0x0000024762a25000 JavaThread "jar transforms Thread 33" [_thread_blocked, id=35636, stack(0x000000a3d4300000,0x000000a3d4400000)]
  0x0000024764478000 JavaThread "jar transforms Thread 34" [_thread_blocked, id=35632, stack(0x000000a3d4400000,0x000000a3d4500000)]
  0x0000024764476800 JavaThread "jar transforms Thread 35" [_thread_blocked, id=35624, stack(0x000000a3d4500000,0x000000a3d4600000)]
  0x0000024764478800 JavaThread "jar transforms Thread 36" [_thread_blocked, id=35628, stack(0x000000a3d4600000,0x000000a3d4700000)]
  0x0000024764479800 JavaThread "jar transforms Thread 37" [_thread_blocked, id=4188, stack(0x000000a3d4700000,0x000000a3d4800000)]
  0x0000024764477000 JavaThread "jar transforms Thread 38" [_thread_blocked, id=5920, stack(0x000000a3d4800000,0x000000a3d4900000)]
  0x000002476447a800 JavaThread "jar transforms Thread 39" [_thread_blocked, id=32576, stack(0x000000a3d4900000,0x000000a3d4a00000)]
  0x000002476447d800 JavaThread "jar transforms Thread 40" [_thread_blocked, id=34928, stack(0x000000a3d4a00000,0x000000a3d4b00000)]
  0x000002476447b000 JavaThread "jar transforms Thread 41" [_thread_blocked, id=35404, stack(0x000000a3d4b00000,0x000000a3d4c00000)]
  0x0000024764480000 JavaThread "jar transforms Thread 42" [_thread_blocked, id=35600, stack(0x000000a3d4c00000,0x000000a3d4d00000)]
  0x000002476447e800 JavaThread "jar transforms Thread 43" [_thread_blocked, id=34376, stack(0x000000a3d4d00000,0x000000a3d4e00000)]
  0x000002476447f800 JavaThread "jar transforms Thread 44" [_thread_blocked, id=34600, stack(0x000000a3d4e00000,0x000000a3d4f00000)]
  0x0000024764481000 JavaThread "jar transforms Thread 45" [_thread_blocked, id=34688, stack(0x000000a3d4f00000,0x000000a3d5000000)]
  0x000002476447c000 JavaThread "jar transforms Thread 46" [_thread_blocked, id=34596, stack(0x000000a3d5000000,0x000000a3d5100000)]
  0x0000024764481800 JavaThread "jar transforms Thread 47" [_thread_blocked, id=34840, stack(0x000000a3d5100000,0x000000a3d5200000)]
  0x0000024764482800 JavaThread "jar transforms Thread 48" [_thread_blocked, id=34744, stack(0x000000a3d5200000,0x000000a3d5300000)]
  0x000002476447d000 JavaThread "jar transforms Thread 49" [_thread_blocked, id=28848, stack(0x000000a3d5300000,0x000000a3d5400000)]
  0x0000024764483800 JavaThread "jar transforms Thread 50" [_thread_blocked, id=34896, stack(0x000000a3d5400000,0x000000a3d5500000)]
  0x0000024764484000 JavaThread "jar transforms Thread 51" [_thread_blocked, id=34932, stack(0x000000a3d5500000,0x000000a3d5600000)]
  0x0000024764485000 JavaThread "jar transforms Thread 52" [_thread_blocked, id=34824, stack(0x000000a3d5600000,0x000000a3d5700000)]
  0x00000247643f5800 JavaThread "jar transforms Thread 53" [_thread_blocked, id=34576, stack(0x000000a3d5700000,0x000000a3d5800000)]
  0x00000247643f6000 JavaThread "jar transforms Thread 54" [_thread_blocked, id=33828, stack(0x000000a3d5800000,0x000000a3d5900000)]
  0x00000247643f3800 JavaThread "jar transforms Thread 55" [_thread_blocked, id=12536, stack(0x000000a3d5900000,0x000000a3d5a00000)]
  0x00000247643f1800 JavaThread "jar transforms Thread 56" [_thread_blocked, id=34380, stack(0x000000a3d5a00000,0x000000a3d5b00000)]
  0x00000247643f7000 JavaThread "jar transforms Thread 57" [_thread_blocked, id=30900, stack(0x000000a3d5b00000,0x000000a3d5c00000)]
  0x00000247643f4800 JavaThread "jar transforms Thread 58" [_thread_blocked, id=34908, stack(0x000000a3d5c00000,0x000000a3d5d00000)]
  0x00000247643f8000 JavaThread "jar transforms Thread 59" [_thread_blocked, id=35084, stack(0x000000a3d5d00000,0x000000a3d5e00000)]
  0x00000247643f2000 JavaThread "jar transforms Thread 60" [_thread_blocked, id=34828, stack(0x000000a3d5e00000,0x000000a3d5f00000)]
  0x00000247643f8800 JavaThread "jar transforms Thread 61" [_thread_blocked, id=19736, stack(0x000000a3d5f00000,0x000000a3d6000000)]
  0x00000247643f3000 JavaThread "jar transforms Thread 62" [_thread_blocked, id=16144, stack(0x000000a3d6000000,0x000000a3d6100000)]
  0x00000247643fc800 JavaThread "jar transforms Thread 63" [_thread_blocked, id=35072, stack(0x000000a3d6100000,0x000000a3d6200000)]
  0x00000247643f9800 JavaThread "jar transforms Thread 64" [_thread_blocked, id=34820, stack(0x000000a3d6200000,0x000000a3d6300000)]
  0x00000247643fc000 JavaThread "jar transforms Thread 65" [_thread_blocked, id=34384, stack(0x000000a3d6300000,0x000000a3d6400000)]
  0x00000247643fd800 JavaThread "jar transforms Thread 66" [_thread_blocked, id=34936, stack(0x000000a3d6400000,0x000000a3d6500000)]
  0x00000247643fb000 JavaThread "jar transforms Thread 67" [_thread_blocked, id=34780, stack(0x000000a3d6500000,0x000000a3d6600000)]
  0x0000024764400000 JavaThread "jar transforms Thread 68" [_thread_blocked, id=34812, stack(0x000000a3d6600000,0x000000a3d6700000)]
  0x00000247643fe800 JavaThread "jar transforms Thread 69" [_thread_blocked, id=32152, stack(0x000000a3d6700000,0x000000a3d6800000)]
  0x00000247643ff000 JavaThread "jar transforms Thread 70" [_thread_blocked, id=34624, stack(0x000000a3d6800000,0x000000a3d6900000)]
  0x00000247643fa000 JavaThread "jar transforms Thread 71" [_thread_blocked, id=35156, stack(0x000000a3d6900000,0x000000a3d6a00000)]
  0x0000024762e55800 JavaThread "jar transforms Thread 72" [_thread_blocked, id=33324, stack(0x000000a3d6a00000,0x000000a3d6b00000)]
  0x0000024762e56000 JavaThread "jar transforms Thread 73" [_thread_blocked, id=34476, stack(0x000000a3d6b00000,0x000000a3d6c00000)]
  0x0000024762e5c000 JavaThread "jar transforms Thread 74" [_thread_blocked, id=27332, stack(0x000000a3d6c00000,0x000000a3d6d00000)]
  0x0000024762e5c800 JavaThread "jar transforms Thread 75" [_thread_blocked, id=28680, stack(0x000000a3d6d00000,0x000000a3d6e00000)]
  0x0000024762e59800 JavaThread "jar transforms Thread 76" [_thread_blocked, id=27768, stack(0x000000a3d6e00000,0x000000a3d6f00000)]
  0x0000024762e57000 JavaThread "jar transforms Thread 77" [_thread_blocked, id=31556, stack(0x000000a3d6f00000,0x000000a3d7000000)]
  0x0000024762e5a000 JavaThread "jar transforms Thread 78" [_thread_blocked, id=6984, stack(0x000000a3d7000000,0x000000a3d7100000)]
  0x0000024762e5b000 JavaThread "jar transforms Thread 79" [_thread_blocked, id=23620, stack(0x000000a3d7100000,0x000000a3d7200000)]
  0x0000024762e5d800 JavaThread "jar transforms Thread 80" [_thread_blocked, id=35300, stack(0x000000a3d7200000,0x000000a3d7300000)]
  0x0000024762e57800 JavaThread "jar transforms Thread 81" [_thread_blocked, id=3624, stack(0x000000a3d7300000,0x000000a3d7400000)]
  0x0000024762e5e000 JavaThread "jar transforms Thread 82" [_thread_blocked, id=26652, stack(0x000000a3d7400000,0x000000a3d7500000)]
  0x0000024762e58800 JavaThread "jar transforms Thread 83" [_thread_blocked, id=2604, stack(0x000000a3d7500000,0x000000a3d7600000)]
  0x0000024762e60000 JavaThread "jar transforms Thread 84" [_thread_blocked, id=11956, stack(0x000000a3d7600000,0x000000a3d7700000)]
  0x0000024762e64000 JavaThread "jar transforms Thread 85" [_thread_blocked, id=34352, stack(0x000000a3d7700000,0x000000a3d7800000)]
  0x0000024762e62800 JavaThread "jar transforms Thread 86" [_thread_blocked, id=32192, stack(0x000000a3d7800000,0x000000a3d7900000)]
  0x0000024762e63000 JavaThread "jar transforms Thread 87" [_thread_blocked, id=6336, stack(0x000000a3d7900000,0x000000a3d7a00000)]
  0x0000024762e60800 JavaThread "jar transforms Thread 88" [_thread_blocked, id=34888, stack(0x000000a3d7a00000,0x000000a3d7b00000)]
  0x0000024762e5f000 JavaThread "jar transforms Thread 89" [_thread_blocked, id=5408, stack(0x000000a3d7b00000,0x000000a3d7c00000)]
  0x0000024762e61800 JavaThread "jar transforms Thread 90" [_thread_blocked, id=35752, stack(0x000000a3d7c00000,0x000000a3d7d00000)]
  0x0000024762e7c800 JavaThread "jar transforms Thread 91" [_thread_blocked, id=32452, stack(0x000000a3d7d00000,0x000000a3d7e00000)]
  0x0000024762e7d800 JavaThread "jar transforms Thread 92" [_thread_blocked, id=35736, stack(0x000000a3d7e00000,0x000000a3d7f00000)]
  0x0000024762e7e000 JavaThread "jar transforms Thread 93" [_thread_blocked, id=35712, stack(0x000000a3d7f00000,0x000000a3d8000000)]
  0x0000024762e7f000 JavaThread "jar transforms Thread 94" [_thread_blocked, id=35708, stack(0x000000a3d8000000,0x000000a3d8100000)]

Other Threads:
  0x000002475e246800 VMThread "VM Thread" [stack: 0x000000a3ceb00000,0x000000a3cec00000] [id=32600]
  0x000002475e439800 WatcherThread [stack: 0x000000a3cf500000,0x000000a3cf600000] [id=35516]
  0x0000024741164800 GCTaskThread "GC Thread#0" [stack: 0x000000a3ce600000,0x000000a3ce700000] [id=35272]
  0x000002475e935800 GCTaskThread "GC Thread#1" [stack: 0x000000a3cf600000,0x000000a3cf700000] [id=35276]
  0x000002475f114000 GCTaskThread "GC Thread#2" [stack: 0x000000a3cf700000,0x000000a3cf800000] [id=33420]
  0x000002475f114800 GCTaskThread "GC Thread#3" [stack: 0x000000a3cf800000,0x000000a3cf900000] [id=19500]
  0x000002475f182800 GCTaskThread "GC Thread#4" [stack: 0x000000a3cf900000,0x000000a3cfa00000] [id=35552]
  0x000002475f183800 GCTaskThread "GC Thread#5" [stack: 0x000000a3cfa00000,0x000000a3cfb00000] [id=24240]
  0x000002476028f000 GCTaskThread "GC Thread#6" [stack: 0x000000a3d0a00000,0x000000a3d0b00000] [id=35488]
  0x000002476039b800 GCTaskThread "GC Thread#7" [stack: 0x000000a3d0b00000,0x000000a3d0c00000] [id=35768]
  0x000002476039c000 GCTaskThread "GC Thread#8" [stack: 0x000000a3d0c00000,0x000000a3d0d00000] [id=35788]
  0x0000024760272000 GCTaskThread "GC Thread#9" [stack: 0x000000a3d0d00000,0x000000a3d0e00000] [id=35580]
  0x0000024741195000 ConcurrentGCThread "G1 Main Marker" [stack: 0x000000a3ce700000,0x000000a3ce800000] [id=35500]
  0x0000024741197000 ConcurrentGCThread "G1 Conc#0" [stack: 0x000000a3ce800000,0x000000a3ce900000] [id=35088]
  0x0000024760273800 ConcurrentGCThread "G1 Conc#1" [stack: 0x000000a3d0e00000,0x000000a3d0f00000] [id=35792]
  0x000002476037f800 ConcurrentGCThread "G1 Conc#2" [stack: 0x000000a3d0f00000,0x000000a3d1000000] [id=16036]
  0x000002474121e000 ConcurrentGCThread "G1 Refine#0" [stack: 0x000000a3ce900000,0x000000a3cea00000] [id=35452]
  0x000002475d898000 ConcurrentGCThread "G1 Young RemSet Sampling" [stack: 0x000000a3cea00000,0x000000a3ceb00000] [id=35512]

Threads with active compile tasks:
C2 CompilerThread0   7987 4676  s    4       java.util.jar.JarFile::getInputStream (72 bytes)

VM state:not at safepoint (normal execution)

VM Mutex/Monitor currently owned by a thread: None

Heap address: 0x0000000080000000, size: 2048 MB, Compressed Oops mode: 32-bit
Narrow klass base: 0x0000000000000000, Narrow klass shift: 3
Compressed class space size: 1073741824 Address: 0x0000000100000000

Heap:
 garbage-first heap   total 260096K, used 142801K [0x0000000080000000, 0x0000000100000000)
  region size 1024K, 100 young (102400K), 11 survivors (11264K)
 Metaspace       used 48335K, capacity 49689K, committed 49836K, reserved 1095680K
  class space    used 6147K, capacity 6606K, committed 6656K, reserved 1048576K
Heap Regions: E=young(eden), S=young(survivor), O=old, HS=humongous(starts), HC=humongous(continues), CS=collection set, F=free, A=archive, TAMS=top-at-mark-start (previous, next)
|   0|0x0000000080000000, 0x0000000080100000, 0x0000000080100000|100%|HS|  |TAMS 0x0000000080100000, 0x0000000080000000| Complete 
|   1|0x0000000080100000, 0x0000000080200000, 0x0000000080200000|100%|HC|  |TAMS 0x0000000080200000, 0x0000000080100000| Complete 
|   2|0x0000000080200000, 0x0000000080300000, 0x0000000080300000|100%|HS|  |TAMS 0x0000000080300000, 0x0000000080200000| Complete 
|   3|0x0000000080300000, 0x0000000080400000, 0x0000000080400000|100%|HS|  |TAMS 0x0000000080400000, 0x0000000080300000| Complete 
|   4|0x0000000080400000, 0x0000000080500000, 0x0000000080500000|100%|HC|  |TAMS 0x0000000080500000, 0x0000000080400000| Complete 
|   5|0x0000000080500000, 0x0000000080600000, 0x0000000080600000|100%|HC|  |TAMS 0x0000000080600000, 0x0000000080500000| Complete 
|   6|0x0000000080600000, 0x0000000080700000, 0x0000000080700000|100%| O|  |TAMS 0x0000000080700000, 0x0000000080600000| Untracked 
|   7|0x0000000080700000, 0x0000000080800000, 0x0000000080800000|100%| O|  |TAMS 0x0000000080800000, 0x0000000080700000| Untracked 
|   8|0x0000000080800000, 0x0000000080900000, 0x0000000080900000|100%| O|  |TAMS 0x0000000080900000, 0x0000000080800000| Untracked 
|   9|0x0000000080900000, 0x0000000080a00000, 0x0000000080a00000|100%|HS|  |TAMS 0x0000000080a00000, 0x0000000080900000| Complete 
|  10|0x0000000080a00000, 0x0000000080b00000, 0x0000000080b00000|100%|HC|  |TAMS 0x0000000080b00000, 0x0000000080a00000| Complete 
|  11|0x0000000080b00000, 0x0000000080c00000, 0x0000000080c00000|100%|HC|  |TAMS 0x0000000080c00000, 0x0000000080b00000| Complete 
|  12|0x0000000080c00000, 0x0000000080d00000, 0x0000000080d00000|100%|HS|  |TAMS 0x0000000080d00000, 0x0000000080c00000| Complete 
|  13|0x0000000080d00000, 0x0000000080e00000, 0x0000000080e00000|100%|HC|  |TAMS 0x0000000080e00000, 0x0000000080d00000| Complete 
|  14|0x0000000080e00000, 0x0000000080f00000, 0x0000000080f00000|100%|HC|  |TAMS 0x0000000080f00000, 0x0000000080e00000| Complete 
|  15|0x0000000080f00000, 0x0000000081000000, 0x0000000081000000|100%|HS|  |TAMS 0x0000000081000000, 0x0000000080f00000| Complete 
|  16|0x0000000081000000, 0x0000000081100000, 0x0000000081100000|100%|HC|  |TAMS 0x0000000081100000, 0x0000000081000000| Complete 
|  17|0x0000000081100000, 0x0000000081200000, 0x0000000081200000|100%|HC|  |TAMS 0x0000000081200000, 0x0000000081100000| Complete 
|  18|0x0000000081200000, 0x0000000081300000, 0x0000000081300000|100%|HC|  |TAMS 0x0000000081300000, 0x0000000081200000| Complete 
|  19|0x0000000081300000, 0x0000000081400000, 0x0000000081400000|100%|HC|  |TAMS 0x0000000081400000, 0x0000000081300000| Complete 
|  20|0x0000000081400000, 0x0000000081500000, 0x0000000081500000|100%| O|  |TAMS 0x0000000081500000, 0x0000000081400000| Untracked 
|  21|0x0000000081500000, 0x0000000081600000, 0x0000000081600000|100%| O|  |TAMS 0x0000000081600000, 0x0000000081500000| Untracked 
|  22|0x0000000081600000, 0x0000000081700000, 0x0000000081700000|100%| O|  |TAMS 0x0000000081700000, 0x0000000081600000| Untracked 
|  23|0x0000000081700000, 0x0000000081800000, 0x0000000081800000|100%| O|  |TAMS 0x0000000081800000, 0x0000000081700000| Untracked 
|  24|0x0000000081800000, 0x0000000081900000, 0x0000000081900000|100%| O|  |TAMS 0x0000000081900000, 0x0000000081800000| Untracked 
|  25|0x0000000081900000, 0x0000000081a00000, 0x0000000081a00000|100%| O|  |TAMS 0x0000000081a00000, 0x0000000081900000| Untracked 
|  26|0x0000000081a00000, 0x0000000081b00000, 0x0000000081b00000|100%| O|  |TAMS 0x0000000081b00000, 0x0000000081a00000| Untracked 
|  27|0x0000000081b00000, 0x0000000081c00000, 0x0000000081c00000|100%| O|  |TAMS 0x0000000081c00000, 0x0000000081b00000| Untracked 
|  28|0x0000000081c00000, 0x0000000081d00000, 0x0000000081d00000|100%| O|  |TAMS 0x0000000081cdc200, 0x0000000081c00000| Untracked 
|  29|0x0000000081d00000, 0x0000000081e00000, 0x0000000081e00000|100%|HS|  |TAMS 0x0000000081d00000, 0x0000000081d00000| Complete 
|  30|0x0000000081e00000, 0x0000000081f00000, 0x0000000081f00000|100%|HS|  |TAMS 0x0000000081e00000, 0x0000000081e00000| Complete 
|  31|0x0000000081f00000, 0x0000000082000000, 0x0000000082000000|100%|HC|  |TAMS 0x0000000081f00000, 0x0000000081f00000| Complete 
|  32|0x0000000082000000, 0x0000000082100000, 0x0000000082100000|100%|HS|  |TAMS 0x0000000082000000, 0x0000000082000000| Complete 
|  33|0x0000000082100000, 0x0000000082200000, 0x0000000082200000|100%|HC|  |TAMS 0x0000000082100000, 0x0000000082100000| Complete 
|  34|0x0000000082200000, 0x0000000082300000, 0x0000000082300000|100%|HC|  |TAMS 0x0000000082200000, 0x0000000082200000| Complete 
|  35|0x0000000082300000, 0x0000000082400000, 0x0000000082400000|100%|HC|  |TAMS 0x0000000082300000, 0x0000000082300000| Complete 
|  36|0x0000000082400000, 0x0000000082500000, 0x0000000082500000|100%| O|  |TAMS 0x0000000082400000, 0x0000000082400000| Untracked 
|  37|0x0000000082500000, 0x0000000082600000, 0x0000000082600000|100%| O|  |TAMS 0x0000000082500000, 0x0000000082500000| Untracked 
|  38|0x0000000082600000, 0x0000000082700000, 0x0000000082700000|100%| O|  |TAMS 0x0000000082600000, 0x0000000082600000| Untracked 
|  39|0x0000000082700000, 0x0000000082800000, 0x0000000082800000|100%| O|  |TAMS 0x0000000082700000, 0x0000000082700000| Untracked 
|  40|0x0000000082800000, 0x0000000082900000, 0x0000000082900000|100%| O|  |TAMS 0x0000000082800000, 0x0000000082800000| Untracked 
|  41|0x0000000082900000, 0x00000000829b8a00, 0x0000000082a00000| 72%| O|  |TAMS 0x0000000082900000, 0x0000000082900000| Untracked 
|  42|0x0000000082a00000, 0x0000000082a00000, 0x0000000082b00000|  0%| F|  |TAMS 0x0000000082a00000, 0x0000000082a00000| Untracked 
|  43|0x0000000082b00000, 0x0000000082b00000, 0x0000000082c00000|  0%| F|  |TAMS 0x0000000082b00000, 0x0000000082b00000| Untracked 
|  44|0x0000000082c00000, 0x0000000082c00000, 0x0000000082d00000|  0%| F|  |TAMS 0x0000000082c00000, 0x0000000082c00000| Untracked 
|  45|0x0000000082d00000, 0x0000000082d00000, 0x0000000082e00000|  0%| F|  |TAMS 0x0000000082d00000, 0x0000000082d00000| Untracked 
|  46|0x0000000082e00000, 0x0000000082e00000, 0x0000000082f00000|  0%| F|  |TAMS 0x0000000082e00000, 0x0000000082e00000| Untracked 
|  47|0x0000000082f00000, 0x0000000082f00000, 0x0000000083000000|  0%| F|  |TAMS 0x0000000082f00000, 0x0000000082f00000| Untracked 
|  48|0x0000000083000000, 0x0000000083000000, 0x0000000083100000|  0%| F|  |TAMS 0x0000000083000000, 0x0000000083000000| Untracked 
|  49|0x0000000083100000, 0x0000000083100000, 0x0000000083200000|  0%| F|  |TAMS 0x0000000083100000, 0x0000000083100000| Untracked 
|  50|0x0000000083200000, 0x0000000083200000, 0x0000000083300000|  0%| F|  |TAMS 0x0000000083200000, 0x0000000083200000| Untracked 
|  51|0x0000000083300000, 0x0000000083300000, 0x0000000083400000|  0%| F|  |TAMS 0x0000000083300000, 0x0000000083300000| Untracked 
|  52|0x0000000083400000, 0x0000000083400000, 0x0000000083500000|  0%| F|  |TAMS 0x0000000083400000, 0x0000000083400000| Untracked 
|  53|0x0000000083500000, 0x0000000083500000, 0x0000000083600000|  0%| F|  |TAMS 0x0000000083500000, 0x0000000083500000| Untracked 
|  54|0x0000000083600000, 0x0000000083600000, 0x0000000083700000|  0%| F|  |TAMS 0x0000000083600000, 0x0000000083600000| Untracked 
|  55|0x0000000083700000, 0x0000000083700000, 0x0000000083800000|  0%| F|  |TAMS 0x0000000083700000, 0x0000000083700000| Untracked 
|  56|0x0000000083800000, 0x0000000083800000, 0x0000000083900000|  0%| F|  |TAMS 0x0000000083800000, 0x0000000083800000| Untracked 
|  57|0x0000000083900000, 0x0000000083900000, 0x0000000083a00000|  0%| F|  |TAMS 0x0000000083900000, 0x0000000083900000| Untracked 
|  58|0x0000000083a00000, 0x0000000083a00000, 0x0000000083b00000|  0%| F|  |TAMS 0x0000000083a00000, 0x0000000083a00000| Untracked 
|  59|0x0000000083b00000, 0x0000000083b00000, 0x0000000083c00000|  0%| F|  |TAMS 0x0000000083b00000, 0x0000000083b00000| Untracked 
|  60|0x0000000083c00000, 0x0000000083c00000, 0x0000000083d00000|  0%| F|  |TAMS 0x0000000083c00000, 0x0000000083c00000| Untracked 
|  61|0x0000000083d00000, 0x0000000083d00000, 0x0000000083e00000|  0%| F|  |TAMS 0x0000000083d00000, 0x0000000083d00000| Untracked 
|  62|0x0000000083e00000, 0x0000000083e00000, 0x0000000083f00000|  0%| F|  |TAMS 0x0000000083e00000, 0x0000000083e00000| Untracked 
|  63|0x0000000083f00000, 0x0000000083f00000, 0x0000000084000000|  0%| F|  |TAMS 0x0000000083f00000, 0x0000000083f00000| Untracked 
|  64|0x0000000084000000, 0x0000000084000000, 0x0000000084100000|  0%| F|  |TAMS 0x0000000084000000, 0x0000000084000000| Untracked 
|  65|0x0000000084100000, 0x0000000084100000, 0x0000000084200000|  0%| F|  |TAMS 0x0000000084100000, 0x0000000084100000| Untracked 
|  66|0x0000000084200000, 0x0000000084200000, 0x0000000084300000|  0%| F|  |TAMS 0x0000000084200000, 0x0000000084200000| Untracked 
|  67|0x0000000084300000, 0x0000000084300000, 0x0000000084400000|  0%| F|  |TAMS 0x0000000084300000, 0x0000000084300000| Untracked 
|  68|0x0000000084400000, 0x0000000084400000, 0x0000000084500000|  0%| F|  |TAMS 0x0000000084400000, 0x0000000084400000| Untracked 
|  69|0x0000000084500000, 0x0000000084500000, 0x0000000084600000|  0%| F|  |TAMS 0x0000000084500000, 0x0000000084500000| Untracked 
|  70|0x0000000084600000, 0x0000000084600000, 0x0000000084700000|  0%| F|  |TAMS 0x0000000084600000, 0x0000000084600000| Untracked 
|  71|0x0000000084700000, 0x0000000084700000, 0x0000000084800000|  0%| F|  |TAMS 0x0000000084700000, 0x0000000084700000| Untracked 
|  72|0x0000000084800000, 0x0000000084800000, 0x0000000084900000|  0%| F|  |TAMS 0x0000000084800000, 0x0000000084800000| Untracked 
|  73|0x0000000084900000, 0x0000000084900000, 0x0000000084a00000|  0%| F|  |TAMS 0x0000000084900000, 0x0000000084900000| Untracked 
|  74|0x0000000084a00000, 0x0000000084a00000, 0x0000000084b00000|  0%| F|  |TAMS 0x0000000084a00000, 0x0000000084a00000| Untracked 
|  75|0x0000000084b00000, 0x0000000084b00000, 0x0000000084c00000|  0%| F|  |TAMS 0x0000000084b00000, 0x0000000084b00000| Untracked 
|  76|0x0000000084c00000, 0x0000000084c00000, 0x0000000084d00000|  0%| F|  |TAMS 0x0000000084c00000, 0x0000000084c00000| Untracked 
|  77|0x0000000084d00000, 0x0000000084d00000, 0x0000000084e00000|  0%| F|  |TAMS 0x0000000084d00000, 0x0000000084d00000| Untracked 
|  78|0x0000000084e00000, 0x0000000084e00000, 0x0000000084f00000|  0%| F|  |TAMS 0x0000000084e00000, 0x0000000084e00000| Untracked 
|  79|0x0000000084f00000, 0x0000000084f00000, 0x0000000085000000|  0%| F|  |TAMS 0x0000000084f00000, 0x0000000084f00000| Untracked 
|  80|0x0000000085000000, 0x0000000085000000, 0x0000000085100000|  0%| F|  |TAMS 0x0000000085000000, 0x0000000085000000| Untracked 
|  81|0x0000000085100000, 0x0000000085100000, 0x0000000085200000|  0%| F|  |TAMS 0x0000000085100000, 0x0000000085100000| Untracked 
|  82|0x0000000085200000, 0x0000000085200000, 0x0000000085300000|  0%| F|  |TAMS 0x0000000085200000, 0x0000000085200000| Untracked 
|  83|0x0000000085300000, 0x0000000085300000, 0x0000000085400000|  0%| F|  |TAMS 0x0000000085300000, 0x0000000085300000| Untracked 
|  84|0x0000000085400000, 0x0000000085400000, 0x0000000085500000|  0%| F|  |TAMS 0x0000000085400000, 0x0000000085400000| Untracked 
|  85|0x0000000085500000, 0x0000000085500000, 0x0000000085600000|  0%| F|  |TAMS 0x0000000085500000, 0x0000000085500000| Untracked 
|  86|0x0000000085600000, 0x0000000085600000, 0x0000000085700000|  0%| F|  |TAMS 0x0000000085600000, 0x0000000085600000| Untracked 
|  87|0x0000000085700000, 0x0000000085700000, 0x0000000085800000|  0%| F|  |TAMS 0x0000000085700000, 0x0000000085700000| Untracked 
|  88|0x0000000085800000, 0x0000000085800000, 0x0000000085900000|  0%| F|  |TAMS 0x0000000085800000, 0x0000000085800000| Untracked 
|  89|0x0000000085900000, 0x0000000085900000, 0x0000000085a00000|  0%| F|  |TAMS 0x0000000085900000, 0x0000000085900000| Untracked 
|  90|0x0000000085a00000, 0x0000000085a00000, 0x0000000085b00000|  0%| F|  |TAMS 0x0000000085a00000, 0x0000000085a00000| Untracked 
|  91|0x0000000085b00000, 0x0000000085b00000, 0x0000000085c00000|  0%| F|  |TAMS 0x0000000085b00000, 0x0000000085b00000| Untracked 
|  92|0x0000000085c00000, 0x0000000085c00000, 0x0000000085d00000|  0%| F|  |TAMS 0x0000000085c00000, 0x0000000085c00000| Untracked 
|  93|0x0000000085d00000, 0x0000000085d00000, 0x0000000085e00000|  0%| F|  |TAMS 0x0000000085d00000, 0x0000000085d00000| Untracked 
|  94|0x0000000085e00000, 0x0000000085e00000, 0x0000000085f00000|  0%| F|  |TAMS 0x0000000085e00000, 0x0000000085e00000| Untracked 
|  95|0x0000000085f00000, 0x0000000085f00000, 0x0000000086000000|  0%| F|  |TAMS 0x0000000085f00000, 0x0000000085f00000| Untracked 
|  96|0x0000000086000000, 0x0000000086000000, 0x0000000086100000|  0%| F|  |TAMS 0x0000000086000000, 0x0000000086000000| Untracked 
|  97|0x0000000086100000, 0x0000000086100000, 0x0000000086200000|  0%| F|  |TAMS 0x0000000086100000, 0x0000000086100000| Untracked 
|  98|0x0000000086200000, 0x0000000086200000, 0x0000000086300000|  0%| F|  |TAMS 0x0000000086200000, 0x0000000086200000| Untracked 
|  99|0x0000000086300000, 0x0000000086300000, 0x0000000086400000|  0%| F|  |TAMS 0x0000000086300000, 0x0000000086300000| Untracked 
| 100|0x0000000086400000, 0x0000000086400000, 0x0000000086500000|  0%| F|  |TAMS 0x0000000086400000, 0x0000000086400000| Untracked 
| 101|0x0000000086500000, 0x0000000086500000, 0x0000000086600000|  0%| F|  |TAMS 0x0000000086500000, 0x0000000086500000| Untracked 
| 102|0x0000000086600000, 0x0000000086600000, 0x0000000086700000|  0%| F|  |TAMS 0x0000000086600000, 0x0000000086600000| Untracked 
| 103|0x0000000086700000, 0x0000000086700000, 0x0000000086800000|  0%| F|  |TAMS 0x0000000086700000, 0x0000000086700000| Untracked 
| 104|0x0000000086800000, 0x0000000086800000, 0x0000000086900000|  0%| F|  |TAMS 0x0000000086800000, 0x0000000086800000| Untracked 
| 105|0x0000000086900000, 0x0000000086900000, 0x0000000086a00000|  0%| F|  |TAMS 0x0000000086900000, 0x0000000086900000| Untracked 
| 106|0x0000000086a00000, 0x0000000086a00000, 0x0000000086b00000|  0%| F|  |TAMS 0x0000000086a00000, 0x0000000086a00000| Untracked 
| 107|0x0000000086b00000, 0x0000000086b00000, 0x0000000086c00000|  0%| F|  |TAMS 0x0000000086b00000, 0x0000000086b00000| Untracked 
| 108|0x0000000086c00000, 0x0000000086c00000, 0x0000000086d00000|  0%| F|  |TAMS 0x0000000086c00000, 0x0000000086c00000| Untracked 
| 109|0x0000000086d00000, 0x0000000086d00000, 0x0000000086e00000|  0%| F|  |TAMS 0x0000000086d00000, 0x0000000086d00000| Untracked 
| 110|0x0000000086e00000, 0x0000000086e00000, 0x0000000086f00000|  0%| F|  |TAMS 0x0000000086e00000, 0x0000000086e00000| Untracked 
| 111|0x0000000086f00000, 0x0000000086f00000, 0x0000000087000000|  0%| F|  |TAMS 0x0000000086f00000, 0x0000000086f00000| Untracked 
| 112|0x0000000087000000, 0x0000000087000000, 0x0000000087100000|  0%| F|  |TAMS 0x0000000087000000, 0x0000000087000000| Untracked 
| 113|0x0000000087100000, 0x0000000087100000, 0x0000000087200000|  0%| F|  |TAMS 0x0000000087100000, 0x0000000087100000| Untracked 
| 114|0x0000000087200000, 0x0000000087200000, 0x0000000087300000|  0%| F|  |TAMS 0x0000000087200000, 0x0000000087200000| Untracked 
| 115|0x0000000087300000, 0x0000000087300000, 0x0000000087400000|  0%| F|  |TAMS 0x0000000087300000, 0x0000000087300000| Untracked 
| 116|0x0000000087400000, 0x0000000087400000, 0x0000000087500000|  0%| F|  |TAMS 0x0000000087400000, 0x0000000087400000| Untracked 
| 117|0x0000000087500000, 0x0000000087500000, 0x0000000087600000|  0%| F|  |TAMS 0x0000000087500000, 0x0000000087500000| Untracked 
| 118|0x0000000087600000, 0x0000000087600000, 0x0000000087700000|  0%| F|  |TAMS 0x0000000087600000, 0x0000000087600000| Untracked 
| 119|0x0000000087700000, 0x0000000087700000, 0x0000000087800000|  0%| F|  |TAMS 0x0000000087700000, 0x0000000087700000| Untracked 
| 120|0x0000000087800000, 0x0000000087800000, 0x0000000087900000|  0%| F|  |TAMS 0x0000000087800000, 0x0000000087800000| Untracked 
| 121|0x0000000087900000, 0x0000000087900000, 0x0000000087a00000|  0%| F|  |TAMS 0x0000000087900000, 0x0000000087900000| Untracked 
| 122|0x0000000087a00000, 0x0000000087a00000, 0x0000000087b00000|  0%| F|  |TAMS 0x0000000087a00000, 0x0000000087a00000| Untracked 
| 123|0x0000000087b00000, 0x0000000087b00000, 0x0000000087c00000|  0%| F|  |TAMS 0x0000000087b00000, 0x0000000087b00000| Untracked 
| 124|0x0000000087c00000, 0x0000000087c00000, 0x0000000087d00000|  0%| F|  |TAMS 0x0000000087c00000, 0x0000000087c00000| Untracked 
| 125|0x0000000087d00000, 0x0000000087d00000, 0x0000000087e00000|  0%| F|  |TAMS 0x0000000087d00000, 0x0000000087d00000| Untracked 
| 126|0x0000000087e00000, 0x0000000087e00000, 0x0000000087f00000|  0%| F|  |TAMS 0x0000000087e00000, 0x0000000087e00000| Untracked 
| 127|0x0000000087f00000, 0x0000000087f00000, 0x0000000088000000|  0%| F|  |TAMS 0x0000000087f00000, 0x0000000087f00000| Untracked 
| 128|0x0000000088000000, 0x0000000088000000, 0x0000000088100000|  0%| F|  |TAMS 0x0000000088000000, 0x0000000088000000| Untracked 
| 129|0x0000000088100000, 0x0000000088100000, 0x0000000088200000|  0%| F|  |TAMS 0x0000000088100000, 0x0000000088100000| Untracked 
| 130|0x0000000088200000, 0x0000000088200000, 0x0000000088300000|  0%| F|  |TAMS 0x0000000088200000, 0x0000000088200000| Untracked 
| 131|0x0000000088300000, 0x0000000088300000, 0x0000000088400000|  0%| F|  |TAMS 0x0000000088300000, 0x0000000088300000| Untracked 
| 132|0x0000000088400000, 0x0000000088400000, 0x0000000088500000|  0%| F|  |TAMS 0x0000000088400000, 0x0000000088400000| Untracked 
| 133|0x0000000088500000, 0x0000000088500000, 0x0000000088600000|  0%| F|  |TAMS 0x0000000088500000, 0x0000000088500000| Untracked 
| 134|0x0000000088600000, 0x0000000088600000, 0x0000000088700000|  0%| F|  |TAMS 0x0000000088600000, 0x0000000088600000| Untracked 
| 135|0x0000000088700000, 0x0000000088700000, 0x0000000088800000|  0%| F|  |TAMS 0x0000000088700000, 0x0000000088700000| Untracked 
| 136|0x0000000088800000, 0x0000000088800000, 0x0000000088900000|  0%| F|  |TAMS 0x0000000088800000, 0x0000000088800000| Untracked 
| 137|0x0000000088900000, 0x0000000088900000, 0x0000000088a00000|  0%| F|  |TAMS 0x0000000088900000, 0x0000000088900000| Untracked 
| 138|0x0000000088a00000, 0x0000000088a00000, 0x0000000088b00000|  0%| F|  |TAMS 0x0000000088a00000, 0x0000000088a00000| Untracked 
| 139|0x0000000088b00000, 0x0000000088b00000, 0x0000000088c00000|  0%| F|  |TAMS 0x0000000088b00000, 0x0000000088b00000| Untracked 
| 140|0x0000000088c00000, 0x0000000088c00000, 0x0000000088d00000|  0%| F|  |TAMS 0x0000000088c00000, 0x0000000088c00000| Untracked 
| 141|0x0000000088d00000, 0x0000000088dbbc18, 0x0000000088e00000| 73%| S|CS|TAMS 0x0000000088d00000, 0x0000000088d00000| Complete 
| 142|0x0000000088e00000, 0x0000000088f00000, 0x0000000088f00000|100%| S|CS|TAMS 0x0000000088e00000, 0x0000000088e00000| Complete 
| 143|0x0000000088f00000, 0x0000000089000000, 0x0000000089000000|100%| S|CS|TAMS 0x0000000088f00000, 0x0000000088f00000| Complete 
| 144|0x0000000089000000, 0x0000000089100000, 0x0000000089100000|100%| S|CS|TAMS 0x0000000089000000, 0x0000000089000000| Complete 
| 145|0x0000000089100000, 0x0000000089200000, 0x0000000089200000|100%| S|CS|TAMS 0x0000000089100000, 0x0000000089100000| Complete 
| 146|0x0000000089200000, 0x0000000089300000, 0x0000000089300000|100%| S|CS|TAMS 0x0000000089200000, 0x0000000089200000| Complete 
| 147|0x0000000089300000, 0x0000000089400000, 0x0000000089400000|100%| S|CS|TAMS 0x0000000089300000, 0x0000000089300000| Complete 
| 148|0x0000000089400000, 0x0000000089500000, 0x0000000089500000|100%| S|CS|TAMS 0x0000000089400000, 0x0000000089400000| Complete 
| 149|0x0000000089500000, 0x0000000089600000, 0x0000000089600000|100%| S|CS|TAMS 0x0000000089500000, 0x0000000089500000| Complete 
| 150|0x0000000089600000, 0x0000000089700000, 0x0000000089700000|100%| S|CS|TAMS 0x0000000089600000, 0x0000000089600000| Complete 
| 151|0x0000000089700000, 0x0000000089800000, 0x0000000089800000|100%| S|CS|TAMS 0x0000000089700000, 0x0000000089700000| Complete 
| 152|0x0000000089800000, 0x0000000089800000, 0x0000000089900000|  0%| F|  |TAMS 0x0000000089800000, 0x0000000089800000| Untracked 
| 153|0x0000000089900000, 0x0000000089900000, 0x0000000089a00000|  0%| F|  |TAMS 0x0000000089900000, 0x0000000089900000| Untracked 
| 154|0x0000000089a00000, 0x0000000089a00000, 0x0000000089b00000|  0%| F|  |TAMS 0x0000000089a00000, 0x0000000089a00000| Untracked 
| 155|0x0000000089b00000, 0x0000000089b00000, 0x0000000089c00000|  0%| F|  |TAMS 0x0000000089b00000, 0x0000000089b00000| Untracked 
| 156|0x0000000089c00000, 0x0000000089c00000, 0x0000000089d00000|  0%| F|  |TAMS 0x0000000089c00000, 0x0000000089c00000| Untracked 
| 157|0x0000000089d00000, 0x0000000089d00000, 0x0000000089e00000|  0%| F|  |TAMS 0x0000000089d00000, 0x0000000089d00000| Untracked 
| 158|0x0000000089e00000, 0x0000000089e00000, 0x0000000089f00000|  0%| F|  |TAMS 0x0000000089e00000, 0x0000000089e00000| Untracked 
| 159|0x0000000089f00000, 0x0000000089f00000, 0x000000008a000000|  0%| F|  |TAMS 0x0000000089f00000, 0x0000000089f00000| Untracked 
| 160|0x000000008a000000, 0x000000008a000000, 0x000000008a100000|  0%| F|  |TAMS 0x000000008a000000, 0x000000008a000000| Untracked 
| 161|0x000000008a100000, 0x000000008a100000, 0x000000008a200000|  0%| F|  |TAMS 0x000000008a100000, 0x000000008a100000| Untracked 
| 162|0x000000008a200000, 0x000000008a200000, 0x000000008a300000|  0%| F|  |TAMS 0x000000008a200000, 0x000000008a200000| Untracked 
| 163|0x000000008a300000, 0x000000008a300000, 0x000000008a400000|  0%| F|  |TAMS 0x000000008a300000, 0x000000008a300000| Untracked 
| 164|0x000000008a400000, 0x000000008a480800, 0x000000008a500000| 50%| E|  |TAMS 0x000000008a400000, 0x000000008a400000| Complete 
| 165|0x000000008a500000, 0x000000008a600000, 0x000000008a600000|100%| E|CS|TAMS 0x000000008a500000, 0x000000008a500000| Complete 
| 166|0x000000008a600000, 0x000000008a700000, 0x000000008a700000|100%| E|CS|TAMS 0x000000008a600000, 0x000000008a600000| Complete 
| 167|0x000000008a700000, 0x000000008a800000, 0x000000008a800000|100%| E|CS|TAMS 0x000000008a700000, 0x000000008a700000| Complete 
| 168|0x000000008a800000, 0x000000008a900000, 0x000000008a900000|100%| E|CS|TAMS 0x000000008a800000, 0x000000008a800000| Complete 
| 169|0x000000008a900000, 0x000000008aa00000, 0x000000008aa00000|100%| E|CS|TAMS 0x000000008a900000, 0x000000008a900000| Complete 
| 170|0x000000008aa00000, 0x000000008ab00000, 0x000000008ab00000|100%| E|CS|TAMS 0x000000008aa00000, 0x000000008aa00000| Complete 
| 171|0x000000008ab00000, 0x000000008ac00000, 0x000000008ac00000|100%| E|CS|TAMS 0x000000008ab00000, 0x000000008ab00000| Complete 
| 172|0x000000008ac00000, 0x000000008ad00000, 0x000000008ad00000|100%| E|CS|TAMS 0x000000008ac00000, 0x000000008ac00000| Complete 
| 173|0x000000008ad00000, 0x000000008ae00000, 0x000000008ae00000|100%| E|CS|TAMS 0x000000008ad00000, 0x000000008ad00000| Complete 
| 174|0x000000008ae00000, 0x000000008af00000, 0x000000008af00000|100%| E|CS|TAMS 0x000000008ae00000, 0x000000008ae00000| Complete 
| 175|0x000000008af00000, 0x000000008b000000, 0x000000008b000000|100%| E|CS|TAMS 0x000000008af00000, 0x000000008af00000| Complete 
| 176|0x000000008b000000, 0x000000008b100000, 0x000000008b100000|100%| E|CS|TAMS 0x000000008b000000, 0x000000008b000000| Complete 
| 177|0x000000008b100000, 0x000000008b200000, 0x000000008b200000|100%| E|CS|TAMS 0x000000008b100000, 0x000000008b100000| Complete 
| 178|0x000000008b200000, 0x000000008b300000, 0x000000008b300000|100%| E|CS|TAMS 0x000000008b200000, 0x000000008b200000| Complete 
| 179|0x000000008b300000, 0x000000008b400000, 0x000000008b400000|100%| E|CS|TAMS 0x000000008b300000, 0x000000008b300000| Complete 
| 180|0x000000008b400000, 0x000000008b500000, 0x000000008b500000|100%| E|CS|TAMS 0x000000008b400000, 0x000000008b400000| Complete 
| 181|0x000000008b500000, 0x000000008b600000, 0x000000008b600000|100%| E|CS|TAMS 0x000000008b500000, 0x000000008b500000| Complete 
| 182|0x000000008b600000, 0x000000008b700000, 0x000000008b700000|100%| E|CS|TAMS 0x000000008b600000, 0x000000008b600000| Complete 
| 183|0x000000008b700000, 0x000000008b800000, 0x000000008b800000|100%| E|CS|TAMS 0x000000008b700000, 0x000000008b700000| Complete 
| 184|0x000000008b800000, 0x000000008b900000, 0x000000008b900000|100%| E|CS|TAMS 0x000000008b800000, 0x000000008b800000| Complete 
| 185|0x000000008b900000, 0x000000008ba00000, 0x000000008ba00000|100%| E|CS|TAMS 0x000000008b900000, 0x000000008b900000| Complete 
| 186|0x000000008ba00000, 0x000000008bb00000, 0x000000008bb00000|100%| E|CS|TAMS 0x000000008ba00000, 0x000000008ba00000| Complete 
| 187|0x000000008bb00000, 0x000000008bc00000, 0x000000008bc00000|100%| E|CS|TAMS 0x000000008bb00000, 0x000000008bb00000| Complete 
| 188|0x000000008bc00000, 0x000000008bd00000, 0x000000008bd00000|100%| E|CS|TAMS 0x000000008bc00000, 0x000000008bc00000| Complete 
| 189|0x000000008bd00000, 0x000000008be00000, 0x000000008be00000|100%| E|  |TAMS 0x000000008bd00000, 0x000000008bd00000| Complete 
| 190|0x000000008be00000, 0x000000008bf00000, 0x000000008bf00000|100%| E|CS|TAMS 0x000000008be00000, 0x000000008be00000| Complete 
| 191|0x000000008bf00000, 0x000000008c000000, 0x000000008c000000|100%| E|CS|TAMS 0x000000008bf00000, 0x000000008bf00000| Complete 
| 192|0x000000008c000000, 0x000000008c100000, 0x000000008c100000|100%| E|CS|TAMS 0x000000008c000000, 0x000000008c000000| Complete 
| 193|0x000000008c100000, 0x000000008c200000, 0x000000008c200000|100%| E|CS|TAMS 0x000000008c100000, 0x000000008c100000| Complete 
| 194|0x000000008c200000, 0x000000008c300000, 0x000000008c300000|100%| E|CS|TAMS 0x000000008c200000, 0x000000008c200000| Complete 
| 195|0x000000008c300000, 0x000000008c400000, 0x000000008c400000|100%| E|CS|TAMS 0x000000008c300000, 0x000000008c300000| Complete 
| 196|0x000000008c400000, 0x000000008c500000, 0x000000008c500000|100%| E|CS|TAMS 0x000000008c400000, 0x000000008c400000| Complete 
| 197|0x000000008c500000, 0x000000008c600000, 0x000000008c600000|100%| E|CS|TAMS 0x000000008c500000, 0x000000008c500000| Complete 
| 198|0x000000008c600000, 0x000000008c700000, 0x000000008c700000|100%| E|CS|TAMS 0x000000008c600000, 0x000000008c600000| Complete 
| 199|0x000000008c700000, 0x000000008c800000, 0x000000008c800000|100%| E|CS|TAMS 0x000000008c700000, 0x000000008c700000| Complete 
| 200|0x000000008c800000, 0x000000008c900000, 0x000000008c900000|100%| E|CS|TAMS 0x000000008c800000, 0x000000008c800000| Complete 
| 201|0x000000008c900000, 0x000000008ca00000, 0x000000008ca00000|100%| E|CS|TAMS 0x000000008c900000, 0x000000008c900000| Complete 
| 202|0x000000008ca00000, 0x000000008cb00000, 0x000000008cb00000|100%| E|CS|TAMS 0x000000008ca00000, 0x000000008ca00000| Complete 
| 203|0x000000008cb00000, 0x000000008cc00000, 0x000000008cc00000|100%| E|CS|TAMS 0x000000008cb00000, 0x000000008cb00000| Complete 
| 204|0x000000008cc00000, 0x000000008cd00000, 0x000000008cd00000|100%| E|CS|TAMS 0x000000008cc00000, 0x000000008cc00000| Complete 
| 205|0x000000008cd00000, 0x000000008ce00000, 0x000000008ce00000|100%| E|CS|TAMS 0x000000008cd00000, 0x000000008cd00000| Complete 
| 206|0x000000008ce00000, 0x000000008cf00000, 0x000000008cf00000|100%| E|CS|TAMS 0x000000008ce00000, 0x000000008ce00000| Complete 
| 207|0x000000008cf00000, 0x000000008d000000, 0x000000008d000000|100%| E|CS|TAMS 0x000000008cf00000, 0x000000008cf00000| Complete 
| 208|0x000000008d000000, 0x000000008d100000, 0x000000008d100000|100%| E|CS|TAMS 0x000000008d000000, 0x000000008d000000| Complete 
| 209|0x000000008d100000, 0x000000008d200000, 0x000000008d200000|100%| E|CS|TAMS 0x000000008d100000, 0x000000008d100000| Complete 
| 210|0x000000008d200000, 0x000000008d300000, 0x000000008d300000|100%| E|CS|TAMS 0x000000008d200000, 0x000000008d200000| Complete 
| 211|0x000000008d300000, 0x000000008d400000, 0x000000008d400000|100%| E|CS|TAMS 0x000000008d300000, 0x000000008d300000| Complete 
| 212|0x000000008d400000, 0x000000008d500000, 0x000000008d500000|100%| E|CS|TAMS 0x000000008d400000, 0x000000008d400000| Complete 
| 213|0x000000008d500000, 0x000000008d600000, 0x000000008d600000|100%| E|CS|TAMS 0x000000008d500000, 0x000000008d500000| Complete 
| 214|0x000000008d600000, 0x000000008d700000, 0x000000008d700000|100%| E|CS|TAMS 0x000000008d600000, 0x000000008d600000| Complete 
| 215|0x000000008d700000, 0x000000008d800000, 0x000000008d800000|100%| E|CS|TAMS 0x000000008d700000, 0x000000008d700000| Complete 
| 216|0x000000008d800000, 0x000000008d900000, 0x000000008d900000|100%| E|CS|TAMS 0x000000008d800000, 0x000000008d800000| Complete 
| 217|0x000000008d900000, 0x000000008da00000, 0x000000008da00000|100%| E|CS|TAMS 0x000000008d900000, 0x000000008d900000| Complete 
| 218|0x000000008da00000, 0x000000008db00000, 0x000000008db00000|100%| E|CS|TAMS 0x000000008da00000, 0x000000008da00000| Complete 
| 219|0x000000008db00000, 0x000000008dc00000, 0x000000008dc00000|100%| E|CS|TAMS 0x000000008db00000, 0x000000008db00000| Complete 
| 220|0x000000008dc00000, 0x000000008dd00000, 0x000000008dd00000|100%| E|CS|TAMS 0x000000008dc00000, 0x000000008dc00000| Complete 
| 221|0x000000008dd00000, 0x000000008de00000, 0x000000008de00000|100%| E|CS|TAMS 0x000000008dd00000, 0x000000008dd00000| Complete 
| 222|0x000000008de00000, 0x000000008df00000, 0x000000008df00000|100%| E|CS|TAMS 0x000000008de00000, 0x000000008de00000| Complete 
| 223|0x000000008df00000, 0x000000008e000000, 0x000000008e000000|100%| E|CS|TAMS 0x000000008df00000, 0x000000008df00000| Complete 
| 224|0x000000008e000000, 0x000000008e100000, 0x000000008e100000|100%| E|CS|TAMS 0x000000008e000000, 0x000000008e000000| Complete 
| 225|0x000000008e100000, 0x000000008e200000, 0x000000008e200000|100%| E|CS|TAMS 0x000000008e100000, 0x000000008e100000| Complete 
| 226|0x000000008e200000, 0x000000008e300000, 0x000000008e300000|100%| E|CS|TAMS 0x000000008e200000, 0x000000008e200000| Complete 
| 227|0x000000008e300000, 0x000000008e400000, 0x000000008e400000|100%| E|CS|TAMS 0x000000008e300000, 0x000000008e300000| Complete 
| 228|0x000000008e400000, 0x000000008e500000, 0x000000008e500000|100%| E|CS|TAMS 0x000000008e400000, 0x000000008e400000| Complete 
| 229|0x000000008e500000, 0x000000008e600000, 0x000000008e600000|100%| E|CS|TAMS 0x000000008e500000, 0x000000008e500000| Complete 
| 230|0x000000008e600000, 0x000000008e700000, 0x000000008e700000|100%| E|CS|TAMS 0x000000008e600000, 0x000000008e600000| Complete 
| 231|0x000000008e700000, 0x000000008e800000, 0x000000008e800000|100%| E|CS|TAMS 0x000000008e700000, 0x000000008e700000| Complete 
| 232|0x000000008e800000, 0x000000008e900000, 0x000000008e900000|100%| E|CS|TAMS 0x000000008e800000, 0x000000008e800000| Complete 
| 233|0x000000008e900000, 0x000000008ea00000, 0x000000008ea00000|100%| E|CS|TAMS 0x000000008e900000, 0x000000008e900000| Complete 
| 234|0x000000008ea00000, 0x000000008eb00000, 0x000000008eb00000|100%| E|CS|TAMS 0x000000008ea00000, 0x000000008ea00000| Complete 
| 235|0x000000008eb00000, 0x000000008ec00000, 0x000000008ec00000|100%| E|CS|TAMS 0x000000008eb00000, 0x000000008eb00000| Complete 
| 236|0x000000008ec00000, 0x000000008ed00000, 0x000000008ed00000|100%| E|CS|TAMS 0x000000008ec00000, 0x000000008ec00000| Complete 
| 237|0x000000008ed00000, 0x000000008ee00000, 0x000000008ee00000|100%| E|CS|TAMS 0x000000008ed00000, 0x000000008ed00000| Complete 
| 238|0x000000008ee00000, 0x000000008ef00000, 0x000000008ef00000|100%| E|CS|TAMS 0x000000008ee00000, 0x000000008ee00000| Complete 
| 239|0x000000008ef00000, 0x000000008f000000, 0x000000008f000000|100%| E|CS|TAMS 0x000000008ef00000, 0x000000008ef00000| Complete 
| 240|0x000000008f000000, 0x000000008f100000, 0x000000008f100000|100%| E|CS|TAMS 0x000000008f000000, 0x000000008f000000| Complete 
| 241|0x000000008f100000, 0x000000008f200000, 0x000000008f200000|100%| E|CS|TAMS 0x000000008f100000, 0x000000008f100000| Complete 
| 242|0x000000008f200000, 0x000000008f300000, 0x000000008f300000|100%| E|CS|TAMS 0x000000008f200000, 0x000000008f200000| Complete 
| 243|0x000000008f300000, 0x000000008f400000, 0x000000008f400000|100%| E|CS|TAMS 0x000000008f300000, 0x000000008f300000| Complete 
| 244|0x000000008f400000, 0x000000008f500000, 0x000000008f500000|100%| E|CS|TAMS 0x000000008f400000, 0x000000008f400000| Complete 
| 245|0x000000008f500000, 0x000000008f600000, 0x000000008f600000|100%| E|CS|TAMS 0x000000008f500000, 0x000000008f500000| Complete 
| 246|0x000000008f600000, 0x000000008f700000, 0x000000008f700000|100%| E|CS|TAMS 0x000000008f600000, 0x000000008f600000| Complete 
| 247|0x000000008f700000, 0x000000008f800000, 0x000000008f800000|100%| E|CS|TAMS 0x000000008f700000, 0x000000008f700000| Complete 
| 248|0x000000008f800000, 0x000000008f900000, 0x000000008f900000|100%| E|CS|TAMS 0x000000008f800000, 0x000000008f800000| Complete 
| 249|0x000000008f900000, 0x000000008fa00000, 0x000000008fa00000|100%| E|CS|TAMS 0x000000008f900000, 0x000000008f900000| Complete 
| 250|0x000000008fa00000, 0x000000008fb00000, 0x000000008fb00000|100%| E|CS|TAMS 0x000000008fa00000, 0x000000008fa00000| Complete 
| 251|0x000000008fb00000, 0x000000008fc00000, 0x000000008fc00000|100%| E|CS|TAMS 0x000000008fb00000, 0x000000008fb00000| Complete 
| 252|0x000000008fc00000, 0x000000008fd00000, 0x000000008fd00000|100%| E|CS|TAMS 0x000000008fc00000, 0x000000008fc00000| Complete 
| 253|0x000000008fd00000, 0x000000008fe00000, 0x000000008fe00000|100%| E|CS|TAMS 0x000000008fd00000, 0x000000008fd00000| Complete 

Card table byte_map: [0x00000247564c0000,0x00000247568c0000] _byte_map_base: 0x00000247560c0000

Marking Bits (Prev, Next): (CMBitMap*) 0x000002474118c1e8, (CMBitMap*) 0x000002474118c220
 Prev Bits: [0x0000024756cc0000, 0x0000024758cc0000)
 Next Bits: [0x0000024758cc0000, 0x000002475acc0000)

Polling page: 0x0000024741220000

Metaspace:

Usage:
  Non-class:     42.14 MB capacity,    41.24 MB ( 98%) used,   800.50 KB (  2%) free+waste,   113.81 KB ( <1%) overhead. 
      Class:      6.48 MB capacity,     6.01 MB ( 93%) used,   429.11 KB (  6%) free+waste,    55.25 KB ( <1%) overhead. 
       Both:     48.62 MB capacity,    47.26 MB ( 97%) used,     1.20 MB (  2%) free+waste,   169.06 KB ( <1%) overhead. 

Virtual space:
  Non-class space:       46.00 MB reserved,      42.17 MB ( 92%) committed 
      Class space:        1.00 GB reserved,       6.50 MB ( <1%) committed 
             Both:        1.04 GB reserved,      48.67 MB (  5%) committed 

Chunk freelists:
   Non-Class:  31.00 KB
       Class:  17.00 KB
        Both:  48.00 KB

MaxMetaspaceSize: 17179869184.00 GB
CompressedClassSpaceSize: 1.00 GB
Initial GC threshold: 20.80 MB
Current GC threshold: 58.41 MB
CDS: off

CodeHeap 'non-profiled nmethods': size=120000Kb used=1961Kb max_used=1961Kb free=118038Kb
 bounds [0x000002474df10000, 0x000002474e180000, 0x0000024755440000]
CodeHeap 'profiled nmethods': size=120000Kb used=9727Kb max_used=9727Kb free=110272Kb
 bounds [0x00000247469e0000, 0x0000024747360000, 0x000002474df10000]
CodeHeap 'non-nmethods': size=5760Kb used=2280Kb max_used=2310Kb free=3480Kb
 bounds [0x0000024746440000, 0x00000247466b0000, 0x00000247469e0000]
 total_blobs=5425 nmethods=4649 adapters=687
 compilation: enabled
              stopped_count=0, restarted_count=0
 full_count=0

Compilation events (20 events):
Event: 7.908 Thread 0x000002475e2b9800 4685       3       com.google.common.collect.AbstractIndexedListIterator::hasNext (17 bytes)
Event: 7.908 Thread 0x000002475e2b9800 nmethod 4685 0x0000024747346890 code [0x0000024747346a40, 0x0000024747346b98]
Event: 7.908 Thread 0x000002475e2b9800 4684       1       com.google.common.collect.ImmutableEntry::getKey (5 bytes)
Event: 7.908 Thread 0x000002475e2b9800 nmethod 4684 0x000002474e0f8b90 code [0x000002474e0f8d40, 0x000002474e0f8df8]
Event: 7.925 Thread 0x000002475e2b9800 4688       3       java.util.regex.Pattern::has (15 bytes)
Event: 7.925 Thread 0x000002475e2b9800 nmethod 4688 0x0000024747346c10 code [0x0000024747346dc0, 0x0000024747346f18]
Event: 7.928 Thread 0x000002475e2b9800 4691       3       java.lang.invoke.InnerClassLambdaMetafactory::<init> (240 bytes)
Event: 7.931 Thread 0x000002475e2b9800 nmethod 4691 0x0000024747346f90 code [0x0000024747347400, 0x00000247473494f8]
Event: 7.934 Thread 0x000002475e2b9800 4692       1       com.google.common.collect.RegularImmutableList::internalArray (5 bytes)
Event: 7.934 Thread 0x000002475e2b9800 nmethod 4692 0x000002474e0f8e90 code [0x000002474e0f9040, 0x000002474e0f90f8]
Event: 7.934 Thread 0x000002475e2b9800 4693       1       com.google.common.collect.RegularImmutableList::internalArrayStart (2 bytes)
Event: 7.934 Thread 0x000002475e2b9800 nmethod 4693 0x000002474e0f9190 code [0x000002474e0f9340, 0x000002474e0f93f8]
Event: 7.934 Thread 0x000002475e2b9800 4694       1       com.google.common.collect.RegularImmutableList::internalArrayEnd (5 bytes)
Event: 7.934 Thread 0x000002475e2b9800 nmethod 4694 0x000002474e0f9490 code [0x000002474e0f9640, 0x000002474e0f96f8]
Event: 7.943 Thread 0x000002475e2b9800 4696       3       com.google.common.util.concurrent.AbstractFuture::complete (104 bytes)
Event: 7.944 Thread 0x000002475e2b9800 nmethod 4696 0x000002474734a010 code [0x000002474734a240, 0x000002474734aa58]
Event: 7.944 Thread 0x000002475e2b9800 4697       3       com.google.common.cache.LocalCache::get (21 bytes)
Event: 7.945 Thread 0x000002475e2b9800 nmethod 4697 0x000002474734ad10 code [0x000002474734af40, 0x000002474734b4b8]
Event: 7.945 Thread 0x000002475e2b9800 4698   !   3       com.google.common.cache.LocalCache$Segment::get (210 bytes)
Event: 7.950 Thread 0x000002475e2b9800 nmethod 4698 0x000002474734b790 code [0x000002474734bca0, 0x000002474734e5d8]

GC Heap History (10 events):
Event: 0.874 GC heap before
{Heap before GC invocations=0 (full 0):
 garbage-first heap   total 260096K, used 29696K [0x0000000080000000, 0x0000000100000000)
  region size 1024K, 24 young (24576K), 0 survivors (0K)
 Metaspace       used 10442K, capacity 10660K, committed 10880K, reserved 1058816K
  class space    used 1084K, capacity 1132K, committed 1152K, reserved 1048576K
}
Event: 0.878 GC heap after
{Heap after GC invocations=1 (full 0):
 garbage-first heap   total 260096K, used 8559K [0x0000000080000000, 0x0000000100000000)
  region size 1024K, 3 young (3072K), 3 survivors (3072K)
 Metaspace       used 10442K, capacity 10660K, committed 10880K, reserved 1058816K
  class space    used 1084K, capacity 1132K, committed 1152K, reserved 1048576K
}
Event: 3.355 GC heap before
{Heap before GC invocations=1 (full 0):
 garbage-first heap   total 260096K, used 88431K [0x0000000080000000, 0x0000000100000000)
  region size 1024K, 82 young (83968K), 3 survivors (3072K)
 Metaspace       used 20643K, capacity 21107K, committed 21248K, reserved 1069056K
  class space    used 2395K, capacity 2553K, committed 2560K, reserved 1048576K
}
Event: 3.364 GC heap after
{Heap after GC invocations=2 (full 0):
 garbage-first heap   total 260096K, used 15597K [0x0000000080000000, 0x0000000100000000)
  region size 1024K, 10 young (10240K), 10 survivors (10240K)
 Metaspace       used 20643K, capacity 21107K, committed 21248K, reserved 1069056K
  class space    used 2395K, capacity 2553K, committed 2560K, reserved 1048576K
}
Event: 4.240 GC heap before
{Heap before GC invocations=3 (full 0):
 garbage-first heap   total 260096K, used 82157K [0x0000000080000000, 0x0000000100000000)
  region size 1024K, 62 young (63488K), 10 survivors (10240K)
 Metaspace       used 26181K, capacity 26927K, committed 27136K, reserved 1073152K
  class space    used 3291K, capacity 3542K, committed 3584K, reserved 1048576K
}
Event: 4.248 GC heap after
{Heap after GC invocations=4 (full 0):
 garbage-first heap   total 260096K, used 36040K [0x0000000080000000, 0x0000000100000000)
  region size 1024K, 7 young (7168K), 7 survivors (7168K)
 Metaspace       used 26181K, capacity 26927K, committed 27136K, reserved 1073152K
  class space    used 3291K, capacity 3542K, committed 3584K, reserved 1048576K
}
Event: 5.172 GC heap before
{Heap before GC invocations=4 (full 0):
 garbage-first heap   total 260096K, used 86216K [0x0000000080000000, 0x0000000100000000)
  region size 1024K, 57 young (58368K), 7 survivors (7168K)
 Metaspace       used 34637K, capacity 35447K, committed 35628K, reserved 1081344K
  class space    used 4367K, capacity 4653K, committed 4736K, reserved 1048576K
}
Event: 5.181 GC heap after
{Heap after GC invocations=5 (full 0):
 garbage-first heap   total 260096K, used 38981K [0x0000000080000000, 0x0000000100000000)
  region size 1024K, 10 young (10240K), 10 survivors (10240K)
 Metaspace       used 34637K, capacity 35447K, committed 35628K, reserved 1081344K
  class space    used 4367K, capacity 4653K, committed 4736K, reserved 1048576K
}
Event: 6.688 GC heap before
{Heap before GC invocations=6 (full 0):
 garbage-first heap   total 260096K, used 139333K [0x0000000080000000, 0x0000000100000000)
  region size 1024K, 102 young (104448K), 10 survivors (10240K)
 Metaspace       used 43451K, capacity 44569K, committed 44716K, reserved 1087488K
  class space    used 5483K, capacity 5866K, committed 5888K, reserved 1048576K
}
Event: 6.697 GC heap after
{Heap after GC invocations=7 (full 0):
 garbage-first heap   total 260096K, used 50641K [0x0000000080000000, 0x0000000100000000)
  region size 1024K, 11 young (11264K), 11 survivors (11264K)
 Metaspace       used 43451K, capacity 44569K, committed 44716K, reserved 1087488K
  class space    used 5483K, capacity 5866K, committed 5888K, reserved 1048576K
}

Deoptimization events (20 events):
Event: 7.475 Thread 0x000002476014a800 DEOPT PACKING pc=0x000002474709ac04 sp=0x000000a3d03ebe20
Event: 7.475 Thread 0x000002476014a800 DEOPT UNPACKING pc=0x000002474648a95e sp=0x000000a3d03eb410 mode 0
Event: 7.519 Thread 0x000002476014a800 DEOPT PACKING pc=0x000002474709ac04 sp=0x000000a3d03ebe20
Event: 7.519 Thread 0x000002476014a800 DEOPT UNPACKING pc=0x000002474648a95e sp=0x000000a3d03eb410 mode 0
Event: 7.538 Thread 0x000002476014a800 DEOPT PACKING pc=0x000002474709ac04 sp=0x000000a3d03ebe20
Event: 7.538 Thread 0x000002476014a800 DEOPT UNPACKING pc=0x000002474648a95e sp=0x000000a3d03eb410 mode 0
Event: 7.568 Thread 0x000002476014a800 DEOPT PACKING pc=0x000002474709ac04 sp=0x000000a3d03ebcf0
Event: 7.568 Thread 0x000002476014a800 DEOPT UNPACKING pc=0x000002474648a95e sp=0x000000a3d03eb2e0 mode 0
Event: 7.902 Thread 0x000002476014a800 Uncommon trap: trap_request=0xffffff4d fr.pc=0x000002474e008048 relative=0x00000000000006c8
Event: 7.902 Thread 0x000002476014a800 Uncommon trap: reason=unstable_if action=reinterpret pc=0x000002474e008048 method=java.io.BufferedInputStream.read1([BII)I @ 22 c2
Event: 7.902 Thread 0x000002476014a800 DEOPT PACKING pc=0x000002474e008048 sp=0x000000a3d03f8680
Event: 7.902 Thread 0x000002476014a800 DEOPT UNPACKING pc=0x000002474648a1af sp=0x000000a3d03f85a8 mode 2
Event: 7.902 Thread 0x000002476014a800 Uncommon trap: trap_request=0xffffff4d fr.pc=0x000002474e00a4a4 relative=0x0000000000000164
Event: 7.902 Thread 0x000002476014a800 Uncommon trap: reason=unstable_if action=reinterpret pc=0x000002474e00a4a4 method=java.io.BufferedInputStream.read1([BII)I @ 22 c2
Event: 7.902 Thread 0x000002476014a800 DEOPT PACKING pc=0x000002474e00a4a4 sp=0x000000a3d03f85e0
Event: 7.902 Thread 0x000002476014a800 DEOPT UNPACKING pc=0x000002474648a1af sp=0x000000a3d03f8598 mode 2
Event: 7.904 Thread 0x000002476014a800 Uncommon trap: trap_request=0xffffff4d fr.pc=0x000002474e07c574 relative=0x0000000000000054
Event: 7.904 Thread 0x000002476014a800 Uncommon trap: reason=unstable_if action=reinterpret pc=0x000002474e07c574 method=java.util.regex.Pattern.has(I)Z @ 6 c2
Event: 7.904 Thread 0x000002476014a800 DEOPT PACKING pc=0x000002474e07c574 sp=0x000000a3d03f7b20
Event: 7.904 Thread 0x000002476014a800 DEOPT UNPACKING pc=0x000002474648a1af sp=0x000000a3d03f7ab0 mode 2

Classes redefined (0 events):
No events

Internal exceptions (20 events):
Event: 7.599 Thread 0x000002476014a800 Exception <a 'java/lang/ClassNotFoundException'{0x000000008b9772d0}: org/gradle/api/internal/artifacts/repositories/AbstractResolutionAwareArtifactRepositoryCustomizer> (0x000000008b9772d0) thrown at [./src/hotspot/share/classfile/systemDictionary.cpp, line 231]
Event: 7.600 Thread 0x000002476014a800 Exception <a 'java/lang/ClassNotFoundException'{0x000000008b9c3b40}: org/gradle/api/internal/artifacts/repositories/AbstractAuthenticationSupportedRepositoryCustomizer> (0x000000008b9c3b40) thrown at [./src/hotspot/share/classfile/systemDictionary.cpp, line 231]
Event: 7.602 Thread 0x000002476014a800 Exception <a 'java/lang/ClassNotFoundException'{0x000000008b813738}: org/gradle/api/internal/artifacts/repositories/DefaultMavenArtifactRepositoryCustomizer> (0x000000008b813738) thrown at [./src/hotspot/share/classfile/systemDictionary.cpp, line 231]
Event: 7.604 Thread 0x000002476014a800 Exception <a 'java/lang/ClassNotFoundException'{0x000000008b86a9a8}: org/gradle/api/internal/artifacts/repositories/DefaultMavenArtifactRepository_DecoratedCustomizer> (0x000000008b86a9a8) thrown at [./src/hotspot/share/classfile/systemDictionary.cpp, line 231]
Event: 7.642 Thread 0x000002476014a800 Exception <a 'java/lang/ClassNotFoundException'{0x000000008b653130}: org/gradle/api/tasks/Delete_DecoratedBeanInfo> (0x000000008b653130) thrown at [./src/hotspot/share/classfile/systemDictionary.cpp, line 231]
Event: 7.643 Thread 0x000002476014a800 Exception <a 'java/lang/ClassNotFoundException'{0x000000008b674318}: org/gradle/api/tasks/DeleteBeanInfo> (0x000000008b674318) thrown at [./src/hotspot/share/classfile/systemDictionary.cpp, line 231]
Event: 7.644 Thread 0x000002476014a800 Exception <a 'java/lang/ClassNotFoundException'{0x000000008b697ad0}: org/gradle/api/internal/ConventionTaskBeanInfo> (0x000000008b697ad0) thrown at [./src/hotspot/share/classfile/systemDictionary.cpp, line 231]
Event: 7.645 Thread 0x000002476014a800 Exception <a 'java/lang/ClassNotFoundException'{0x000000008b6b80e0}: org/gradle/api/DefaultTaskBeanInfo> (0x000000008b6b80e0) thrown at [./src/hotspot/share/classfile/systemDictionary.cpp, line 231]
Event: 7.645 Thread 0x000002476014a800 Exception <a 'java/lang/ClassNotFoundException'{0x000000008b6db3f0}: org/gradle/api/internal/AbstractTaskBeanInfo> (0x000000008b6db3f0) thrown at [./src/hotspot/share/classfile/systemDictionary.cpp, line 231]
Event: 7.646 Thread 0x000002476014a800 Exception <a 'java/lang/ClassNotFoundException'{0x000000008b6fe8c8}: org/gradle/api/internal/AbstractTaskCustomizer> (0x000000008b6fe8c8) thrown at [./src/hotspot/share/classfile/systemDictionary.cpp, line 231]
Event: 7.649 Thread 0x000002476014a800 Exception <a 'java/lang/ClassNotFoundException'{0x000000008b5624f0}: org/gradle/api/DefaultTaskCustomizer> (0x000000008b5624f0) thrown at [./src/hotspot/share/classfile/systemDictionary.cpp, line 231]
Event: 7.651 Thread 0x000002476014a800 Exception <a 'java/lang/ClassNotFoundException'{0x000000008b591cd0}: org/gradle/api/internal/ConventionTaskCustomizer> (0x000000008b591cd0) thrown at [./src/hotspot/share/classfile/systemDictionary.cpp, line 231]
Event: 7.652 Thread 0x000002476014a800 Exception <a 'java/lang/ClassNotFoundException'{0x000000008b5c1cc8}: org/gradle/api/tasks/DeleteCustomizer> (0x000000008b5c1cc8) thrown at [./src/hotspot/share/classfile/systemDictionary.cpp, line 231]
Event: 7.653 Thread 0x000002476014a800 Exception <a 'java/lang/ClassNotFoundException'{0x000000008b5f80a0}: org/gradle/api/tasks/Delete_DecoratedCustomizer> (0x000000008b5f80a0) thrown at [./src/hotspot/share/classfile/systemDictionary.cpp, line 231]
Event: 7.682 Thread 0x000002476014a800 Exception <a 'java/lang/ClassNotFoundException'{0x000000008b4feb28}: build_phpxqmfcbcgdmpebkku7q4b2BeanInfo> (0x000000008b4feb28) thrown at [./src/hotspot/share/classfile/systemDictionary.cpp, line 231]
Event: 7.682 Thread 0x000002476014a800 Exception <a 'java/lang/ClassNotFoundException'{0x000000008b30a670}: build_phpxqmfcbcgdmpebkku7q4b2Customizer> (0x000000008b30a670) thrown at [./src/hotspot/share/classfile/systemDictionary.cpp, line 231]
Event: 7.690 Thread 0x000002476014a800 Exception <a 'java/lang/ClassNotFoundException'{0x000000008b376238}: org/gradle/plugin/use/internal/PluginRequestCollector$PluginDependenciesSpecImplBeanInfo> (0x000000008b376238) thrown at [./src/hotspot/share/classfile/systemDictionary.cpp, line 231]
Event: 7.691 Thread 0x000002476014a800 Exception <a 'java/lang/ClassNotFoundException'{0x000000008b399770}: org/gradle/plugin/use/internal/PluginRequestCollector$PluginDependenciesSpecImplCustomizer> (0x000000008b399770) thrown at [./src/hotspot/share/classfile/systemDictionary.cpp, line 231]
Event: 7.698 Thread 0x000002476014a800 Exception <a 'java/lang/NoSuchMethodError'{0x000000008b3ffb28}: 'void java.lang.invoke.DirectMethodHandle$Holder.invokeInterface(java.lang.Object, java.lang.Object)'> (0x000000008b3ffb28) thrown at [./src/hotspot/share/interpreter/linkResolver.cpp, line 773]
Event: 7.810 Thread 0x000002476014a800 Exception <a 'java/lang/NoSuchMethodError'{0x000000008adb63e8}: 'void java.lang.invoke.DirectMethodHandle$Holder.invokeStatic(java.lang.Object, java.lang.Object, java.lang.Object, java.lang.Object, java.lang.Object)'> (0x000000008adb63e8) thrown at [./src/hotspot/share/interpreter/linkResolver.cpp, line 773]

Events (20 events):
Event: 7.950 loading class org/gradle/api/internal/plugins/DefaultPluginContainer$2$1 done
Event: 7.951 loading class org/gradle/api/internal/collections/CollectionFilter$1
Event: 7.951 loading class org/gradle/api/internal/collections/CollectionFilter$1 done
Event: 7.951 loading class org/gradle/api/internal/ExecuteDomainObjectCollectionCallbackBuildOperationType
Event: 7.952 loading class org/gradle/api/internal/ExecuteDomainObjectCollectionCallbackBuildOperationType done
Event: 7.952 loading class org/gradle/api/internal/ExecuteDomainObjectCollectionCallbackBuildOperationType$Result
Event: 7.952 loading class org/gradle/api/internal/ExecuteDomainObjectCollectionCallbackBuildOperationType$Result done
Event: 7.952 loading class org/gradle/api/internal/ExecuteDomainObjectCollectionCallbackBuildOperationType$1
Event: 7.952 loading class org/gradle/api/internal/ExecuteDomainObjectCollectionCallbackBuildOperationType$1 done
Event: 7.952 loading class com/android/build/gradle/internal/profile/ProfilerInitializer
Event: 7.952 loading class com/android/build/gradle/internal/profile/ProfilerInitializer done
Event: 7.953 loading class com/android/tools/analytics/Environment
Event: 7.953 loading class com/android/tools/analytics/Environment done
Event: 7.954 loading class com/android/build/gradle/internal/profile/GradleAnalyticsEnvironment
Event: 7.954 loading class com/android/build/gradle/internal/profile/GradleAnalyticsEnvironment done
Event: 7.955 loading class com/android/builder/profile/ProfileRecordWriter
Event: 7.955 loading class com/android/builder/profile/ProfileRecordWriter done
Event: 7.955 loading class org/gradle/api/execution/TaskExecutionListener
Event: 7.955 loading class org/gradle/api/execution/TaskExecutionListener done
Event: 7.955 loading class java/time/format/DateTimeFormatterBuilder


Dynamic libraries:
0x00007ff79ded0000 - 0x00007ff79deda000 	C:\Program Files\Android\Android Studio2\jre\bin\java.exe
0x00007ffefe6f0000 - 0x00007ffefe904000 	C:\WINDOWS\SYSTEM32\ntdll.dll
0x00007ffefdb00000 - 0x00007ffefdbc2000 	C:\WINDOWS\System32\KERNEL32.DLL
0x00007ffefbb90000 - 0x00007ffefbf2d000 	C:\WINDOWS\System32\KERNELBASE.dll
0x00007ffefc300000 - 0x00007ffefc411000 	C:\WINDOWS\System32\ucrtbase.dll
0x00007ffedf630000 - 0x00007ffedf647000 	C:\Program Files\Android\Android Studio2\jre\bin\VCRUNTIME140.dll
0x00007ffedf650000 - 0x00007ffedf669000 	C:\Program Files\Android\Android Studio2\jre\bin\jli.dll
0x00007ffefc700000 - 0x00007ffefc8ad000 	C:\WINDOWS\System32\USER32.dll
0x00007ffefc2d0000 - 0x00007ffefc2f6000 	C:\WINDOWS\System32\win32u.dll
0x00007ffefad30000 - 0x00007ffefafbe000 	C:\WINDOWS\WinSxS\amd64_microsoft.windows.common-controls_6595b64144ccf1df_6.0.22621.436_none_a94247dbc10d8414\COMCTL32.dll
0x00007ffefc4e0000 - 0x00007ffefc509000 	C:\WINDOWS\System32\GDI32.dll
0x00007ffefda50000 - 0x00007ffefdaf7000 	C:\WINDOWS\System32\msvcrt.dll
0x00007ffefbfd0000 - 0x00007ffefc0e2000 	C:\WINDOWS\System32\gdi32full.dll
0x00007ffefbf30000 - 0x00007ffefbfca000 	C:\WINDOWS\System32\msvcp_win.dll
0x00007ffefd2d0000 - 0x00007ffefd302000 	C:\WINDOWS\System32\IMM32.DLL
0x00007ffea8750000 - 0x00007ffea87ed000 	C:\Program Files\Android\Android Studio2\jre\bin\msvcp140.dll
0x00007ffe82bc0000 - 0x00007ffe836c2000 	C:\Program Files\Android\Android Studio2\jre\bin\server\jvm.dll
0x00007ffefdd40000 - 0x00007ffefddee000 	C:\WINDOWS\System32\ADVAPI32.dll
0x00007ffefe4b0000 - 0x00007ffefe554000 	C:\WINDOWS\System32\sechost.dll
0x00007ffefd930000 - 0x00007ffefda45000 	C:\WINDOWS\System32\RPCRT4.dll
0x00007ffefdd30000 - 0x00007ffefdd38000 	C:\WINDOWS\System32\PSAPI.DLL
0x00007ffee6040000 - 0x00007ffee6049000 	C:\WINDOWS\SYSTEM32\WSOCK32.dll
0x00007ffef77f0000 - 0x00007ffef77fa000 	C:\WINDOWS\SYSTEM32\VERSION.dll
0x00007ffef3ab0000 - 0x00007ffef3ae4000 	C:\WINDOWS\SYSTEM32\WINMM.dll
0x00007ffefc930000 - 0x00007ffefc9a1000 	C:\WINDOWS\System32\WS2_32.dll
0x00007ffef9d00000 - 0x00007ffef9d18000 	C:\WINDOWS\SYSTEM32\kernel.appcore.dll
0x00007ffeddb20000 - 0x00007ffeddb31000 	C:\Program Files\Android\Android Studio2\jre\bin\verify.dll
0x00007ffefb480000 - 0x00007ffefb6ae000 	C:\WINDOWS\SYSTEM32\DBGHELP.DLL
0x00007ffefe020000 - 0x00007ffefe3aa000 	C:\WINDOWS\System32\combase.dll
0x00007ffefc620000 - 0x00007ffefc6f7000 	C:\WINDOWS\System32\OLEAUT32.dll
0x00007ffefb2d0000 - 0x00007ffefb302000 	C:\WINDOWS\SYSTEM32\dbgcore.DLL
0x00007ffefbb10000 - 0x00007ffefbb8b000 	C:\WINDOWS\System32\bcryptPrimitives.dll
0x00007ffed2920000 - 0x00007ffed2949000 	C:\Program Files\Android\Android Studio2\jre\bin\java.dll
0x00007ffeddb10000 - 0x00007ffeddb1b000 	C:\Program Files\Android\Android Studio2\jre\bin\jimage.dll
0x00007ffed2900000 - 0x00007ffed2918000 	C:\Program Files\Android\Android Studio2\jre\bin\zip.dll
0x00007ffefc9b0000 - 0x00007ffefd19f000 	C:\WINDOWS\System32\SHELL32.dll
0x00007ffef8c60000 - 0x00007ffef9528000 	C:\WINDOWS\SYSTEM32\windows.storage.dll
0x00007ffef8b20000 - 0x00007ffef8c5e000 	C:\WINDOWS\SYSTEM32\wintypes.dll
0x00007ffefd1b0000 - 0x00007ffefd2a1000 	C:\WINDOWS\System32\SHCORE.dll
0x00007ffefe650000 - 0x00007ffefe6ae000 	C:\WINDOWS\System32\shlwapi.dll
0x00007ffefba40000 - 0x00007ffefba61000 	C:\WINDOWS\SYSTEM32\profapi.dll
0x00007ffed28e0000 - 0x00007ffed28fa000 	C:\Program Files\Android\Android Studio2\jre\bin\net.dll
0x00007ffef3e80000 - 0x00007ffef3faf000 	C:\WINDOWS\SYSTEM32\WINHTTP.dll
0x00007ffefa950000 - 0x00007ffefa9b9000 	C:\WINDOWS\system32\mswsock.dll
0x00007ffed28c0000 - 0x00007ffed28d4000 	C:\Program Files\Android\Android Studio2\jre\bin\nio.dll
0x00007ffeb5270000 - 0x00007ffeb5297000 	C:\Users\NCG\.gradle\native\f6784746aeab05261644944871eae4fe03e0ef1612fff0a4a95f87b438bc6780\windows-amd64\native-platform.dll
0x00007ffed5bd0000 - 0x00007ffed5bda000 	C:\Program Files\Android\Android Studio2\jre\bin\management.dll
0x00007ffed28b0000 - 0x00007ffed28bd000 	C:\Program Files\Android\Android Studio2\jre\bin\management_ext.dll
0x00007ffefb7a0000 - 0x00007ffefb7bb000 	C:\WINDOWS\SYSTEM32\CRYPTSP.dll
0x00007ffef9c70000 - 0x00007ffef9ca5000 	C:\WINDOWS\system32\rsaenh.dll
0x00007ffefaa40000 - 0x00007ffefaa68000 	C:\WINDOWS\SYSTEM32\USERENV.dll
0x00007ffefb3c0000 - 0x00007ffefb3e8000 	C:\WINDOWS\SYSTEM32\bcrypt.dll
0x00007ffefaba0000 - 0x00007ffefabac000 	C:\WINDOWS\SYSTEM32\CRYPTBASE.dll
0x00007ffef9830000 - 0x00007ffef985d000 	C:\WINDOWS\SYSTEM32\IPHLPAPI.DLL
0x00007ffefdd00000 - 0x00007ffefdd09000 	C:\WINDOWS\System32\NSI.dll
0x00007ffef3d00000 - 0x00007ffef3d19000 	C:\WINDOWS\SYSTEM32\dhcpcsvc6.DLL
0x00007ffef3ce0000 - 0x00007ffef3cff000 	C:\WINDOWS\SYSTEM32\dhcpcsvc.DLL
0x00007ffef98b0000 - 0x00007ffef99a2000 	C:\WINDOWS\SYSTEM32\DNSAPI.dll
0x00007ffef7810000 - 0x00007ffef781d000 	C:\WINDOWS\SYSTEM32\WINNSI.DLL

dbghelp: loaded successfully - version: 4.0.5 - missing functions: none
symbol engine: initialized successfully - sym options: 0x614 - pdb path: .;C:\Program Files\Android\Android Studio2\jre\bin;C:\WINDOWS\SYSTEM32;C:\WINDOWS\WinSxS\amd64_microsoft.windows.common-controls_6595b64144ccf1df_6.0.22621.436_none_a94247dbc10d8414;C:\Program Files\Android\Android Studio2\jre\bin\server;C:\Users\NCG\.gradle\native\f6784746aeab05261644944871eae4fe03e0ef1612fff0a4a95f87b438bc6780\windows-amd64

VM Arguments:
jvm_args: --add-opens=java.base/java.util=ALL-UNNAMED --add-opens=java.base/java.lang=ALL-UNNAMED --add-opens=java.base/java.lang.invoke=ALL-UNNAMED --add-opens=java.prefs/java.util.prefs=ALL-UNNAMED -Xmx2048m -Dfile.encoding=UTF-8 -Duser.country=US -Duser.language=en -Duser.variant 
java_command: org.gradle.launcher.daemon.bootstrap.GradleDaemon 6.5
java_class_path (initial): C:\Users\NCG\.gradle\wrapper\dists\gradle-6.5-all\2oz4ud9k3tuxjg84bbf55q0tn\gradle-6.5\lib\gradle-launcher-6.5.jar
Launcher Type: SUN_STANDARD

[Global flags]
     intx CICompilerCount                          = 4                                         {product} {ergonomic}
     uint ConcGCThreads                            = 3                                         {product} {ergonomic}
     uint G1ConcRefinementThreads                  = 10                                        {product} {ergonomic}
   size_t G1HeapRegionSize                         = 1048576                                   {product} {ergonomic}
    uintx GCDrainStackTargetSize                   = 64                                        {product} {ergonomic}
   size_t InitialHeapSize                          = 266338304                                 {product} {ergonomic}
   size_t MarkStackSize                            = 4194304                                   {product} {ergonomic}
   size_t MaxHeapSize                              = 2147483648                                {product} {command line}
   size_t MaxNewSize                               = 1287651328                                {product} {ergonomic}
   size_t MinHeapDeltaBytes                        = 1048576                                   {product} {ergonomic}
    uintx NonNMethodCodeHeapSize                   = 5836300                                {pd product} {ergonomic}
    uintx NonProfiledCodeHeapSize                  = 122910970                              {pd product} {ergonomic}
    uintx ProfiledCodeHeapSize                     = 122910970                              {pd product} {ergonomic}
    uintx ReservedCodeCacheSize                    = 251658240                              {pd product} {ergonomic}
     bool SegmentedCodeCache                       = true                                      {product} {ergonomic}
     bool UseCompressedClassPointers               = true                                 {lp64_product} {ergonomic}
     bool UseCompressedOops                        = true                                 {lp64_product} {ergonomic}
     bool UseG1GC                                  = true                                      {product} {ergonomic}
     bool UseLargePagesIndividualAllocation        = false                                  {pd product} {ergonomic}

Logging:
Log output configuration:
 #0: stdout all=warning uptime,level,tags
 #1: stderr all=off uptime,level,tags

Environment Variables:
PATH=C:\Program Files (x86)\VMware\VMware Workstation\bin\;C:\Program Files\Common Files\Oracle\Java\javapath;C:\Program Files (x86)\Common Files\Oracle\Java\javapath;C:\ProgramData\Oracle\Java\javapath;C:\Windows\system32;C:\Windows;C:\Windows\System32\Wbem;C:\Windows\System32\WindowsPowerShell\v1.0\;C:\Windows\System32\OpenSSH\;C:\Program Files (x86)\NVIDIA Corporation\PhysX\Common;C:\Program Files\NVIDIA Corporation\NVIDIA NvDLISR;C:\WINDOWS\system32;C:\WINDOWS;C:\WINDOWS\System32\Wbem;C:\WINDOWS\System32\WindowsPowerShell\v1.0\;C:\WINDOWS\System32\OpenSSH\;C:\Program Files\Microsoft SQL Server\110\Tools\Binn\;C:\Program Files (x86)\Brackets\command;C:\Program Files (x86)\Windows Live\Shared;C:\Program Files\Microsoft SQL Server\130\Tools\Binn\;C:\Program Files (x86)\Windows Kits\8.1\Windows Performance Toolkit\;C:\Program Files\dotnet\;C:\Program Files\Microsoft SQL Server\Client SDK\ODBC\170\Tools\Binn\;C:\Program Files\Microsoft SQL Server\Client SDK\ODBC\130\Tools\Binn\;C:\Program Files (x86)\Microsoft SQL Server\140\Tools\Binn\;C:\Program Files\Microsoft SQL Server\140\Tools\Binn\;C:\Program Files\Microsoft SQL Server\140\DTS\Binn\;C:\Program Files (x86)\Microsoft SQL Server\Client SDK\ODBC\130\Tools\Binn\;C:\Program Files (x86)\Microsoft SQL Server\140\DTS\Binn\;C:\Program Files (x86)\Microsoft SQL Server\140\Tools\Binn\ManagementStudio\;C:\Program Files\Git\cmd;C:\Program Files\nodejs\;C:\xampp\php;C:\ProgramData\ComposerSetup\bin;C:\Users\NCG\AppData\Local\Programs\Python\Python310\Scripts\;C:\Users\NCG\AppData\Local\Programs\Python\Python310\;C:\Users\NCG\AppData\Local\Microsoft\WindowsApps;;C:\Users\NCG\AppData\Local\Programs\Microsoft VS Code\bin;C:\Program Files\JetBrains\PyCharm Community Edition 2021.2.3\bin;;C:\Users\NCG\AppData\Roaming\npm;C:\Users\NCG\AppData\Roaming\Composer\vendor\bin
USERNAME=NCG
OS=Windows_NT
PROCESSOR_IDENTIFIER=Intel64 Family 6 Model 165 Stepping 2, GenuineIntel



---------------  S Y S T E M  ---------------

OS: Windows 11 , 64 bit Build 22621 (10.0.22621.1028)
OS uptime: 0 days 5:00 hours

CPU:total 12 (initial active 12) (6 cores per cpu, 2 threads per core) family 6 model 165 stepping 2 microcode 0xf0, cmov, cx8, fxsr, mmx, sse, sse2, sse3, ssse3, sse4.1, sse4.2, popcnt, avx, avx2, aes, clmul, erms, 3dnowpref, lzcnt, ht, tsc, tscinvbit, bmi1, bmi2, adx, fma

Memory: 4k page, system-wide physical 16251M (193M free)
TotalPageFile size 65403M (AvailPageFile size 0M)
current process WorkingSet (physical memory assigned to process): 317M, peak: 317M
current process commit charge ("private bytes"): 462M, peak: 462M

vm_info: OpenJDK 64-Bit Server VM (11.0.13+0-b1751.21-8125866) for windows-amd64 JRE (11.0.13+0-b1751.21-8125866), built on Feb  2 2022 03:00:22 by "builder" with MS VC++ 14.0 (VS2015)

END.
