#
# There is insufficient memory for the Java Runtime Environment to continue.
# Native memory allocation (malloc) failed to allocate 1299216 bytes for Chunk::new
# Possible reasons:
#   The system is out of physical RAM or swap space
#   The process is running with CompressedOops enabled, and the Java Heap may be blocking the growth of the native heap
# Possible solutions:
#   Reduce memory load on the system
#   Increase physical memory or swap space
#   Check if swap backing store is full
#   Decrease Java heap size (-Xmx/-Xms)
#   Decrease number of Java threads
#   Decrease Java thread stack sizes (-Xss)
#   Set larger code cache with -XX:ReservedCodeCacheSize=
#   JVM is running with Unscaled Compressed Oops mode in which the Java heap is
#     placed in the first 4GB address space. The Java Heap base address is the
#     maximum limit for the native heap growth. Please use -XX:HeapBaseMinAddress
#     to set the Java Heap base and to place the Java Heap above 4GB virtual address.
# This output file may be truncated or incomplete.
#
#  Out of Memory Error (./src/hotspot/share/memory/arena.cpp:197), pid=33724, tid=8748
#
# JRE version: OpenJDK Runtime Environment (11.0.13) (build 11.0.13+0-b1751.21-8125866)
# Java VM: OpenJDK 64-Bit Server VM (11.0.13+0-b1751.21-8125866, mixed mode, tiered, compressed oops, g1 gc, windows-amd64)
# No core dump will be written. Minidumps are not enabled by default on client versions of Windows
#

---------------  S U M M A R Y ------------

Command Line: --add-opens=java.base/java.util=ALL-UNNAMED --add-opens=java.base/java.lang=ALL-UNNAMED --add-opens=java.base/java.lang.invoke=ALL-UNNAMED --add-opens=java.prefs/java.util.prefs=ALL-UNNAMED -Xmx1024m -Dfile.encoding=UTF-8 -Duser.country=US -Duser.language=en -Duser.variant org.gradle.launcher.daemon.bootstrap.GradleDaemon 6.5

Host: Intel(R) Core(TM) i7-10750H CPU @ 2.60GHz, 12 cores, 15G,  Windows 11 , 64 bit Build 22621 (10.0.22621.1028)
Time: Fri Dec 16 20:34:31 2022 Arab Standard Time elapsed time: 121.955149 seconds (0d 0h 2m 1s)

---------------  T H R E A D  ---------------

Current thread (0x0000024141bb1800):  JavaThread "C2 CompilerThread2" daemon [_thread_in_native, id=8748, stack(0x000000e926f00000,0x000000e927000000)]


Current CompileTask:
C2: 121955 17898       4       org.gradle.internal.fingerprint.classpath.impl.ClasspathFingerprintingStrategy$ClasspathFingerprintVisitor::visit (61 bytes)

Stack: [0x000000e926f00000,0x000000e927000000]
Native frames: (J=compiled Java code, j=interpreted, Vv=VM code, C=native code)
V  [jvm.dll+0x6100fa]
V  [jvm.dll+0x747090]
V  [jvm.dll+0x7486ad]
V  [jvm.dll+0x748d83]
V  [jvm.dll+0x24ab48]
V  [jvm.dll+0xc04dc]
V  [jvm.dll+0xc0a0c]
V  [jvm.dll+0x35eb5b]
V  [jvm.dll+0x32b833]
V  [jvm.dll+0x32ad2a]
V  [jvm.dll+0x2032b2]
V  [jvm.dll+0x202437]
V  [jvm.dll+0x188e01]
V  [jvm.dll+0x21106b]
V  [jvm.dll+0x20f8c1]
V  [jvm.dll+0x70de0f]
V  [jvm.dll+0x706a75]
V  [jvm.dll+0x60ed66]
C  [ucrtbase.dll+0x29363]
C  [KERNEL32.DLL+0x1247d]
C  [ntdll.dll+0x5dfb8]


---------------  P R O C E S S  ---------------

Threads class SMR info:
_java_thread_list=0x0000024141248f40, length=164, elements={
0x000002411bdcb000, 0x00000241340dc000, 0x00000241340dd800, 0x0000024134926000,
0x0000024134927000, 0x0000024134928000, 0x000002413496d800, 0x0000024134970800,
0x0000024134974000, 0x0000024134ad8800, 0x0000024136091000, 0x0000024136568800,
0x00000241369f0800, 0x00000241363b5800, 0x00000241363b8000, 0x00000241363b9800,
0x0000024136ef0000, 0x0000024136eec000, 0x00000241396b5000, 0x000002413b079800,
0x000002413b07e000, 0x000002413b07b800, 0x000002413b07e800, 0x000002413b086000,
0x000002413b085000, 0x000002413b082800, 0x000002413d4c3800, 0x000002413d4c5000,
0x000002413d4c2000, 0x000002413d4c6000, 0x000002413d4c4800, 0x000002413d4c0800,
0x000002413d4c1000, 0x000002413d4c7000, 0x000002413d4c2800, 0x000002413d4c9800,
0x000002413d4cd800, 0x000002413d4c7800, 0x00000241396ae000, 0x0000024141bb1800,
0x000002413d4ce000, 0x000002413d4c8800, 0x000002413d4cf000, 0x000002413d4d0000,
0x000002413d4cc800, 0x000002413d4ca000, 0x000002413d4d0800, 0x000002413d4cb000,
0x000002413d4d1800, 0x000002413d4cb800, 0x000002413d4d4800, 0x000002413d4d5800,
0x000002413d4d2000, 0x000002413d4d3000, 0x000002413d4d7000, 0x000002413d4d8000,
0x000002413d4d6800, 0x000002413d4d9000, 0x000002413d4d9800, 0x000002413d4d4000,
0x000002413d4da800, 0x000002413d4dd800, 0x000002413d4dc000, 0x000002413d4dd000,
0x000002413d4db000, 0x000002413d4de800, 0x000002413d4df800, 0x00000241396b9000,
0x00000241396ba000, 0x00000241396b6000, 0x00000241396b4800, 0x00000241396bb000,
0x00000241396bb800, 0x00000241396b6800, 0x00000241396bc800, 0x00000241396bd000,
0x00000241396b7800, 0x00000241396be000, 0x00000241396b8800, 0x00000241396bf800,
0x00000241396c0800, 0x00000241396bf000, 0x00000241396c1800, 0x00000241396c2000,
0x00000241396c3000, 0x0000024136ef1000, 0x0000024136eef000, 0x0000024136eee800,
0x0000024136eeb000, 0x0000024136ef1800, 0x0000024136ef2800, 0x0000024136eec800,
0x0000024136ef3800, 0x0000024136eed800, 0x0000024136ef4000, 0x0000024136ef6800,
0x0000024136ef5000, 0x0000024136ef8000, 0x0000024136ef9000, 0x0000024136ef7800,
0x0000024136ef5800, 0x000002413b07a800, 0x000002413b07d000, 0x000002413b077800,
0x000002413b07c000, 0x000002413b078000, 0x000002413b079000, 0x000002413b07f800,
0x000002413b080800, 0x000002413b081000, 0x000002413b082000, 0x000002413b083800,
0x000002413b084800, 0x00000241363b8800, 0x00000241363ba800, 0x00000241363b7000,
0x00000241363bc000, 0x00000241363bb000, 0x00000241363b6800, 0x00000241358ce000,
0x00000241358ce800, 0x00000241358cc000, 0x00000241358cf800, 0x00000241358d0800,
0x00000241358cb800, 0x00000241358d1000, 0x00000241358d2000, 0x00000241358cd000,
0x00000241418dd000, 0x00000241418dc800, 0x00000241418d8800, 0x00000241418da800,
0x00000241418de000, 0x00000241418db800, 0x00000241418df000, 0x00000241418d9000,
0x00000241418da000, 0x0000024142009800, 0x000002414200a800, 0x000002414200c000,
0x0000024142007000, 0x0000024142008000, 0x000002414200b000, 0x0000024142006800,
0x000002414200d800, 0x000002414200d000, 0x000002414200e800, 0x0000024142008800,
0x000002414200f000, 0x0000024142010000, 0x0000024142011800, 0x0000024142011000,
0x0000024142015000, 0x0000024142012800, 0x0000024142013800, 0x0000024142014000,
0x0000024134c3b800, 0x0000024134c3c800, 0x0000024134c3d800, 0x0000024134c3f000,
0x0000024134c44000, 0x0000024134c43000, 0x0000024134c42000, 0x0000024134c41800
}

Java Threads: ( => current thread )
  0x000002411bdcb000 JavaThread "main" [_thread_blocked, id=35196, stack(0x000000e924e00000,0x000000e924f00000)]
  0x00000241340dc000 JavaThread "Reference Handler" daemon [_thread_blocked, id=34372, stack(0x000000e925500000,0x000000e925600000)]
  0x00000241340dd800 JavaThread "Finalizer" daemon [_thread_blocked, id=18888, stack(0x000000e925600000,0x000000e925700000)]
  0x0000024134926000 JavaThread "Signal Dispatcher" daemon [_thread_blocked, id=18160, stack(0x000000e925700000,0x000000e925800000)]
  0x0000024134927000 JavaThread "Attach Listener" daemon [_thread_blocked, id=21412, stack(0x000000e925800000,0x000000e925900000)]
  0x0000024134928000 JavaThread "Service Thread" daemon [_thread_blocked, id=35328, stack(0x000000e925900000,0x000000e925a00000)]
  0x000002413496d800 JavaThread "C2 CompilerThread0" daemon [_thread_in_native, id=26796, stack(0x000000e925a00000,0x000000e925b00000)]
  0x0000024134970800 JavaThread "C1 CompilerThread0" daemon [_thread_blocked, id=35064, stack(0x000000e925b00000,0x000000e925c00000)]
  0x0000024134974000 JavaThread "Sweeper thread" daemon [_thread_blocked, id=35376, stack(0x000000e925c00000,0x000000e925d00000)]
  0x0000024134ad8800 JavaThread "Common-Cleaner" daemon [_thread_blocked, id=35420, stack(0x000000e925d00000,0x000000e925e00000)]
  0x0000024136091000 JavaThread "Daemon health stats" [_thread_blocked, id=35316, stack(0x000000e926400000,0x000000e926500000)]
  0x0000024136568800 JavaThread "Incoming local TCP Connector on port 1274" [_thread_in_native, id=28284, stack(0x000000e926700000,0x000000e926800000)]
  0x00000241369f0800 JavaThread "Daemon periodic checks" [_thread_blocked, id=35348, stack(0x000000e926800000,0x000000e926900000)]
  0x00000241363b5800 JavaThread "Cache worker for journal cache (C:\Users\NCG\.gradle\caches\journal-1)" [_thread_in_native, id=35124, stack(0x000000e927000000,0x000000e927100000)]
  0x00000241363b8000 JavaThread "File lock request listener" [_thread_in_native, id=35648, stack(0x000000e927100000,0x000000e927200000)]
  0x00000241363b9800 JavaThread "Cache worker for file hash cache (C:\Users\NCG\.gradle\caches\6.5\fileHashes)" [_thread_blocked, id=32196, stack(0x000000e927200000,0x000000e927300000)]
  0x0000024136ef0000 JavaThread "Cache worker for execution history cache (C:\Users\NCG\.gradle\caches\6.5\executionHistory)" [_thread_blocked, id=33300, stack(0x000000e929300000,0x000000e929400000)]
  0x0000024136eec000 JavaThread "Cache worker for file content cache (C:\Users\NCG\.gradle\caches\6.5\fileContent)" [_thread_blocked, id=34752, stack(0x000000e929400000,0x000000e929500000)]
  0x00000241396b5000 JavaThread "Memory manager" [_thread_blocked, id=30148, stack(0x000000e92ed00000,0x000000e92ee00000)]
  0x000002413b079800 JavaThread "Cache worker for Java compile cache (C:\Users\NCG\.gradle\caches\6.5\javaCompile)" [_thread_blocked, id=28292, stack(0x000000e930200000,0x000000e930300000)]
  0x000002413b07e000 JavaThread "ForkJoinPool.commonPool-worker-19" daemon [_thread_blocked, id=35520, stack(0x000000e930400000,0x000000e930500000)]
  0x000002413b07b800 JavaThread "ForkJoinPool.commonPool-worker-5" daemon [_thread_blocked, id=31768, stack(0x000000e930500000,0x000000e930600000)]
  0x000002413b07e800 JavaThread "ForkJoinPool.commonPool-worker-23" daemon [_thread_blocked, id=31232, stack(0x000000e930600000,0x000000e930700000)]
  0x000002413b086000 JavaThread "ForkJoinPool.commonPool-worker-9" daemon [_thread_blocked, id=35180, stack(0x000000e930f00000,0x000000e931000000)]
  0x000002413b085000 JavaThread "ForkJoinPool.commonPool-worker-27" daemon [_thread_blocked, id=19332, stack(0x000000e931000000,0x000000e931100000)]
  0x000002413b082800 JavaThread "ForkJoinPool.commonPool-worker-31" daemon [_thread_blocked, id=34148, stack(0x000000e931200000,0x000000e931300000)]
  0x000002413d4c3800 JavaThread "ForkJoinPool.commonPool-worker-17" daemon [_thread_blocked, id=35380, stack(0x000000e931300000,0x000000e931400000)]
  0x000002413d4c5000 JavaThread "ForkJoinPool.commonPool-worker-3" daemon [_thread_blocked, id=3032, stack(0x000000e931400000,0x000000e931500000)]
  0x000002413d4c2000 JavaThread "ForkJoinPool.commonPool-worker-21" daemon [_thread_blocked, id=34696, stack(0x000000e931500000,0x000000e931600000)]
  0x000002413d4c6000 JavaThread "ForkJoinPool.commonPool-worker-7" daemon [_thread_blocked, id=35412, stack(0x000000e931600000,0x000000e931700000)]
  0x000002413d4c4800 JavaThread "Daemon Thread 2" [_thread_blocked, id=35284, stack(0x000000e924b00000,0x000000e924c00000)]
  0x000002413d4c0800 JavaThread "Handler for socket connection from /127.0.0.1:1274 to /127.0.0.1:1403" [_thread_in_native, id=19060, stack(0x000000e924c00000,0x000000e924d00000)]
  0x000002413d4c1000 JavaThread "Cancel handler" [_thread_blocked, id=2900, stack(0x000000e924d00000,0x000000e924e00000)]
  0x000002413d4c7000 JavaThread "Daemon worker Thread 2" [_thread_blocked, id=34568, stack(0x000000e926900000,0x000000e926a00000)]
  0x000002413d4c2800 JavaThread "Asynchronous log dispatcher for DefaultDaemonConnection: socket connection from /127.0.0.1:1274 to /127.0.0.1:1403" [_thread_blocked, id=33964, stack(0x000000e926a00000,0x000000e926b00000)]
  0x000002413d4c9800 JavaThread "Stdin handler" [_thread_blocked, id=32152, stack(0x000000e926b00000,0x000000e926c00000)]
  0x000002413d4cd800 JavaThread "Thread-225" [_thread_blocked, id=24240, stack(0x000000e926c00000,0x000000e926d00000)]
  0x000002413d4c7800 JavaThread "Cache worker for file hash cache (C:\Users\NCG\Downloads\Shopping Zoo\Shopping Zoo\.gradle\6.5\fileHashes)" [_thread_blocked, id=34628, stack(0x000000e926d00000,0x000000e926e00000)]
  0x00000241396ae000 JavaThread "C2 CompilerThread1" daemon [_thread_in_native, id=6560, stack(0x000000e926e00000,0x000000e926f00000)]
=>0x0000024141bb1800 JavaThread "C2 CompilerThread2" daemon [_thread_in_native, id=8748, stack(0x000000e926f00000,0x000000e927000000)]
  0x000002413d4ce000 JavaThread "Cache worker for checksums cache (C:\Users\NCG\Downloads\Shopping Zoo\Shopping Zoo\.gradle\checksums)" [_thread_blocked, id=23620, stack(0x000000e927900000,0x000000e927a00000)]
  0x000002413d4c8800 JavaThread "Cache worker for cache directory md-supplier (C:\Users\NCG\.gradle\caches\6.5\md-supplier)" [_thread_blocked, id=14224, stack(0x000000e927a00000,0x000000e927b00000)]
  0x000002413d4cf000 JavaThread "Cache worker for cache directory md-rule (C:\Users\NCG\.gradle\caches\6.5\md-rule)" [_thread_blocked, id=20460, stack(0x000000e927b00000,0x000000e927c00000)]
  0x000002413d4d0000 JavaThread "Build operations" [_thread_in_native, id=33852, stack(0x000000e927c00000,0x000000e927d00000)]
  0x000002413d4cc800 JavaThread "Build operations Thread 2" [_thread_in_native, id=35488, stack(0x000000e927d00000,0x000000e927e00000)]
  0x000002413d4ca000 JavaThread "Build operations Thread 3" [_thread_in_native, id=16060, stack(0x000000e927e00000,0x000000e927f00000)]
  0x000002413d4d0800 JavaThread "Build operations Thread 4" [_thread_in_native, id=16240, stack(0x000000e927f00000,0x000000e928000000)]
  0x000002413d4cb000 JavaThread "Build operations Thread 5" [_thread_in_native, id=33692, stack(0x000000e928000000,0x000000e928100000)]
  0x000002413d4d1800 JavaThread "Build operations Thread 6" [_thread_in_Java, id=34040, stack(0x000000e928100000,0x000000e928200000)]
  0x000002413d4cb800 JavaThread "Build operations Thread 7" [_thread_in_native, id=35084, stack(0x000000e928200000,0x000000e928300000)]
  0x000002413d4d4800 JavaThread "Build operations Thread 8" [_thread_in_Java, id=34824, stack(0x000000e928300000,0x000000e928400000)]
  0x000002413d4d5800 JavaThread "Build operations Thread 9" [_thread_in_native, id=33760, stack(0x000000e928400000,0x000000e928500000)]
  0x000002413d4d2000 JavaThread "Build operations Thread 10" [_thread_in_native, id=32960, stack(0x000000e928500000,0x000000e928600000)]
  0x000002413d4d3000 JavaThread "Build operations Thread 11" [_thread_blocked, id=24436, stack(0x000000e928600000,0x000000e928700000)]
  0x000002413d4d7000 JavaThread "Build operations Thread 12" [_thread_in_native, id=32192, stack(0x000000e928700000,0x000000e928800000)]
  0x000002413d4d8000 JavaThread "jar transforms Thread 95" [_thread_blocked, id=35156, stack(0x000000e928800000,0x000000e928900000)]
  0x000002413d4d6800 JavaThread "jar transforms Thread 96" [_thread_blocked, id=16748, stack(0x000000e928900000,0x000000e928a00000)]
  0x000002413d4d9000 JavaThread "jar transforms Thread 97" [_thread_blocked, id=34424, stack(0x000000e928a00000,0x000000e928b00000)]
  0x000002413d4d9800 JavaThread "jar transforms Thread 98" [_thread_blocked, id=35752, stack(0x000000e928b00000,0x000000e928c00000)]
  0x000002413d4d4000 JavaThread "jar transforms Thread 99" [_thread_blocked, id=35712, stack(0x000000e928c00000,0x000000e928d00000)]
  0x000002413d4da800 JavaThread "jar transforms Thread 100" [_thread_blocked, id=33764, stack(0x000000e928d00000,0x000000e928e00000)]
  0x000002413d4dd800 JavaThread "jar transforms Thread 101" [_thread_blocked, id=34252, stack(0x000000e928e00000,0x000000e928f00000)]
  0x000002413d4dc000 JavaThread "jar transforms Thread 102" [_thread_blocked, id=35772, stack(0x000000e928f00000,0x000000e929000000)]
  0x000002413d4dd000 JavaThread "jar transforms Thread 103" [_thread_blocked, id=33880, stack(0x000000e929000000,0x000000e929100000)]
  0x000002413d4db000 JavaThread "jar transforms Thread 104" [_thread_blocked, id=34924, stack(0x000000e929100000,0x000000e929200000)]
  0x000002413d4de800 JavaThread "jar transforms Thread 105" [_thread_blocked, id=33788, stack(0x000000e929200000,0x000000e929300000)]
  0x000002413d4df800 JavaThread "jar transforms Thread 106" [_thread_blocked, id=31924, stack(0x000000e929500000,0x000000e929600000)]
  0x00000241396b9000 JavaThread "jar transforms Thread 107" [_thread_blocked, id=25308, stack(0x000000e929600000,0x000000e929700000)]
  0x00000241396ba000 JavaThread "jar transforms Thread 108" [_thread_blocked, id=34188, stack(0x000000e929700000,0x000000e929800000)]
  0x00000241396b6000 JavaThread "jar transforms Thread 109" [_thread_blocked, id=33440, stack(0x000000e929800000,0x000000e929900000)]
  0x00000241396b4800 JavaThread "jar transforms Thread 110" [_thread_blocked, id=34576, stack(0x000000e929900000,0x000000e929a00000)]
  0x00000241396bb000 JavaThread "jar transforms Thread 111" [_thread_blocked, id=35244, stack(0x000000e929a00000,0x000000e929b00000)]
  0x00000241396bb800 JavaThread "jar transforms Thread 112" [_thread_blocked, id=34340, stack(0x000000e929b00000,0x000000e929c00000)]
  0x00000241396b6800 JavaThread "jar transforms Thread 113" [_thread_blocked, id=34904, stack(0x000000e929c00000,0x000000e929d00000)]
  0x00000241396bc800 JavaThread "jar transforms Thread 114" [_thread_blocked, id=12344, stack(0x000000e929d00000,0x000000e929e00000)]
  0x00000241396bd000 JavaThread "jar transforms Thread 115" [_thread_blocked, id=20660, stack(0x000000e929e00000,0x000000e929f00000)]
  0x00000241396b7800 JavaThread "jar transforms Thread 116" [_thread_blocked, id=34624, stack(0x000000e929f00000,0x000000e92a000000)]
  0x00000241396be000 JavaThread "jar transforms Thread 117" [_thread_blocked, id=35408, stack(0x000000e92a000000,0x000000e92a100000)]
  0x00000241396b8800 JavaThread "jar transforms Thread 118" [_thread_blocked, id=35104, stack(0x000000e92a100000,0x000000e92a200000)]
  0x00000241396bf800 JavaThread "jar transforms Thread 119" [_thread_blocked, id=34888, stack(0x000000e92a200000,0x000000e92a300000)]
  0x00000241396c0800 JavaThread "jar transforms Thread 120" [_thread_blocked, id=35832, stack(0x000000e92a300000,0x000000e92a400000)]
  0x00000241396bf000 JavaThread "jar transforms Thread 121" [_thread_blocked, id=33528, stack(0x000000e92a400000,0x000000e92a500000)]
  0x00000241396c1800 JavaThread "jar transforms Thread 122" [_thread_blocked, id=23912, stack(0x000000e92a500000,0x000000e92a600000)]
  0x00000241396c2000 JavaThread "jar transforms Thread 123" [_thread_blocked, id=9260, stack(0x000000e92a600000,0x000000e92a700000)]
  0x00000241396c3000 JavaThread "jar transforms Thread 124" [_thread_blocked, id=23148, stack(0x000000e92a700000,0x000000e92a800000)]
  0x0000024136ef1000 JavaThread "jar transforms Thread 125" [_thread_blocked, id=35436, stack(0x000000e92a800000,0x000000e92a900000)]
  0x0000024136eef000 JavaThread "jar transforms Thread 126" [_thread_blocked, id=35324, stack(0x000000e92a900000,0x000000e92aa00000)]
  0x0000024136eee800 JavaThread "jar transforms Thread 127" [_thread_blocked, id=33384, stack(0x000000e92aa00000,0x000000e92ab00000)]
  0x0000024136eeb000 JavaThread "jar transforms Thread 128" [_thread_blocked, id=34876, stack(0x000000e92ab00000,0x000000e92ac00000)]
  0x0000024136ef1800 JavaThread "jar transforms Thread 129" [_thread_blocked, id=27588, stack(0x000000e92ac00000,0x000000e92ad00000)]
  0x0000024136ef2800 JavaThread "jar transforms Thread 130" [_thread_blocked, id=17456, stack(0x000000e92ad00000,0x000000e92ae00000)]
  0x0000024136eec800 JavaThread "jar transforms Thread 131" [_thread_blocked, id=35580, stack(0x000000e92ae00000,0x000000e92af00000)]
  0x0000024136ef3800 JavaThread "jar transforms Thread 132" [_thread_blocked, id=33540, stack(0x000000e92af00000,0x000000e92b000000)]
  0x0000024136eed800 JavaThread "jar transforms Thread 133" [_thread_blocked, id=7968, stack(0x000000e92b000000,0x000000e92b100000)]
  0x0000024136ef4000 JavaThread "jar transforms Thread 134" [_thread_blocked, id=31712, stack(0x000000e92b100000,0x000000e92b200000)]
  0x0000024136ef6800 JavaThread "jar transforms Thread 135" [_thread_blocked, id=27756, stack(0x000000e92b200000,0x000000e92b300000)]
  0x0000024136ef5000 JavaThread "jar transforms Thread 136" [_thread_blocked, id=19680, stack(0x000000e92b300000,0x000000e92b400000)]
  0x0000024136ef8000 JavaThread "jar transforms Thread 137" [_thread_blocked, id=32576, stack(0x000000e92b400000,0x000000e92b500000)]
  0x0000024136ef9000 JavaThread "jar transforms Thread 138" [_thread_blocked, id=13228, stack(0x000000e92b500000,0x000000e92b600000)]
  0x0000024136ef7800 JavaThread "jar transforms Thread 139" [_thread_blocked, id=13752, stack(0x000000e92b600000,0x000000e92b700000)]
  0x0000024136ef5800 JavaThread "jar transforms Thread 140" [_thread_blocked, id=11852, stack(0x000000e92b700000,0x000000e92b800000)]
  0x000002413b07a800 JavaThread "jar transforms Thread 141" [_thread_blocked, id=34068, stack(0x000000e92b800000,0x000000e92b900000)]
  0x000002413b07d000 JavaThread "jar transforms Thread 142" [_thread_blocked, id=4032, stack(0x000000e92b900000,0x000000e92ba00000)]
  0x000002413b077800 JavaThread "jar transforms Thread 143" [_thread_blocked, id=29688, stack(0x000000e92ba00000,0x000000e92bb00000)]
  0x000002413b07c000 JavaThread "jar transforms Thread 144" [_thread_blocked, id=35644, stack(0x000000e92bb00000,0x000000e92bc00000)]
  0x000002413b078000 JavaThread "jar transforms Thread 145" [_thread_blocked, id=34084, stack(0x000000e92bc00000,0x000000e92bd00000)]
  0x000002413b079000 JavaThread "jar transforms Thread 146" [_thread_blocked, id=34088, stack(0x000000e92bd00000,0x000000e92be00000)]
  0x000002413b07f800 JavaThread "jar transforms Thread 147" [_thread_blocked, id=34072, stack(0x000000e92be00000,0x000000e92bf00000)]
  0x000002413b080800 JavaThread "jar transforms Thread 148" [_thread_blocked, id=10032, stack(0x000000e92bf00000,0x000000e92c000000)]
  0x000002413b081000 JavaThread "jar transforms Thread 149" [_thread_blocked, id=34080, stack(0x000000e92c000000,0x000000e92c100000)]
  0x000002413b082000 JavaThread "jar transforms Thread 150" [_thread_blocked, id=30332, stack(0x000000e92c100000,0x000000e92c200000)]
  0x000002413b083800 JavaThread "jar transforms Thread 151" [_thread_blocked, id=33420, stack(0x000000e92c200000,0x000000e92c300000)]
  0x000002413b084800 JavaThread "jar transforms Thread 152" [_thread_blocked, id=12768, stack(0x000000e92c300000,0x000000e92c400000)]
  0x00000241363b8800 JavaThread "jar transforms Thread 153" [_thread_blocked, id=33152, stack(0x000000e92c400000,0x000000e92c500000)]
  0x00000241363ba800 JavaThread "jar transforms Thread 154" [_thread_blocked, id=34512, stack(0x000000e92c500000,0x000000e92c600000)]
  0x00000241363b7000 JavaThread "jar transforms Thread 155" [_thread_blocked, id=34552, stack(0x000000e92c600000,0x000000e92c700000)]
  0x00000241363bc000 JavaThread "jar transforms Thread 156" [_thread_blocked, id=32972, stack(0x000000e92c700000,0x000000e92c800000)]
  0x00000241363bb000 JavaThread "jar transforms Thread 157" [_thread_blocked, id=2784, stack(0x000000e92c800000,0x000000e92c900000)]
  0x00000241363b6800 JavaThread "jar transforms Thread 158" [_thread_blocked, id=2272, stack(0x000000e92c900000,0x000000e92ca00000)]
  0x00000241358ce000 JavaThread "jar transforms Thread 159" [_thread_blocked, id=29800, stack(0x000000e92ca00000,0x000000e92cb00000)]
  0x00000241358ce800 JavaThread "jar transforms Thread 160" [_thread_blocked, id=29432, stack(0x000000e92cb00000,0x000000e92cc00000)]
  0x00000241358cc000 JavaThread "jar transforms Thread 161" [_thread_blocked, id=7752, stack(0x000000e92cc00000,0x000000e92cd00000)]
  0x00000241358cf800 JavaThread "jar transforms Thread 162" [_thread_blocked, id=32020, stack(0x000000e92cd00000,0x000000e92ce00000)]
  0x00000241358d0800 JavaThread "jar transforms Thread 163" [_thread_blocked, id=34556, stack(0x000000e92ce00000,0x000000e92cf00000)]
  0x00000241358cb800 JavaThread "jar transforms Thread 164" [_thread_blocked, id=20708, stack(0x000000e92cf00000,0x000000e92d000000)]
  0x00000241358d1000 JavaThread "jar transforms Thread 165" [_thread_blocked, id=33072, stack(0x000000e92d000000,0x000000e92d100000)]
  0x00000241358d2000 JavaThread "jar transforms Thread 166" [_thread_blocked, id=35564, stack(0x000000e92d100000,0x000000e92d200000)]
  0x00000241358cd000 JavaThread "jar transforms Thread 167" [_thread_blocked, id=23436, stack(0x000000e92d200000,0x000000e92d300000)]
  0x00000241418dd000 JavaThread "jar transforms Thread 168" [_thread_blocked, id=34668, stack(0x000000e92d300000,0x000000e92d400000)]
  0x00000241418dc800 JavaThread "jar transforms Thread 169" [_thread_blocked, id=30724, stack(0x000000e92d400000,0x000000e92d500000)]
  0x00000241418d8800 JavaThread "jar transforms Thread 170" [_thread_blocked, id=33608, stack(0x000000e92d500000,0x000000e92d600000)]
  0x00000241418da800 JavaThread "jar transforms Thread 171" [_thread_blocked, id=30728, stack(0x000000e92d600000,0x000000e92d700000)]
  0x00000241418de000 JavaThread "jar transforms Thread 172" [_thread_blocked, id=33600, stack(0x000000e92d700000,0x000000e92d800000)]
  0x00000241418db800 JavaThread "jar transforms Thread 173" [_thread_blocked, id=33900, stack(0x000000e92d800000,0x000000e92d900000)]
  0x00000241418df000 JavaThread "jar transforms Thread 174" [_thread_blocked, id=34612, stack(0x000000e92d900000,0x000000e92da00000)]
  0x00000241418d9000 JavaThread "jar transforms Thread 175" [_thread_blocked, id=34660, stack(0x000000e92da00000,0x000000e92db00000)]
  0x00000241418da000 JavaThread "jar transforms Thread 176" [_thread_blocked, id=34956, stack(0x000000e92db00000,0x000000e92dc00000)]
  0x0000024142009800 JavaThread "jar transforms Thread 177" [_thread_blocked, id=33912, stack(0x000000e92dc00000,0x000000e92dd00000)]
  0x000002414200a800 JavaThread "jar transforms Thread 178" [_thread_blocked, id=33000, stack(0x000000e92dd00000,0x000000e92de00000)]
  0x000002414200c000 JavaThread "jar transforms Thread 179" [_thread_blocked, id=33132, stack(0x000000e92de00000,0x000000e92df00000)]
  0x0000024142007000 JavaThread "jar transforms Thread 180" [_thread_blocked, id=3472, stack(0x000000e92df00000,0x000000e92e000000)]
  0x0000024142008000 JavaThread "jar transforms Thread 181" [_thread_blocked, id=33552, stack(0x000000e92e000000,0x000000e92e100000)]
  0x000002414200b000 JavaThread "jar transforms Thread 182" [_thread_blocked, id=32908, stack(0x000000e92e100000,0x000000e92e200000)]
  0x0000024142006800 JavaThread "jar transforms Thread 183" [_thread_blocked, id=32940, stack(0x000000e92e200000,0x000000e92e300000)]
  0x000002414200d800 JavaThread "jar transforms Thread 184" [_thread_blocked, id=33188, stack(0x000000e92e300000,0x000000e92e400000)]
  0x000002414200d000 JavaThread "jar transforms Thread 185" [_thread_blocked, id=3740, stack(0x000000e92e400000,0x000000e92e500000)]
  0x000002414200e800 JavaThread "jar transforms Thread 186" [_thread_blocked, id=32844, stack(0x000000e92e500000,0x000000e92e600000)]
  0x0000024142008800 JavaThread "jar transforms Thread 187" [_thread_blocked, id=32916, stack(0x000000e92e600000,0x000000e92e700000)]
  0x000002414200f000 JavaThread "jar transforms Thread 188" [_thread_blocked, id=27728, stack(0x000000e92e700000,0x000000e92e800000)]
  0x0000024142010000 JavaThread "Cache worker for Build Output Cleanup Cache (C:\Users\NCG\Downloads\Shopping Zoo\Shopping Zoo\.gradle\buildOutputCleanup)" [_thread_blocked, id=33548, stack(0x000000e92e800000,0x000000e92e900000)]
  0x0000024142011800 JavaThread "pool-7-thread-1" [_thread_blocked, id=29268, stack(0x000000e92e900000,0x000000e92ea00000)]
  0x0000024142011000 JavaThread "Cache worker for file content cache (C:\Users\NCG\Downloads\Shopping Zoo\Shopping Zoo\.gradle\6.5\fileContent)" [_thread_blocked, id=33460, stack(0x000000e92ea00000,0x000000e92eb00000)]
  0x0000024142015000 JavaThread "Execution worker for ':'" [_thread_blocked, id=31404, stack(0x000000e92ef00000,0x000000e92f000000)]
  0x0000024142012800 JavaThread "Execution worker for ':' Thread 2" [_thread_blocked, id=2184, stack(0x000000e92f000000,0x000000e92f100000)]
  0x0000024142013800 JavaThread "Execution worker for ':' Thread 3" [_thread_blocked, id=9488, stack(0x000000e92f100000,0x000000e92f200000)]
  0x0000024142014000 JavaThread "Execution worker for ':' Thread 4" [_thread_blocked, id=33356, stack(0x000000e92f200000,0x000000e92f300000)]
  0x0000024134c3b800 JavaThread "Execution worker for ':' Thread 5" [_thread_blocked, id=32880, stack(0x000000e92f300000,0x000000e92f400000)]
  0x0000024134c3c800 JavaThread "Execution worker for ':' Thread 6" [_thread_blocked, id=33392, stack(0x000000e92f400000,0x000000e92f500000)]
  0x0000024134c3d800 JavaThread "Execution worker for ':' Thread 7" [_thread_blocked, id=2012, stack(0x000000e92f500000,0x000000e92f600000)]
  0x0000024134c3f000 JavaThread "Execution worker for ':' Thread 8" [_thread_blocked, id=32836, stack(0x000000e92f600000,0x000000e92f700000)]
  0x0000024134c44000 JavaThread "Execution worker for ':' Thread 9" [_thread_blocked, id=13432, stack(0x000000e92f700000,0x000000e92f800000)]
  0x0000024134c43000 JavaThread "Execution worker for ':' Thread 10" [_thread_blocked, id=32848, stack(0x000000e92f800000,0x000000e92f900000)]
  0x0000024134c42000 JavaThread "Execution worker for ':' Thread 11" [_thread_blocked, id=28172, stack(0x000000e92f900000,0x000000e92fa00000)]
  0x0000024134c41800 JavaThread "Cache worker for execution history cache (C:\Users\NCG\Downloads\Shopping Zoo\Shopping Zoo\.gradle\6.5\executionHistory)" [_thread_blocked, id=19756, stack(0x000000e92fa00000,0x000000e92fb00000)]

Other Threads:
  0x000002413490c800 VMThread "VM Thread" [stack: 0x000000e925400000,0x000000e925500000] [id=984]
  0x0000024134b03800 WatcherThread [stack: 0x000000e925e00000,0x000000e925f00000] [id=32292]
  0x000002411bde4800 GCTaskThread "GC Thread#0" [stack: 0x000000e924f00000,0x000000e925000000] [id=6776]
  0x00000241356d1800 GCTaskThread "GC Thread#1" [stack: 0x000000e925f00000,0x000000e926000000] [id=9168]
  0x0000024135471000 GCTaskThread "GC Thread#2" [stack: 0x000000e926000000,0x000000e926100000] [id=35184]
  0x0000024135471800 GCTaskThread "GC Thread#3" [stack: 0x000000e926100000,0x000000e926200000] [id=33872]
  0x00000241351f9000 GCTaskThread "GC Thread#4" [stack: 0x000000e926200000,0x000000e926300000] [id=19092]
  0x00000241351f9800 GCTaskThread "GC Thread#5" [stack: 0x000000e926300000,0x000000e926400000] [id=33524]
  0x0000024136496800 GCTaskThread "GC Thread#6" [stack: 0x000000e927300000,0x000000e927400000] [id=34984]
  0x0000024136497000 GCTaskThread "GC Thread#7" [stack: 0x000000e927400000,0x000000e927500000] [id=35140]
  0x0000024136a4e000 GCTaskThread "GC Thread#8" [stack: 0x000000e927500000,0x000000e927600000] [id=33516]
  0x0000024136a4f000 GCTaskThread "GC Thread#9" [stack: 0x000000e927600000,0x000000e927700000] [id=9152]
  0x000002411bdff800 ConcurrentGCThread "G1 Main Marker" [stack: 0x000000e925000000,0x000000e925100000] [id=31752]
  0x000002411be04000 ConcurrentGCThread "G1 Conc#0" [stack: 0x000000e925100000,0x000000e925200000] [id=33772]
  0x000002413567c000 ConcurrentGCThread "G1 Conc#1" [stack: 0x000000e927700000,0x000000e927800000] [id=34304]
  0x00000241365a7800 ConcurrentGCThread "G1 Conc#2" [stack: 0x000000e927800000,0x000000e927900000] [id=34136]
  0x000002411be9e000 ConcurrentGCThread "G1 Refine#0" [stack: 0x000000e925200000,0x000000e925300000] [id=35188]
  0x0000024136dc9000 ConcurrentGCThread "G1 Refine#1" [stack: 0x000000e92eb00000,0x000000e92ec00000] [id=19500]
  0x0000024136dc7800 ConcurrentGCThread "G1 Refine#2" [stack: 0x000000e92ec00000,0x000000e92ed00000] [id=35552]
  0x0000024133f54800 ConcurrentGCThread "G1 Young RemSet Sampling" [stack: 0x000000e925300000,0x000000e925400000] [id=19632]

Threads with active compile tasks:
C2 CompilerThread0 121996 17891   !   4       java.nio.file.FileTreeWalker::next (144 bytes)
C2 CompilerThread1 121996 17855       4       org.gradle.internal.component.model.ComponentAttributeMatcher::match (259 bytes)
C2 CompilerThread2 121996 17898       4       org.gradle.internal.fingerprint.classpath.impl.ClasspathFingerprintingStrategy$ClasspathFingerprintVisitor::visit (61 bytes)

VM state:not at safepoint (normal execution)

VM Mutex/Monitor currently owned by a thread: None

Heap address: 0x00000000c0000000, size: 1024 MB, Compressed Oops mode: 32-bit
Narrow klass base: 0x0000000000000000, Narrow klass shift: 3
Compressed class space size: 1073741824 Address: 0x0000000100000000

Heap:
 garbage-first heap   total 260096K, used 201037K [0x00000000c0000000, 0x0000000100000000)
  region size 1024K, 28 young (28672K), 4 survivors (4096K)
 Metaspace       used 126203K, capacity 129877K, committed 129964K, reserved 1163264K
  class space    used 15848K, capacity 17132K, committed 17152K, reserved 1048576K
Heap Regions: E=young(eden), S=young(survivor), O=old, HS=humongous(starts), HC=humongous(continues), CS=collection set, F=free, A=archive, TAMS=top-at-mark-start (previous, next)
|   0|0x00000000c0000000, 0x00000000c0100000, 0x00000000c0100000|100%|HS|  |TAMS 0x00000000c0100000, 0x00000000c0000000| Complete 
|   1|0x00000000c0100000, 0x00000000c0200000, 0x00000000c0200000|100%|HC|  |TAMS 0x00000000c0200000, 0x00000000c0100000| Complete 
|   2|0x00000000c0200000, 0x00000000c0300000, 0x00000000c0300000|100%|HS|  |TAMS 0x00000000c0300000, 0x00000000c0200000| Complete 
|   3|0x00000000c0300000, 0x00000000c0400000, 0x00000000c0400000|100%|HS|  |TAMS 0x00000000c0400000, 0x00000000c0300000| Complete 
|   4|0x00000000c0400000, 0x00000000c0500000, 0x00000000c0500000|100%|HC|  |TAMS 0x00000000c0500000, 0x00000000c0400000| Complete 
|   5|0x00000000c0500000, 0x00000000c0600000, 0x00000000c0600000|100%|HC|  |TAMS 0x00000000c0600000, 0x00000000c0500000| Complete 
|   6|0x00000000c0600000, 0x00000000c0700000, 0x00000000c0700000|100%| O|  |TAMS 0x00000000c0700000, 0x00000000c0600000| Untracked 
|   7|0x00000000c0700000, 0x00000000c0800000, 0x00000000c0800000|100%| O|  |TAMS 0x00000000c0800000, 0x00000000c0700000| Untracked 
|   8|0x00000000c0800000, 0x00000000c0900000, 0x00000000c0900000|100%| O|  |TAMS 0x00000000c0900000, 0x00000000c0800000| Untracked 
|   9|0x00000000c0900000, 0x00000000c0a00000, 0x00000000c0a00000|100%|HS|  |TAMS 0x00000000c0a00000, 0x00000000c0900000| Complete 
|  10|0x00000000c0a00000, 0x00000000c0b00000, 0x00000000c0b00000|100%|HC|  |TAMS 0x00000000c0b00000, 0x00000000c0a00000| Complete 
|  11|0x00000000c0b00000, 0x00000000c0c00000, 0x00000000c0c00000|100%|HC|  |TAMS 0x00000000c0c00000, 0x00000000c0b00000| Complete 
|  12|0x00000000c0c00000, 0x00000000c0d00000, 0x00000000c0d00000|100%|HS|  |TAMS 0x00000000c0d00000, 0x00000000c0c00000| Complete 
|  13|0x00000000c0d00000, 0x00000000c0e00000, 0x00000000c0e00000|100%|HC|  |TAMS 0x00000000c0e00000, 0x00000000c0d00000| Complete 
|  14|0x00000000c0e00000, 0x00000000c0f00000, 0x00000000c0f00000|100%|HC|  |TAMS 0x00000000c0f00000, 0x00000000c0e00000| Complete 
|  15|0x00000000c0f00000, 0x00000000c1000000, 0x00000000c1000000|100%|HS|  |TAMS 0x00000000c1000000, 0x00000000c0f00000| Complete 
|  16|0x00000000c1000000, 0x00000000c1100000, 0x00000000c1100000|100%|HC|  |TAMS 0x00000000c1100000, 0x00000000c1000000| Complete 
|  17|0x00000000c1100000, 0x00000000c1200000, 0x00000000c1200000|100%|HC|  |TAMS 0x00000000c1200000, 0x00000000c1100000| Complete 
|  18|0x00000000c1200000, 0x00000000c1300000, 0x00000000c1300000|100%|HC|  |TAMS 0x00000000c1300000, 0x00000000c1200000| Complete 
|  19|0x00000000c1300000, 0x00000000c1400000, 0x00000000c1400000|100%|HC|  |TAMS 0x00000000c1400000, 0x00000000c1300000| Complete 
|  20|0x00000000c1400000, 0x00000000c1500000, 0x00000000c1500000|100%|HS|  |TAMS 0x00000000c1500000, 0x00000000c1400000| Complete 
|  21|0x00000000c1500000, 0x00000000c1600000, 0x00000000c1600000|100%|HC|  |TAMS 0x00000000c1600000, 0x00000000c1500000| Complete 
|  22|0x00000000c1600000, 0x00000000c1700000, 0x00000000c1700000|100%|HC|  |TAMS 0x00000000c1700000, 0x00000000c1600000| Complete 
|  23|0x00000000c1700000, 0x00000000c1800000, 0x00000000c1800000|100%|HC|  |TAMS 0x00000000c1800000, 0x00000000c1700000| Complete 
|  24|0x00000000c1800000, 0x00000000c1900000, 0x00000000c1900000|100%| O|  |TAMS 0x00000000c1900000, 0x00000000c1800000| Untracked 
|  25|0x00000000c1900000, 0x00000000c1a00000, 0x00000000c1a00000|100%| O|  |TAMS 0x00000000c1a00000, 0x00000000c1900000| Untracked 
|  26|0x00000000c1a00000, 0x00000000c1b00000, 0x00000000c1b00000|100%| O|  |TAMS 0x00000000c1b00000, 0x00000000c1a00000| Untracked 
|  27|0x00000000c1b00000, 0x00000000c1c00000, 0x00000000c1c00000|100%| O|  |TAMS 0x00000000c1c00000, 0x00000000c1b00000| Untracked 
|  28|0x00000000c1c00000, 0x00000000c1d00000, 0x00000000c1d00000|100%| O|  |TAMS 0x00000000c1d00000, 0x00000000c1c00000| Untracked 
|  29|0x00000000c1d00000, 0x00000000c1e00000, 0x00000000c1e00000|100%| O|  |TAMS 0x00000000c1e00000, 0x00000000c1d00000| Untracked 
|  30|0x00000000c1e00000, 0x00000000c1f00000, 0x00000000c1f00000|100%| O|  |TAMS 0x00000000c1f00000, 0x00000000c1e00000| Untracked 
|  31|0x00000000c1f00000, 0x00000000c2000000, 0x00000000c2000000|100%| O|  |TAMS 0x00000000c2000000, 0x00000000c1f00000| Untracked 
|  32|0x00000000c2000000, 0x00000000c2100000, 0x00000000c2100000|100%| O|  |TAMS 0x00000000c2100000, 0x00000000c2000000| Untracked 
|  33|0x00000000c2100000, 0x00000000c2200000, 0x00000000c2200000|100%| O|  |TAMS 0x00000000c2200000, 0x00000000c2100000| Untracked 
|  34|0x00000000c2200000, 0x00000000c2300000, 0x00000000c2300000|100%| O|  |TAMS 0x00000000c2300000, 0x00000000c2200000| Untracked 
|  35|0x00000000c2300000, 0x00000000c2400000, 0x00000000c2400000|100%| O|  |TAMS 0x00000000c2400000, 0x00000000c2300000| Untracked 
|  36|0x00000000c2400000, 0x00000000c2500000, 0x00000000c2500000|100%| O|  |TAMS 0x00000000c2500000, 0x00000000c2400000| Untracked 
|  37|0x00000000c2500000, 0x00000000c2600000, 0x00000000c2600000|100%| O|  |TAMS 0x00000000c2600000, 0x00000000c2500000| Untracked 
|  38|0x00000000c2600000, 0x00000000c2700000, 0x00000000c2700000|100%| O|  |TAMS 0x00000000c2700000, 0x00000000c2600000| Untracked 
|  39|0x00000000c2700000, 0x00000000c2800000, 0x00000000c2800000|100%| O|  |TAMS 0x00000000c2800000, 0x00000000c2700000| Untracked 
|  40|0x00000000c2800000, 0x00000000c2900000, 0x00000000c2900000|100%| O|  |TAMS 0x00000000c2900000, 0x00000000c2800000| Untracked 
|  41|0x00000000c2900000, 0x00000000c2a00000, 0x00000000c2a00000|100%|HS|  |TAMS 0x00000000c2a00000, 0x00000000c2900000| Complete 
|  42|0x00000000c2a00000, 0x00000000c2b00000, 0x00000000c2b00000|100%|HS|  |TAMS 0x00000000c2b00000, 0x00000000c2a00000| Complete 
|  43|0x00000000c2b00000, 0x00000000c2c00000, 0x00000000c2c00000|100%|HC|  |TAMS 0x00000000c2c00000, 0x00000000c2b00000| Complete 
|  44|0x00000000c2c00000, 0x00000000c2d00000, 0x00000000c2d00000|100%| O|  |TAMS 0x00000000c2d00000, 0x00000000c2c00000| Untracked 
|  45|0x00000000c2d00000, 0x00000000c2e00000, 0x00000000c2e00000|100%| O|  |TAMS 0x00000000c2e00000, 0x00000000c2d00000| Untracked 
|  46|0x00000000c2e00000, 0x00000000c2f00000, 0x00000000c2f00000|100%| O|  |TAMS 0x00000000c2e00000, 0x00000000c2e00000| Untracked 
|  47|0x00000000c2f00000, 0x00000000c3000000, 0x00000000c3000000|100%| O|  |TAMS 0x00000000c3000000, 0x00000000c2f00000| Untracked 
|  48|0x00000000c3000000, 0x00000000c3100000, 0x00000000c3100000|100%| O|  |TAMS 0x00000000c3100000, 0x00000000c3000000| Untracked 
|  49|0x00000000c3100000, 0x00000000c3200000, 0x00000000c3200000|100%| O|  |TAMS 0x00000000c3200000, 0x00000000c3100000| Untracked 
|  50|0x00000000c3200000, 0x00000000c3300000, 0x00000000c3300000|100%| O|  |TAMS 0x00000000c3300000, 0x00000000c3200000| Untracked 
|  51|0x00000000c3300000, 0x00000000c3400000, 0x00000000c3400000|100%| O|  |TAMS 0x00000000c3400000, 0x00000000c3300000| Untracked 
|  52|0x00000000c3400000, 0x00000000c3500000, 0x00000000c3500000|100%| O|  |TAMS 0x00000000c3500000, 0x00000000c3400000| Untracked 
|  53|0x00000000c3500000, 0x00000000c3600000, 0x00000000c3600000|100%| O|  |TAMS 0x00000000c3600000, 0x00000000c3500000| Untracked 
|  54|0x00000000c3600000, 0x00000000c3700000, 0x00000000c3700000|100%| O|  |TAMS 0x00000000c3700000, 0x00000000c3600000| Untracked 
|  55|0x00000000c3700000, 0x00000000c3800000, 0x00000000c3800000|100%| O|  |TAMS 0x00000000c3800000, 0x00000000c3700000| Untracked 
|  56|0x00000000c3800000, 0x00000000c3900000, 0x00000000c3900000|100%| O|  |TAMS 0x00000000c3900000, 0x00000000c3800000| Untracked 
|  57|0x00000000c3900000, 0x00000000c3a00000, 0x00000000c3a00000|100%| O|  |TAMS 0x00000000c3a00000, 0x00000000c3900000| Untracked 
|  58|0x00000000c3a00000, 0x00000000c3b00000, 0x00000000c3b00000|100%| O|  |TAMS 0x00000000c3b00000, 0x00000000c3a00000| Untracked 
|  59|0x00000000c3b00000, 0x00000000c3c00000, 0x00000000c3c00000|100%| O|  |TAMS 0x00000000c3c00000, 0x00000000c3b00000| Untracked 
|  60|0x00000000c3c00000, 0x00000000c3d00000, 0x00000000c3d00000|100%| O|  |TAMS 0x00000000c3d00000, 0x00000000c3c00000| Untracked 
|  61|0x00000000c3d00000, 0x00000000c3e00000, 0x00000000c3e00000|100%| O|  |TAMS 0x00000000c3e00000, 0x00000000c3d00000| Untracked 
|  62|0x00000000c3e00000, 0x00000000c3f00000, 0x00000000c3f00000|100%| O|  |TAMS 0x00000000c3f00000, 0x00000000c3e00000| Untracked 
|  63|0x00000000c3f00000, 0x00000000c4000000, 0x00000000c4000000|100%| O|  |TAMS 0x00000000c4000000, 0x00000000c3f00000| Untracked 
|  64|0x00000000c4000000, 0x00000000c4100000, 0x00000000c4100000|100%| O|  |TAMS 0x00000000c4000000, 0x00000000c4000000| Untracked 
|  65|0x00000000c4100000, 0x00000000c4200000, 0x00000000c4200000|100%| O|  |TAMS 0x00000000c4200000, 0x00000000c4100000| Untracked 
|  66|0x00000000c4200000, 0x00000000c4300000, 0x00000000c4300000|100%|HS|  |TAMS 0x00000000c4300000, 0x00000000c4200000| Complete 
|  67|0x00000000c4300000, 0x00000000c4400000, 0x00000000c4400000|100%|HC|  |TAMS 0x00000000c4400000, 0x00000000c4300000| Complete 
|  68|0x00000000c4400000, 0x00000000c4500000, 0x00000000c4500000|100%|HS|  |TAMS 0x00000000c4500000, 0x00000000c4400000| Complete 
|  69|0x00000000c4500000, 0x00000000c4600000, 0x00000000c4600000|100%|HC|  |TAMS 0x00000000c4600000, 0x00000000c4500000| Complete 
|  70|0x00000000c4600000, 0x00000000c4700000, 0x00000000c4700000|100%|HC|  |TAMS 0x00000000c4700000, 0x00000000c4600000| Complete 
|  71|0x00000000c4700000, 0x00000000c4800000, 0x00000000c4800000|100%|HS|  |TAMS 0x00000000c4800000, 0x00000000c4700000| Complete 
|  72|0x00000000c4800000, 0x00000000c4900000, 0x00000000c4900000|100%|HC|  |TAMS 0x00000000c4900000, 0x00000000c4800000| Complete 
|  73|0x00000000c4900000, 0x00000000c4a00000, 0x00000000c4a00000|100%|HC|  |TAMS 0x00000000c4a00000, 0x00000000c4900000| Complete 
|  74|0x00000000c4a00000, 0x00000000c4b00000, 0x00000000c4b00000|100%|HS|  |TAMS 0x00000000c4b00000, 0x00000000c4a00000| Complete 
|  75|0x00000000c4b00000, 0x00000000c4c00000, 0x00000000c4c00000|100%|HC|  |TAMS 0x00000000c4c00000, 0x00000000c4b00000| Complete 
|  76|0x00000000c4c00000, 0x00000000c4d00000, 0x00000000c4d00000|100%|HC|  |TAMS 0x00000000c4d00000, 0x00000000c4c00000| Complete 
|  77|0x00000000c4d00000, 0x00000000c4e00000, 0x00000000c4e00000|100%|HC|  |TAMS 0x00000000c4e00000, 0x00000000c4d00000| Complete 
|  78|0x00000000c4e00000, 0x00000000c4f00000, 0x00000000c4f00000|100%|HC|  |TAMS 0x00000000c4f00000, 0x00000000c4e00000| Complete 
|  79|0x00000000c4f00000, 0x00000000c5000000, 0x00000000c5000000|100%|HS|  |TAMS 0x00000000c5000000, 0x00000000c4f00000| Complete 
|  80|0x00000000c5000000, 0x00000000c5100000, 0x00000000c5100000|100%|HS|  |TAMS 0x00000000c5100000, 0x00000000c5000000| Complete 
|  81|0x00000000c5100000, 0x00000000c5200000, 0x00000000c5200000|100%|HC|  |TAMS 0x00000000c5200000, 0x00000000c5100000| Complete 
|  82|0x00000000c5200000, 0x00000000c5300000, 0x00000000c5300000|100%|HC|  |TAMS 0x00000000c5300000, 0x00000000c5200000| Complete 
|  83|0x00000000c5300000, 0x00000000c5400000, 0x00000000c5400000|100%|HC|  |TAMS 0x00000000c5400000, 0x00000000c5300000| Complete 
|  84|0x00000000c5400000, 0x00000000c5500000, 0x00000000c5500000|100%| O|  |TAMS 0x00000000c5500000, 0x00000000c5400000| Untracked 
|  85|0x00000000c5500000, 0x00000000c5600000, 0x00000000c5600000|100%| O|  |TAMS 0x00000000c5600000, 0x00000000c5500000| Untracked 
|  86|0x00000000c5600000, 0x00000000c5700000, 0x00000000c5700000|100%| O|  |TAMS 0x00000000c5700000, 0x00000000c5600000| Untracked 
|  87|0x00000000c5700000, 0x00000000c5800000, 0x00000000c5800000|100%| O|  |TAMS 0x00000000c5800000, 0x00000000c5700000| Untracked 
|  88|0x00000000c5800000, 0x00000000c5900000, 0x00000000c5900000|100%| O|  |TAMS 0x00000000c5900000, 0x00000000c5800000| Untracked 
|  89|0x00000000c5900000, 0x00000000c5a00000, 0x00000000c5a00000|100%| O|  |TAMS 0x00000000c5a00000, 0x00000000c5900000| Untracked 
|  90|0x00000000c5a00000, 0x00000000c5b00000, 0x00000000c5b00000|100%| O|  |TAMS 0x00000000c5b00000, 0x00000000c5a00000| Untracked 
|  91|0x00000000c5b00000, 0x00000000c5c00000, 0x00000000c5c00000|100%| O|  |TAMS 0x00000000c5c00000, 0x00000000c5b00000| Untracked 
|  92|0x00000000c5c00000, 0x00000000c5d00000, 0x00000000c5d00000|100%| O|  |TAMS 0x00000000c5d00000, 0x00000000c5c00000| Untracked 
|  93|0x00000000c5d00000, 0x00000000c5e00000, 0x00000000c5e00000|100%| O|  |TAMS 0x00000000c5e00000, 0x00000000c5d00000| Untracked 
|  94|0x00000000c5e00000, 0x00000000c5f00000, 0x00000000c5f00000|100%| O|  |TAMS 0x00000000c5f00000, 0x00000000c5e00000| Untracked 
|  95|0x00000000c5f00000, 0x00000000c6000000, 0x00000000c6000000|100%| O|  |TAMS 0x00000000c6000000, 0x00000000c5f00000| Untracked 
|  96|0x00000000c6000000, 0x00000000c6100000, 0x00000000c6100000|100%| O|  |TAMS 0x00000000c6100000, 0x00000000c6000000| Untracked 
|  97|0x00000000c6100000, 0x00000000c6200000, 0x00000000c6200000|100%| O|  |TAMS 0x00000000c6100000, 0x00000000c6100000| Untracked 
|  98|0x00000000c6200000, 0x00000000c6300000, 0x00000000c6300000|100%| O|  |TAMS 0x00000000c6300000, 0x00000000c6200000| Untracked 
|  99|0x00000000c6300000, 0x00000000c6400000, 0x00000000c6400000|100%| O|  |TAMS 0x00000000c6300000, 0x00000000c6300000| Untracked 
| 100|0x00000000c6400000, 0x00000000c6500000, 0x00000000c6500000|100%| O|  |TAMS 0x00000000c6500000, 0x00000000c6400000| Untracked 
| 101|0x00000000c6500000, 0x00000000c6600000, 0x00000000c6600000|100%| O|  |TAMS 0x00000000c6600000, 0x00000000c6500000| Untracked 
| 102|0x00000000c6600000, 0x00000000c6700000, 0x00000000c6700000|100%| O|  |TAMS 0x00000000c6700000, 0x00000000c6600000| Untracked 
| 103|0x00000000c6700000, 0x00000000c6800000, 0x00000000c6800000|100%| O|  |TAMS 0x00000000c6800000, 0x00000000c6700000| Untracked 
| 104|0x00000000c6800000, 0x00000000c6900000, 0x00000000c6900000|100%| O|  |TAMS 0x00000000c6900000, 0x00000000c6800000| Untracked 
| 105|0x00000000c6900000, 0x00000000c6a00000, 0x00000000c6a00000|100%| O|  |TAMS 0x00000000c6900000, 0x00000000c6900000| Untracked 
| 106|0x00000000c6a00000, 0x00000000c6b00000, 0x00000000c6b00000|100%| O|  |TAMS 0x00000000c6b00000, 0x00000000c6a00000| Untracked 
| 107|0x00000000c6b00000, 0x00000000c6c00000, 0x00000000c6c00000|100%| O|  |TAMS 0x00000000c6c00000, 0x00000000c6b00000| Untracked 
| 108|0x00000000c6c00000, 0x00000000c6d00000, 0x00000000c6d00000|100%| O|  |TAMS 0x00000000c6d00000, 0x00000000c6c00000| Untracked 
| 109|0x00000000c6d00000, 0x00000000c6e00000, 0x00000000c6e00000|100%| O|  |TAMS 0x00000000c6e00000, 0x00000000c6d00000| Untracked 
| 110|0x00000000c6e00000, 0x00000000c6f00000, 0x00000000c6f00000|100%| O|  |TAMS 0x00000000c6f00000, 0x00000000c6e00000| Untracked 
| 111|0x00000000c6f00000, 0x00000000c7000000, 0x00000000c7000000|100%| O|  |TAMS 0x00000000c7000000, 0x00000000c6f00000| Untracked 
| 112|0x00000000c7000000, 0x00000000c7100000, 0x00000000c7100000|100%| O|  |TAMS 0x00000000c7100000, 0x00000000c7000000| Untracked 
| 113|0x00000000c7100000, 0x00000000c7200000, 0x00000000c7200000|100%| O|  |TAMS 0x00000000c7200000, 0x00000000c7100000| Untracked 
| 114|0x00000000c7200000, 0x00000000c7300000, 0x00000000c7300000|100%| O|  |TAMS 0x00000000c7300000, 0x00000000c7200000| Untracked 
| 115|0x00000000c7300000, 0x00000000c7400000, 0x00000000c7400000|100%| O|  |TAMS 0x00000000c7400000, 0x00000000c7300000| Untracked 
| 116|0x00000000c7400000, 0x00000000c7500000, 0x00000000c7500000|100%| O|  |TAMS 0x00000000c7500000, 0x00000000c7400000| Untracked 
| 117|0x00000000c7500000, 0x00000000c7600000, 0x00000000c7600000|100%| O|  |TAMS 0x00000000c7600000, 0x00000000c7500000| Untracked 
| 118|0x00000000c7600000, 0x00000000c7700000, 0x00000000c7700000|100%| O|  |TAMS 0x00000000c7700000, 0x00000000c7600000| Untracked 
| 119|0x00000000c7700000, 0x00000000c7800000, 0x00000000c7800000|100%| O|  |TAMS 0x00000000c7800000, 0x00000000c7700000| Untracked 
| 120|0x00000000c7800000, 0x00000000c7900000, 0x00000000c7900000|100%| O|  |TAMS 0x00000000c7900000, 0x00000000c7800000| Untracked 
| 121|0x00000000c7900000, 0x00000000c7a00000, 0x00000000c7a00000|100%| O|  |TAMS 0x00000000c7a00000, 0x00000000c7900000| Untracked 
| 122|0x00000000c7a00000, 0x00000000c7b00000, 0x00000000c7b00000|100%| O|  |TAMS 0x00000000c7b00000, 0x00000000c7a00000| Untracked 
| 123|0x00000000c7b00000, 0x00000000c7c00000, 0x00000000c7c00000|100%| O|  |TAMS 0x00000000c7c00000, 0x00000000c7b00000| Untracked 
| 124|0x00000000c7c00000, 0x00000000c7d00000, 0x00000000c7d00000|100%| O|  |TAMS 0x00000000c7c00000, 0x00000000c7c00000| Untracked 
| 125|0x00000000c7d00000, 0x00000000c7e00000, 0x00000000c7e00000|100%| O|  |TAMS 0x00000000c7e00000, 0x00000000c7d00000| Untracked 
| 126|0x00000000c7e00000, 0x00000000c7f00000, 0x00000000c7f00000|100%| O|  |TAMS 0x00000000c7f00000, 0x00000000c7e00000| Untracked 
| 127|0x00000000c7f00000, 0x00000000c8000000, 0x00000000c8000000|100%| O|  |TAMS 0x00000000c8000000, 0x00000000c7f00000| Untracked 
| 128|0x00000000c8000000, 0x00000000c8100000, 0x00000000c8100000|100%| O|  |TAMS 0x00000000c8100000, 0x00000000c8000000| Untracked 
| 129|0x00000000c8100000, 0x00000000c8200000, 0x00000000c8200000|100%| O|  |TAMS 0x00000000c8200000, 0x00000000c8100000| Untracked 
| 130|0x00000000c8200000, 0x00000000c8300000, 0x00000000c8300000|100%| O|  |TAMS 0x00000000c8300000, 0x00000000c8200000| Untracked 
| 131|0x00000000c8300000, 0x00000000c8400000, 0x00000000c8400000|100%| O|  |TAMS 0x00000000c8400000, 0x00000000c8300000| Untracked 
| 132|0x00000000c8400000, 0x00000000c8500000, 0x00000000c8500000|100%| O|  |TAMS 0x00000000c8500000, 0x00000000c8400000| Untracked 
| 133|0x00000000c8500000, 0x00000000c8600000, 0x00000000c8600000|100%| O|  |TAMS 0x00000000c8600000, 0x00000000c8500000| Untracked 
| 134|0x00000000c8600000, 0x00000000c8700000, 0x00000000c8700000|100%| O|  |TAMS 0x00000000c8700000, 0x00000000c8600000| Untracked 
| 135|0x00000000c8700000, 0x00000000c8800000, 0x00000000c8800000|100%| O|  |TAMS 0x00000000c8800000, 0x00000000c8700000| Untracked 
| 136|0x00000000c8800000, 0x00000000c8900000, 0x00000000c8900000|100%| O|  |TAMS 0x00000000c8900000, 0x00000000c8800000| Untracked 
| 137|0x00000000c8900000, 0x00000000c8a00000, 0x00000000c8a00000|100%| O|  |TAMS 0x00000000c8a00000, 0x00000000c8900000| Untracked 
| 138|0x00000000c8a00000, 0x00000000c8b00000, 0x00000000c8b00000|100%| O|  |TAMS 0x00000000c8a00000, 0x00000000c8a00000| Untracked 
| 139|0x00000000c8b00000, 0x00000000c8c00000, 0x00000000c8c00000|100%| O|  |TAMS 0x00000000c8b00000, 0x00000000c8b00000| Untracked 
| 140|0x00000000c8c00000, 0x00000000c8d00000, 0x00000000c8d00000|100%| O|  |TAMS 0x00000000c8c00000, 0x00000000c8c00000| Untracked 
| 141|0x00000000c8d00000, 0x00000000c8e00000, 0x00000000c8e00000|100%| O|  |TAMS 0x00000000c8e00000, 0x00000000c8d00000| Untracked 
| 142|0x00000000c8e00000, 0x00000000c8f00000, 0x00000000c8f00000|100%| O|  |TAMS 0x00000000c8f00000, 0x00000000c8e00000| Untracked 
| 143|0x00000000c8f00000, 0x00000000c9000000, 0x00000000c9000000|100%| O|  |TAMS 0x00000000c9000000, 0x00000000c8f00000| Untracked 
| 144|0x00000000c9000000, 0x00000000c9100000, 0x00000000c9100000|100%| O|  |TAMS 0x00000000c9100000, 0x00000000c9000000| Untracked 
| 145|0x00000000c9100000, 0x00000000c9200000, 0x00000000c9200000|100%| O|  |TAMS 0x00000000c9200000, 0x00000000c9100000| Untracked 
| 146|0x00000000c9200000, 0x00000000c9300000, 0x00000000c9300000|100%| O|  |TAMS 0x00000000c9300000, 0x00000000c9200000| Untracked 
| 147|0x00000000c9300000, 0x00000000c9400000, 0x00000000c9400000|100%| O|  |TAMS 0x00000000c9300000, 0x00000000c9300000| Untracked 
| 148|0x00000000c9400000, 0x00000000c94bca00, 0x00000000c9500000| 73%| O|  |TAMS 0x00000000c9400000, 0x00000000c9400000| Untracked 
| 149|0x00000000c9500000, 0x00000000c9500000, 0x00000000c9600000|  0%| F|  |TAMS 0x00000000c9500000, 0x00000000c9500000| Untracked 
| 150|0x00000000c9600000, 0x00000000c9600000, 0x00000000c9700000|  0%| F|  |TAMS 0x00000000c9600000, 0x00000000c9600000| Untracked 
| 151|0x00000000c9700000, 0x00000000c9700000, 0x00000000c9800000|  0%| F|  |TAMS 0x00000000c9700000, 0x00000000c9700000| Untracked 
| 152|0x00000000c9800000, 0x00000000c9900000, 0x00000000c9900000|100%| O|  |TAMS 0x00000000c9900000, 0x00000000c9800000| Untracked 
| 153|0x00000000c9900000, 0x00000000c9a00000, 0x00000000c9a00000|100%| O|  |TAMS 0x00000000c9a00000, 0x00000000c9900000| Untracked 
| 154|0x00000000c9a00000, 0x00000000c9b00000, 0x00000000c9b00000|100%| O|  |TAMS 0x00000000c9b00000, 0x00000000c9a00000| Untracked 
| 155|0x00000000c9b00000, 0x00000000c9c00000, 0x00000000c9c00000|100%| O|  |TAMS 0x00000000c9c00000, 0x00000000c9b00000| Untracked 
| 156|0x00000000c9c00000, 0x00000000c9d00000, 0x00000000c9d00000|100%| O|  |TAMS 0x00000000c9d00000, 0x00000000c9c00000| Untracked 
| 157|0x00000000c9d00000, 0x00000000c9e00000, 0x00000000c9e00000|100%| O|  |TAMS 0x00000000c9e00000, 0x00000000c9d00000| Untracked 
| 158|0x00000000c9e00000, 0x00000000c9f00000, 0x00000000c9f00000|100%| O|  |TAMS 0x00000000c9f00000, 0x00000000c9e00000| Untracked 
| 159|0x00000000c9f00000, 0x00000000ca000000, 0x00000000ca000000|100%| O|  |TAMS 0x00000000ca000000, 0x00000000c9f00000| Untracked 
| 160|0x00000000ca000000, 0x00000000ca000000, 0x00000000ca100000|  0%| F|  |TAMS 0x00000000ca000000, 0x00000000ca000000| Untracked 
| 161|0x00000000ca100000, 0x00000000ca200000, 0x00000000ca200000|100%| O|  |TAMS 0x00000000ca200000, 0x00000000ca100000| Untracked 
| 162|0x00000000ca200000, 0x00000000ca300000, 0x00000000ca300000|100%| O|  |TAMS 0x00000000ca300000, 0x00000000ca200000| Untracked 
| 163|0x00000000ca300000, 0x00000000ca400000, 0x00000000ca400000|100%| O|  |TAMS 0x00000000ca400000, 0x00000000ca300000| Untracked 
| 164|0x00000000ca400000, 0x00000000ca500000, 0x00000000ca500000|100%| O|  |TAMS 0x00000000ca400000, 0x00000000ca400000| Untracked 
| 165|0x00000000ca500000, 0x00000000ca600000, 0x00000000ca600000|100%| O|  |TAMS 0x00000000ca500000, 0x00000000ca500000| Untracked 
| 166|0x00000000ca600000, 0x00000000ca700000, 0x00000000ca700000|100%| O|  |TAMS 0x00000000ca600000, 0x00000000ca600000| Untracked 
| 167|0x00000000ca700000, 0x00000000ca800000, 0x00000000ca800000|100%| O|  |TAMS 0x00000000ca700000, 0x00000000ca700000| Untracked 
| 168|0x00000000ca800000, 0x00000000ca900000, 0x00000000ca900000|100%| O|  |TAMS 0x00000000ca800000, 0x00000000ca800000| Untracked 
| 169|0x00000000ca900000, 0x00000000caa00000, 0x00000000caa00000|100%| O|  |TAMS 0x00000000ca900000, 0x00000000ca900000| Untracked 
| 170|0x00000000caa00000, 0x00000000cab00000, 0x00000000cab00000|100%| O|  |TAMS 0x00000000caa00000, 0x00000000caa00000| Untracked 
| 171|0x00000000cab00000, 0x00000000cac00000, 0x00000000cac00000|100%| O|  |TAMS 0x00000000cab00000, 0x00000000cab00000| Untracked 
| 172|0x00000000cac00000, 0x00000000cad00000, 0x00000000cad00000|100%| O|  |TAMS 0x00000000cac00000, 0x00000000cac00000| Untracked 
| 173|0x00000000cad00000, 0x00000000cad00000, 0x00000000cae00000|  0%| F|  |TAMS 0x00000000cad00000, 0x00000000cad00000| Untracked 
| 174|0x00000000cae00000, 0x00000000caf00000, 0x00000000caf00000|100%| O|  |TAMS 0x00000000caf00000, 0x00000000cae00000| Untracked 
| 175|0x00000000caf00000, 0x00000000cb000000, 0x00000000cb000000|100%| O|  |TAMS 0x00000000caf41800, 0x00000000caf00000| Untracked 
| 176|0x00000000cb000000, 0x00000000cb000000, 0x00000000cb100000|  0%| F|  |TAMS 0x00000000cb000000, 0x00000000cb000000| Untracked 
| 177|0x00000000cb100000, 0x00000000cb100000, 0x00000000cb200000|  0%| F|  |TAMS 0x00000000cb100000, 0x00000000cb100000| Untracked 
| 178|0x00000000cb200000, 0x00000000cb200000, 0x00000000cb300000|  0%| F|  |TAMS 0x00000000cb200000, 0x00000000cb200000| Untracked 
| 179|0x00000000cb300000, 0x00000000cb300000, 0x00000000cb400000|  0%| F|  |TAMS 0x00000000cb300000, 0x00000000cb300000| Untracked 
| 180|0x00000000cb400000, 0x00000000cb400000, 0x00000000cb500000|  0%| F|  |TAMS 0x00000000cb400000, 0x00000000cb400000| Untracked 
| 181|0x00000000cb500000, 0x00000000cb500000, 0x00000000cb600000|  0%| F|  |TAMS 0x00000000cb500000, 0x00000000cb500000| Untracked 
| 182|0x00000000cb600000, 0x00000000cb600000, 0x00000000cb700000|  0%| F|  |TAMS 0x00000000cb600000, 0x00000000cb600000| Untracked 
| 183|0x00000000cb700000, 0x00000000cb700000, 0x00000000cb800000|  0%| F|  |TAMS 0x00000000cb700000, 0x00000000cb700000| Untracked 
| 184|0x00000000cb800000, 0x00000000cb800000, 0x00000000cb900000|  0%| F|  |TAMS 0x00000000cb800000, 0x00000000cb800000| Untracked 
| 185|0x00000000cb900000, 0x00000000cb900000, 0x00000000cba00000|  0%| F|  |TAMS 0x00000000cb900000, 0x00000000cb900000| Untracked 
| 186|0x00000000cba00000, 0x00000000cba00000, 0x00000000cbb00000|  0%| F|  |TAMS 0x00000000cba00000, 0x00000000cba00000| Untracked 
| 187|0x00000000cbb00000, 0x00000000cbb00000, 0x00000000cbc00000|  0%| F|  |TAMS 0x00000000cbb00000, 0x00000000cbb00000| Untracked 
| 188|0x00000000cbc00000, 0x00000000cbc00000, 0x00000000cbd00000|  0%| F|  |TAMS 0x00000000cbc00000, 0x00000000cbc00000| Untracked 
| 189|0x00000000cbd00000, 0x00000000cbd00000, 0x00000000cbe00000|  0%| F|  |TAMS 0x00000000cbd00000, 0x00000000cbd00000| Untracked 
| 190|0x00000000cbe00000, 0x00000000cbe00000, 0x00000000cbf00000|  0%| F|  |TAMS 0x00000000cbe00000, 0x00000000cbe00000| Untracked 
| 191|0x00000000cbf00000, 0x00000000cbf00000, 0x00000000cc000000|  0%| F|  |TAMS 0x00000000cbf00000, 0x00000000cbf00000| Untracked 
| 192|0x00000000cc000000, 0x00000000cc000000, 0x00000000cc100000|  0%| F|  |TAMS 0x00000000cc000000, 0x00000000cc000000| Untracked 
| 193|0x00000000cc100000, 0x00000000cc100000, 0x00000000cc200000|  0%| F|  |TAMS 0x00000000cc100000, 0x00000000cc100000| Untracked 
| 194|0x00000000cc200000, 0x00000000cc200000, 0x00000000cc300000|  0%| F|  |TAMS 0x00000000cc200000, 0x00000000cc200000| Untracked 
| 195|0x00000000cc300000, 0x00000000cc300000, 0x00000000cc400000|  0%| F|  |TAMS 0x00000000cc300000, 0x00000000cc300000| Untracked 
| 196|0x00000000cc400000, 0x00000000cc400000, 0x00000000cc500000|  0%| F|  |TAMS 0x00000000cc400000, 0x00000000cc400000| Untracked 
| 197|0x00000000cc500000, 0x00000000cc500000, 0x00000000cc600000|  0%| F|  |TAMS 0x00000000cc500000, 0x00000000cc500000| Untracked 
| 198|0x00000000cc600000, 0x00000000cc600000, 0x00000000cc700000|  0%| F|  |TAMS 0x00000000cc600000, 0x00000000cc600000| Untracked 
| 199|0x00000000cc700000, 0x00000000cc700000, 0x00000000cc800000|  0%| F|  |TAMS 0x00000000cc700000, 0x00000000cc700000| Untracked 
| 200|0x00000000cc800000, 0x00000000cc800000, 0x00000000cc900000|  0%| F|  |TAMS 0x00000000cc800000, 0x00000000cc800000| Untracked 
| 201|0x00000000cc900000, 0x00000000cc900000, 0x00000000cca00000|  0%| F|  |TAMS 0x00000000cc900000, 0x00000000cc900000| Untracked 
| 202|0x00000000cca00000, 0x00000000cca00000, 0x00000000ccb00000|  0%| F|  |TAMS 0x00000000cca00000, 0x00000000cca00000| Untracked 
| 203|0x00000000ccb00000, 0x00000000ccb00000, 0x00000000ccc00000|  0%| F|  |TAMS 0x00000000ccb00000, 0x00000000ccb00000| Untracked 
| 204|0x00000000ccc00000, 0x00000000ccc00000, 0x00000000ccd00000|  0%| F|  |TAMS 0x00000000ccc00000, 0x00000000ccc00000| Untracked 
| 205|0x00000000ccd00000, 0x00000000ccd00000, 0x00000000cce00000|  0%| F|  |TAMS 0x00000000ccd00000, 0x00000000ccd00000| Untracked 
| 206|0x00000000cce00000, 0x00000000cce96d48, 0x00000000ccf00000| 58%| S|CS|TAMS 0x00000000cce00000, 0x00000000cce00000| Complete 
| 207|0x00000000ccf00000, 0x00000000cd000000, 0x00000000cd000000|100%| S|CS|TAMS 0x00000000ccf00000, 0x00000000ccf00000| Complete 
| 208|0x00000000cd000000, 0x00000000cd100000, 0x00000000cd100000|100%| S|CS|TAMS 0x00000000cd000000, 0x00000000cd000000| Complete 
| 209|0x00000000cd100000, 0x00000000cd200000, 0x00000000cd200000|100%| S|CS|TAMS 0x00000000cd100000, 0x00000000cd100000| Complete 
| 210|0x00000000cd200000, 0x00000000cd200000, 0x00000000cd300000|  0%| F|  |TAMS 0x00000000cd200000, 0x00000000cd200000| Untracked 
| 211|0x00000000cd300000, 0x00000000cd300000, 0x00000000cd400000|  0%| F|  |TAMS 0x00000000cd300000, 0x00000000cd300000| Untracked 
| 212|0x00000000cd400000, 0x00000000cd400000, 0x00000000cd500000|  0%| F|  |TAMS 0x00000000cd400000, 0x00000000cd400000| Untracked 
| 213|0x00000000cd500000, 0x00000000cd500000, 0x00000000cd600000|  0%| F|  |TAMS 0x00000000cd500000, 0x00000000cd500000| Untracked 
| 214|0x00000000cd600000, 0x00000000cd600000, 0x00000000cd700000|  0%| F|  |TAMS 0x00000000cd600000, 0x00000000cd600000| Untracked 
| 215|0x00000000cd700000, 0x00000000cd700000, 0x00000000cd800000|  0%| F|  |TAMS 0x00000000cd700000, 0x00000000cd700000| Untracked 
| 216|0x00000000cd800000, 0x00000000cd800000, 0x00000000cd900000|  0%| F|  |TAMS 0x00000000cd800000, 0x00000000cd800000| Untracked 
| 217|0x00000000cd900000, 0x00000000cd900000, 0x00000000cda00000|  0%| F|  |TAMS 0x00000000cd900000, 0x00000000cd900000| Untracked 
| 218|0x00000000cda00000, 0x00000000cda00000, 0x00000000cdb00000|  0%| F|  |TAMS 0x00000000cda00000, 0x00000000cda00000| Untracked 
| 219|0x00000000cdb00000, 0x00000000cdb00000, 0x00000000cdc00000|  0%| F|  |TAMS 0x00000000cdb00000, 0x00000000cdb00000| Untracked 
| 220|0x00000000cdc00000, 0x00000000cdc00000, 0x00000000cdd00000|  0%| F|  |TAMS 0x00000000cdc00000, 0x00000000cdc00000| Untracked 
| 221|0x00000000cdd00000, 0x00000000cdd00000, 0x00000000cde00000|  0%| F|  |TAMS 0x00000000cdd00000, 0x00000000cdd00000| Untracked 
| 222|0x00000000cde00000, 0x00000000cde00000, 0x00000000cdf00000|  0%| F|  |TAMS 0x00000000cde00000, 0x00000000cde00000| Untracked 
| 223|0x00000000cdf00000, 0x00000000cdf00000, 0x00000000ce000000|  0%| F|  |TAMS 0x00000000cdf00000, 0x00000000cdf00000| Untracked 
| 224|0x00000000ce000000, 0x00000000ce000000, 0x00000000ce100000|  0%| F|  |TAMS 0x00000000ce000000, 0x00000000ce000000| Untracked 
| 225|0x00000000ce100000, 0x00000000ce100000, 0x00000000ce200000|  0%| F|  |TAMS 0x00000000ce100000, 0x00000000ce100000| Untracked 
| 226|0x00000000ce200000, 0x00000000ce212370, 0x00000000ce300000|  7%| E|  |TAMS 0x00000000ce200000, 0x00000000ce200000| Complete 
| 227|0x00000000ce300000, 0x00000000ce400000, 0x00000000ce400000|100%| E|CS|TAMS 0x00000000ce300000, 0x00000000ce300000| Complete 
| 228|0x00000000ce400000, 0x00000000ce500000, 0x00000000ce500000|100%| E|  |TAMS 0x00000000ce400000, 0x00000000ce400000| Complete 
| 229|0x00000000ce500000, 0x00000000ce600000, 0x00000000ce600000|100%| E|CS|TAMS 0x00000000ce500000, 0x00000000ce500000| Complete 
| 230|0x00000000ce600000, 0x00000000ce700000, 0x00000000ce700000|100%| E|CS|TAMS 0x00000000ce600000, 0x00000000ce600000| Complete 
| 231|0x00000000ce700000, 0x00000000ce800000, 0x00000000ce800000|100%| E|CS|TAMS 0x00000000ce700000, 0x00000000ce700000| Complete 
| 232|0x00000000ce800000, 0x00000000ce900000, 0x00000000ce900000|100%| E|CS|TAMS 0x00000000ce800000, 0x00000000ce800000| Complete 
| 233|0x00000000ce900000, 0x00000000cea00000, 0x00000000cea00000|100%| E|CS|TAMS 0x00000000ce900000, 0x00000000ce900000| Complete 
| 234|0x00000000cea00000, 0x00000000ceb00000, 0x00000000ceb00000|100%| E|CS|TAMS 0x00000000cea00000, 0x00000000cea00000| Complete 
| 235|0x00000000ceb00000, 0x00000000cec00000, 0x00000000cec00000|100%| E|CS|TAMS 0x00000000ceb00000, 0x00000000ceb00000| Complete 
| 236|0x00000000cec00000, 0x00000000ced00000, 0x00000000ced00000|100%| E|CS|TAMS 0x00000000cec00000, 0x00000000cec00000| Complete 
| 237|0x00000000ced00000, 0x00000000cee00000, 0x00000000cee00000|100%| E|CS|TAMS 0x00000000ced00000, 0x00000000ced00000| Complete 
| 238|0x00000000cee00000, 0x00000000cef00000, 0x00000000cef00000|100%| E|CS|TAMS 0x00000000cee00000, 0x00000000cee00000| Complete 
| 239|0x00000000cef00000, 0x00000000cf000000, 0x00000000cf000000|100%| E|CS|TAMS 0x00000000cef00000, 0x00000000cef00000| Complete 
| 240|0x00000000cf000000, 0x00000000cf100000, 0x00000000cf100000|100%| E|CS|TAMS 0x00000000cf000000, 0x00000000cf000000| Complete 
| 241|0x00000000cf100000, 0x00000000cf200000, 0x00000000cf200000|100%| E|CS|TAMS 0x00000000cf100000, 0x00000000cf100000| Complete 
| 242|0x00000000cf200000, 0x00000000cf300000, 0x00000000cf300000|100%| E|CS|TAMS 0x00000000cf200000, 0x00000000cf200000| Complete 
| 243|0x00000000cf300000, 0x00000000cf400000, 0x00000000cf400000|100%| E|CS|TAMS 0x00000000cf300000, 0x00000000cf300000| Complete 
| 244|0x00000000cf400000, 0x00000000cf500000, 0x00000000cf500000|100%| E|CS|TAMS 0x00000000cf400000, 0x00000000cf400000| Complete 
| 245|0x00000000cf500000, 0x00000000cf600000, 0x00000000cf600000|100%| E|CS|TAMS 0x00000000cf500000, 0x00000000cf500000| Complete 
| 246|0x00000000cf600000, 0x00000000cf700000, 0x00000000cf700000|100%| E|CS|TAMS 0x00000000cf600000, 0x00000000cf600000| Complete 
| 247|0x00000000cf700000, 0x00000000cf800000, 0x00000000cf800000|100%| E|CS|TAMS 0x00000000cf700000, 0x00000000cf700000| Complete 
| 248|0x00000000cf800000, 0x00000000cf900000, 0x00000000cf900000|100%| E|CS|TAMS 0x00000000cf800000, 0x00000000cf800000| Complete 
| 249|0x00000000cf900000, 0x00000000cfa00000, 0x00000000cfa00000|100%| E|CS|TAMS 0x00000000cf900000, 0x00000000cf900000| Complete 
| 250|0x00000000cfa00000, 0x00000000cfb00000, 0x00000000cfb00000|100%| E|CS|TAMS 0x00000000cfa00000, 0x00000000cfa00000| Complete 
| 251|0x00000000cfb00000, 0x00000000cfc00000, 0x00000000cfc00000|100%| E|CS|TAMS 0x00000000cfb00000, 0x00000000cfb00000| Complete 
| 252|0x00000000cfc00000, 0x00000000cfd00000, 0x00000000cfd00000|100%| E|CS|TAMS 0x00000000cfc00000, 0x00000000cfc00000| Complete 
| 253|0x00000000cfd00000, 0x00000000cfe00000, 0x00000000cfe00000|100%| E|CS|TAMS 0x00000000cfd00000, 0x00000000cfd00000| Complete 

Card table byte_map: [0x000002412f030000,0x000002412f230000] _byte_map_base: 0x000002412ea30000

Marking Bits (Prev, Next): (CMBitMap*) 0x000002411bdfadc0, (CMBitMap*) 0x000002411bdfad88
 Prev Bits: [0x0000024130430000, 0x0000024131430000)
 Next Bits: [0x000002412f430000, 0x0000024130430000)

Polling page: 0x0000024119db0000

Metaspace:

Usage:
  Non-class:    110.10 MB capacity,   107.77 MB ( 98%) used,     1.96 MB (  2%) free+waste,   386.00 KB ( <1%) overhead. 
      Class:     16.73 MB capacity,    15.48 MB ( 93%) used,     1.08 MB (  6%) free+waste,   178.13 KB (  1%) overhead. 
       Both:    126.83 MB capacity,   123.25 MB ( 97%) used,     3.03 MB (  2%) free+waste,   564.13 KB ( <1%) overhead. 

Virtual space:
  Non-class space:      112.00 MB reserved,     110.17 MB ( 98%) committed 
      Class space:        1.00 GB reserved,      16.75 MB (  2%) committed 
             Both:        1.11 GB reserved,     126.92 MB ( 11%) committed 

Chunk freelists:
   Non-Class:  3.00 KB
       Class:  0 bytes
        Both:  3.00 KB

MaxMetaspaceSize: 17179869184.00 GB
CompressedClassSpaceSize: 1.00 GB
Initial GC threshold: 20.80 MB
Current GC threshold: 210.28 MB
CDS: off

CodeHeap 'non-profiled nmethods': size=120000Kb used=8447Kb max_used=8447Kb free=111552Kb
 bounds [0x00000241273b0000, 0x0000024127c00000, 0x000002412e8e0000]
CodeHeap 'profiled nmethods': size=120000Kb used=34528Kb max_used=34528Kb free=85471Kb
 bounds [0x000002411fe80000, 0x0000024122040000, 0x00000241273b0000]
CodeHeap 'non-nmethods': size=5760Kb used=2444Kb max_used=2488Kb free=3315Kb
 bounds [0x000002411f8e0000, 0x000002411fb60000, 0x000002411fe80000]
 total_blobs=18109 nmethods=17135 adapters=885
 compilation: enabled
              stopped_count=0, restarted_count=0
 full_count=0

Compilation events (20 events):
Event: 121.851 Thread 0x0000024134970800 17956       3       org.gradle.internal.remote.internal.inet.SocketConnection$SocketOutputStream::write (78 bytes)
Event: 121.851 Thread 0x0000024134970800 nmethod 17956 0x0000024122030a10 code [0x0000024122030c60, 0x0000024122031528]
Event: 121.889 Thread 0x0000024134970800 17959       3       org.gradle.internal.remote.internal.inet.SocketConnection$SocketOutputStream::writeWithNonBlockingRetry (52 bytes)
Event: 121.890 Thread 0x0000024134970800 nmethod 17959 0x0000024122031810 code [0x0000024122031a00, 0x0000024122031ea8]
Event: 121.894 Thread 0x0000024134970800 17960       2       org.gradle.api.internal.artifacts.transform.ConsumerVariantMatchResult::matched (70 bytes)
Event: 121.895 Thread 0x0000024134970800 nmethod 17960 0x0000024122032090 code [0x0000024122032260, 0x0000024122032558]
Event: 121.942 Thread 0x0000024134970800 17965 %     3       org.gradle.internal.typeconversion.CompositeNotationConverter::convert @ 2 (55 bytes)
Event: 121.943 Thread 0x0000024134970800 nmethod 17965% 0x0000024122032690 code [0x00000241220328a0, 0x0000024122032ee8]
Event: 121.943 Thread 0x0000024134970800 17966       1       org.gradle.internal.resource.transport.ResourceConnectorRepositoryTransport::getResourceAccessor (5 bytes)
Event: 121.943 Thread 0x0000024134970800 nmethod 17966 0x0000024127590490 code [0x0000024127590640, 0x00000241275906f8]
Event: 121.943 Thread 0x0000024134970800 17967       2       org.gradle.internal.resource.ExternalResourceName::isFileOnHost (30 bytes)
Event: 121.944 Thread 0x0000024134970800 nmethod 17967 0x0000024122033110 code [0x00000241220332e0, 0x0000024122033508]
Event: 121.944 Thread 0x0000024134970800 17969       2       org.gradle.api.internal.artifacts.configurations.DefaultConfiguration_Decorated::getAllDependencies (39 bytes)
Event: 121.945 Thread 0x0000024134970800 nmethod 17969 0x0000024122033690 code [0x00000241220338a0, 0x0000024122033c68]
Event: 121.945 Thread 0x0000024134970800 17970       2       org.gradle.api.internal.artifacts.configurations.DefaultConfiguration::getAllDependencies (16 bytes)
Event: 121.945 Thread 0x0000024134970800 nmethod 17970 0x0000024122033e90 code [0x0000024122034040, 0x0000024122034168]
Event: 121.946 Thread 0x0000024134970800 17972       2       org.gradle.internal.component.external.model.AbstractVariantBackedConfigurationMetadata::getExcludes (4 bytes)
Event: 121.946 Thread 0x0000024134970800 nmethod 17972 0x0000024122034210 code [0x00000241220343c0, 0x00000241220344b8]
Event: 121.946 Thread 0x0000024134970800 17973       2       org.gradle.internal.component.external.model.LazyVariantBackedConfigurationMetadata::getDependencies (31 bytes)
Event: 121.947 Thread 0x0000024134970800 nmethod 17973 0x0000024122034590 code [0x0000024122034740, 0x0000024122034908]

GC Heap History (20 events):
Event: 50.104 GC heap before
{Heap before GC invocations=35 (full 0):
 garbage-first heap   total 260096K, used 216900K [0x00000000c0000000, 0x0000000100000000)
  region size 1024K, 52 young (53248K), 1 survivors (1024K)
 Metaspace       used 123055K, capacity 126471K, committed 126764K, reserved 1159168K
  class space    used 15443K, capacity 16674K, committed 16768K, reserved 1048576K
}
Event: 50.108 GC heap after
{Heap after GC invocations=36 (full 0):
 garbage-first heap   total 260096K, used 171025K [0x00000000c0000000, 0x0000000100000000)
  region size 1024K, 6 young (6144K), 6 survivors (6144K)
 Metaspace       used 123055K, capacity 126471K, committed 126764K, reserved 1159168K
  class space    used 15443K, capacity 16674K, committed 16768K, reserved 1048576K
}
Event: 51.406 GC heap before
{Heap before GC invocations=36 (full 0):
 garbage-first heap   total 260096K, used 228369K [0x00000000c0000000, 0x0000000100000000)
  region size 1024K, 52 young (53248K), 6 survivors (6144K)
 Metaspace       used 125315K, capacity 128928K, committed 129196K, reserved 1161216K
  class space    used 15807K, capacity 17107K, committed 17152K, reserved 1048576K
}
Event: 51.414 GC heap after
{Heap after GC invocations=37 (full 0):
 garbage-first heap   total 260096K, used 177147K [0x00000000c0000000, 0x0000000100000000)
  region size 1024K, 3 young (3072K), 3 survivors (3072K)
 Metaspace       used 125315K, capacity 128928K, committed 129196K, reserved 1161216K
  class space    used 15807K, capacity 17107K, committed 17152K, reserved 1048576K
}
Event: 57.226 GC heap before
{Heap before GC invocations=38 (full 0):
 garbage-first heap   total 260096K, used 230395K [0x00000000c0000000, 0x0000000100000000)
  region size 1024K, 46 young (47104K), 3 survivors (3072K)
 Metaspace       used 125795K, capacity 129361K, committed 129452K, reserved 1161216K
  class space    used 15833K, capacity 17107K, committed 17152K, reserved 1048576K
}
Event: 57.234 GC heap after
{Heap after GC invocations=39 (full 0):
 garbage-first heap   total 260096K, used 173407K [0x00000000c0000000, 0x0000000100000000)
  region size 1024K, 6 young (6144K), 6 survivors (6144K)
 Metaspace       used 125795K, capacity 129361K, committed 129452K, reserved 1161216K
  class space    used 15833K, capacity 17107K, committed 17152K, reserved 1048576K
}
Event: 57.263 GC heap before
{Heap before GC invocations=39 (full 0):
 garbage-first heap   total 260096K, used 178527K [0x00000000c0000000, 0x0000000100000000)
  region size 1024K, 12 young (12288K), 6 survivors (6144K)
 Metaspace       used 125795K, capacity 129361K, committed 129452K, reserved 1161216K
  class space    used 15833K, capacity 17107K, committed 17152K, reserved 1048576K
}
Event: 57.273 GC heap after
{Heap after GC invocations=40 (full 0):
 garbage-first heap   total 260096K, used 166045K [0x00000000c0000000, 0x0000000100000000)
  region size 1024K, 1 young (1024K), 1 survivors (1024K)
 Metaspace       used 125795K, capacity 129361K, committed 129452K, reserved 1161216K
  class space    used 15833K, capacity 17107K, committed 17152K, reserved 1048576K
}
Event: 57.606 GC heap before
{Heap before GC invocations=40 (full 0):
 garbage-first heap   total 260096K, used 216221K [0x00000000c0000000, 0x0000000100000000)
  region size 1024K, 51 young (52224K), 1 survivors (1024K)
 Metaspace       used 125813K, capacity 129361K, committed 129452K, reserved 1161216K
  class space    used 15833K, capacity 17107K, committed 17152K, reserved 1048576K
}
Event: 57.614 GC heap after
{Heap after GC invocations=41 (full 0):
 garbage-first heap   total 260096K, used 168588K [0x00000000c0000000, 0x0000000100000000)
  region size 1024K, 4 young (4096K), 4 survivors (4096K)
 Metaspace       used 125813K, capacity 129361K, committed 129452K, reserved 1161216K
  class space    used 15833K, capacity 17107K, committed 17152K, reserved 1048576K
}
Event: 57.884 GC heap before
{Heap before GC invocations=41 (full 0):
 garbage-first heap   total 260096K, used 217740K [0x00000000c0000000, 0x0000000100000000)
  region size 1024K, 53 young (54272K), 4 survivors (4096K)
 Metaspace       used 125844K, capacity 129365K, committed 129452K, reserved 1161216K
  class space    used 15834K, capacity 17107K, committed 17152K, reserved 1048576K
}
Event: 57.890 GC heap after
{Heap after GC invocations=42 (full 0):
 garbage-first heap   total 260096K, used 171048K [0x00000000c0000000, 0x0000000100000000)
  region size 1024K, 6 young (6144K), 6 survivors (6144K)
 Metaspace       used 125844K, capacity 129365K, committed 129452K, reserved 1161216K
  class space    used 15834K, capacity 17107K, committed 17152K, reserved 1048576K
}
Event: 58.077 GC heap before
{Heap before GC invocations=42 (full 0):
 garbage-first heap   total 260096K, used 219176K [0x00000000c0000000, 0x0000000100000000)
  region size 1024K, 54 young (55296K), 6 survivors (6144K)
 Metaspace       used 125849K, capacity 129365K, committed 129452K, reserved 1161216K
  class space    used 15834K, capacity 17107K, committed 17152K, reserved 1048576K
}
Event: 58.083 GC heap after
{Heap after GC invocations=43 (full 0):
 garbage-first heap   total 260096K, used 172339K [0x00000000c0000000, 0x0000000100000000)
  region size 1024K, 4 young (4096K), 4 survivors (4096K)
 Metaspace       used 125849K, capacity 129365K, committed 129452K, reserved 1161216K
  class space    used 15834K, capacity 17107K, committed 17152K, reserved 1048576K
}
Event: 121.157 GC heap before
{Heap before GC invocations=43 (full 0):
 garbage-first heap   total 260096K, used 219443K [0x00000000c0000000, 0x0000000100000000)
  region size 1024K, 51 young (52224K), 4 survivors (4096K)
 Metaspace       used 126011K, capacity 129605K, committed 129708K, reserved 1161216K
  class space    used 15838K, capacity 17116K, committed 17152K, reserved 1048576K
}
Event: 121.160 GC heap after
{Heap after GC invocations=44 (full 0):
 garbage-first heap   total 260096K, used 173571K [0x00000000c0000000, 0x0000000100000000)
  region size 1024K, 5 young (5120K), 5 survivors (5120K)
 Metaspace       used 126011K, capacity 129605K, committed 129708K, reserved 1161216K
  class space    used 15838K, capacity 17116K, committed 17152K, reserved 1048576K
}
Event: 121.647 GC heap before
{Heap before GC invocations=44 (full 0):
 garbage-first heap   total 260096K, used 220675K [0x00000000c0000000, 0x0000000100000000)
  region size 1024K, 52 young (53248K), 5 survivors (5120K)
 Metaspace       used 126166K, capacity 129725K, committed 129964K, reserved 1163264K
  class space    used 15843K, capacity 17125K, committed 17152K, reserved 1048576K
}
Event: 121.653 GC heap after
{Heap after GC invocations=45 (full 0):
 garbage-first heap   total 260096K, used 177016K [0x00000000c0000000, 0x0000000100000000)
  region size 1024K, 7 young (7168K), 7 survivors (7168K)
 Metaspace       used 126166K, capacity 129725K, committed 129964K, reserved 1163264K
  class space    used 15843K, capacity 17125K, committed 17152K, reserved 1048576K
}
Event: 121.882 GC heap before
{Heap before GC invocations=45 (full 0):
 garbage-first heap   total 260096K, used 221048K [0x00000000c0000000, 0x0000000100000000)
  region size 1024K, 51 young (52224K), 7 survivors (7168K)
 Metaspace       used 126193K, capacity 129807K, committed 129964K, reserved 1163264K
  class space    used 15847K, capacity 17131K, committed 17152K, reserved 1048576K
}
Event: 121.887 GC heap after
{Heap after GC invocations=46 (full 0):
 garbage-first heap   total 260096K, used 178509K [0x00000000c0000000, 0x0000000100000000)
  region size 1024K, 4 young (4096K), 4 survivors (4096K)
 Metaspace       used 126193K, capacity 129807K, committed 129964K, reserved 1163264K
  class space    used 15847K, capacity 17131K, committed 17152K, reserved 1048576K
}

Deoptimization events (20 events):
Event: 121.226 Thread 0x000002413d4c7000 DEOPT PACKING pc=0x0000024127b1d708 sp=0x000000e9269f9960
Event: 121.226 Thread 0x000002413d4c7000 DEOPT UNPACKING pc=0x000002411f92a1af sp=0x000000e9269f9900 mode 2
Event: 121.244 Thread 0x000002413d4c7000 DEOPT PACKING pc=0x0000024120b8b8d6 sp=0x000000e9269f9f70
Event: 121.244 Thread 0x000002413d4c7000 DEOPT UNPACKING pc=0x000002411f92a95e sp=0x000000e9269f9478 mode 0
Event: 121.290 Thread 0x000002413d4c7000 Uncommon trap: trap_request=0xffffffbe fr.pc=0x00000241279601ac relative=0x0000000000000c0c
Event: 121.290 Thread 0x000002413d4c7000 Uncommon trap: reason=profile_predicate action=maybe_recompile pc=0x00000241279601ac method=com.google.common.collect.ImmutableSet.construct(I[Ljava/lang/Object;)Lcom/google/common/collect/ImmutableSet; @ 68 c2
Event: 121.290 Thread 0x000002413d4c7000 DEOPT PACKING pc=0x00000241279601ac sp=0x000000e9269f8e70
Event: 121.290 Thread 0x000002413d4c7000 DEOPT UNPACKING pc=0x000002411f92a1af sp=0x000000e9269f8e00 mode 2
Event: 121.291 Thread 0x000002413d4c7000 DEOPT PACKING pc=0x0000024120c00932 sp=0x000000e9269f9820
Event: 121.291 Thread 0x000002413d4c7000 DEOPT UNPACKING pc=0x000002411f92a95e sp=0x000000e9269f8cd8 mode 0
Event: 121.331 Thread 0x000002413d4c7000 Uncommon trap: trap_request=0xffffffd6 fr.pc=0x0000024127bbde18 relative=0x0000000000000b78
Event: 121.331 Thread 0x000002413d4c7000 Uncommon trap: reason=array_check action=maybe_recompile pc=0x0000024127bbde18 method=com.google.common.collect.ImmutableSet.construct(I[Ljava/lang/Object;)Lcom/google/common/collect/ImmutableSet; @ 122 c2
Event: 121.331 Thread 0x000002413d4c7000 DEOPT PACKING pc=0x0000024127bbde18 sp=0x000000e9269f9170
Event: 121.331 Thread 0x000002413d4c7000 DEOPT UNPACKING pc=0x000002411f92a1af sp=0x000000e9269f9108 mode 2
Event: 121.345 Thread 0x000002413d4c7000 DEOPT PACKING pc=0x0000024120c10ca4 sp=0x000000e9269fa600
Event: 121.345 Thread 0x000002413d4c7000 DEOPT UNPACKING pc=0x000002411f92a95e sp=0x000000e9269f9b20 mode 0
Event: 121.532 Thread 0x000002413d4cc800 Uncommon trap: trap_request=0xfffffff4 fr.pc=0x0000024127b86d88 relative=0x00000000000054e8
Event: 121.532 Thread 0x000002413d4cc800 Uncommon trap: reason=null_check action=make_not_entrant pc=0x0000024127b86d88 method=org.gradle.internal.snapshot.RelativePathStringTracker.enter(Ljava/lang/String;)V @ 16 c2
Event: 121.532 Thread 0x000002413d4cc800 DEOPT PACKING pc=0x0000024127b86d88 sp=0x000000e927dfc000
Event: 121.532 Thread 0x000002413d4cc800 DEOPT UNPACKING pc=0x000002411f92a1af sp=0x000000e927dfbea8 mode 2

Classes redefined (0 events):
No events

Internal exceptions (20 events):
Event: 50.243 Thread 0x000002413d34c800 Exception <a 'java/lang/NoSuchMethodError'{0x00000000cee8b7b0}: 'long java.lang.invoke.DirectMethodHandle$Holder.invokeStatic(java.lang.Object, java.lang.Object, java.lang.Object)'> (0x00000000cee8b7b0) thrown at [./src/hotspot/share/interpreter/linkResolver.cpp, line 773]
Event: 50.243 Thread 0x000002413d348800 Exception <a 'java/lang/NoSuchMethodError'{0x00000000cf0a78c8}: 'long java.lang.invoke.DirectMethodHandle$Holder.invokeStatic(java.lang.Object, java.lang.Object, java.lang.Object)'> (0x00000000cf0a78c8) thrown at [./src/hotspot/share/interpreter/linkResolver.cpp, line 773]
Event: 50.243 Thread 0x000002413d34e000 Exception <a 'java/lang/NoSuchMethodError'{0x00000000cee9e778}: 'long java.lang.invoke.DirectMethodHandle$Holder.invokeStatic(java.lang.Object, java.lang.Object, java.lang.Object)'> (0x00000000cee9e778) thrown at [./src/hotspot/share/interpreter/linkResolver.cpp, line 773]
Event: 50.243 Thread 0x000002413d347800 Exception <a 'java/lang/NoSuchMethodError'{0x00000000cee99488}: 'long java.lang.invoke.DirectMethodHandle$Holder.invokeStatic(java.lang.Object, java.lang.Object, java.lang.Object)'> (0x00000000cee99488) thrown at [./src/hotspot/share/interpreter/linkResolver.cpp, line 773]
Event: 50.697 Thread 0x000002413d348800 Exception <a 'sun/nio/fs/WindowsException'{0x00000000cdac5220}> (0x00000000cdac5220) thrown at [./src/hotspot/share/prims/jni.cpp, line 616]
Event: 56.793 Thread 0x0000024136561800 Exception <a 'sun/nio/fs/WindowsException'{0x00000000ceabc840}> (0x00000000ceabc840) thrown at [./src/hotspot/share/prims/jni.cpp, line 616]
Event: 56.886 Thread 0x0000024136561800 Exception <a 'sun/nio/fs/WindowsException'{0x00000000ce539a90}> (0x00000000ce539a90) thrown at [./src/hotspot/share/prims/jni.cpp, line 616]
Event: 57.215 Thread 0x000002413d4cb000 Implicit null exception at 0x0000024127b4e5f4 to 0x0000024127b4ee1c
Event: 57.615 Thread 0x000002413d4cb000 Implicit null exception at 0x00000241279cb135 to 0x00000241279cb968
Event: 57.842 Thread 0x000002413d4d1800 Exception <a 'sun/nio/fs/WindowsException'{0x00000000cd13e168}> (0x00000000cd13e168) thrown at [./src/hotspot/share/prims/jni.cpp, line 616]
Event: 57.842 Thread 0x000002413d4d1800 Exception <a 'sun/nio/fs/WindowsException'{0x00000000cd13eb08}> (0x00000000cd13eb08) thrown at [./src/hotspot/share/prims/jni.cpp, line 616]
Event: 57.843 Thread 0x000002413d4d1800 Exception <a 'sun/nio/fs/WindowsException'{0x00000000cd147a68}> (0x00000000cd147a68) thrown at [./src/hotspot/share/prims/jni.cpp, line 616]
Event: 57.844 Thread 0x000002413d4d1800 Exception <a 'sun/nio/fs/WindowsException'{0x00000000cd148450}> (0x00000000cd148450) thrown at [./src/hotspot/share/prims/jni.cpp, line 616]
Event: 57.844 Thread 0x000002413d4d1800 Exception <a 'sun/nio/fs/WindowsException'{0x00000000cd149ed0}> (0x00000000cd149ed0) thrown at [./src/hotspot/share/prims/jni.cpp, line 616]
Event: 57.844 Thread 0x000002413d4d1800 Exception <a 'sun/nio/fs/WindowsException'{0x00000000cd14a8c8}> (0x00000000cd14a8c8) thrown at [./src/hotspot/share/prims/jni.cpp, line 616]
Event: 57.969 Thread 0x000002413d4dc000 Exception <a 'sun/nio/fs/WindowsException'{0x00000000ce9b4108}> (0x00000000ce9b4108) thrown at [./src/hotspot/share/prims/jni.cpp, line 616]
Event: 57.969 Thread 0x000002413d4dc000 Exception <a 'sun/nio/fs/WindowsException'{0x00000000ce9b4ad8}> (0x00000000ce9b4ad8) thrown at [./src/hotspot/share/prims/jni.cpp, line 616]
Event: 121.224 Thread 0x000002413d4c7000 Exception <a 'sun/nio/fs/WindowsException'{0x00000000cf83a168}> (0x00000000cf83a168) thrown at [./src/hotspot/share/prims/jni.cpp, line 616]
Event: 121.299 Thread 0x000002413d4c7000 Exception <a 'sun/nio/fs/WindowsException'{0x00000000cf44ba20}> (0x00000000cf44ba20) thrown at [./src/hotspot/share/prims/jni.cpp, line 616]
Event: 121.532 Thread 0x000002413d4cc800 Implicit null exception at 0x0000024127b81ee4 to 0x0000024127b86d70

Events (20 events):
Event: 121.478 Executing VM operation: RevokeBias done
Event: 121.495 Executing VM operation: RevokeBias
Event: 121.495 Executing VM operation: RevokeBias done
Event: 121.526 Executing VM operation: RevokeBias
Event: 121.526 Executing VM operation: RevokeBias done
Event: 121.526 Executing VM operation: RevokeBias
Event: 121.527 Executing VM operation: RevokeBias done
Event: 121.527 Executing VM operation: RevokeBias
Event: 121.527 Executing VM operation: RevokeBias done
Event: 121.533 Thread 0x0000024134974000 flushing nmethod 0x0000024127418c90
Event: 121.534 Thread 0x0000024134974000 flushing nmethod 0x0000024127590110
Event: 121.537 Thread 0x0000024134974000 flushing nmethod 0x000002411fe80010
Event: 121.537 Thread 0x0000024134974000 flushing nmethod 0x000002411fe81190
Event: 121.547 Thread 0x0000024134974000 flushing nmethod 0x0000024120abeb10
Event: 121.647 Executing VM operation: G1CollectForAllocation
Event: 121.653 Executing VM operation: G1CollectForAllocation done
Event: 121.799 loading class org/gradle/internal/operations/BuildOperationDescriptor$1
Event: 121.799 loading class org/gradle/internal/operations/BuildOperationDescriptor$1 done
Event: 121.881 Executing VM operation: G1CollectForAllocation
Event: 121.887 Executing VM operation: G1CollectForAllocation done


Dynamic libraries:
0x00007ff79ded0000 - 0x00007ff79deda000 	C:\Program Files\Android\Android Studio2\jre\bin\java.exe
0x00007ffefe6f0000 - 0x00007ffefe904000 	C:\WINDOWS\SYSTEM32\ntdll.dll
0x00007ffefdb00000 - 0x00007ffefdbc2000 	C:\WINDOWS\System32\KERNEL32.DLL
0x00007ffefbb90000 - 0x00007ffefbf2d000 	C:\WINDOWS\System32\KERNELBASE.dll
0x00007ffefc300000 - 0x00007ffefc411000 	C:\WINDOWS\System32\ucrtbase.dll
0x00007ffedf650000 - 0x00007ffedf669000 	C:\Program Files\Android\Android Studio2\jre\bin\jli.dll
0x00007ffedf630000 - 0x00007ffedf647000 	C:\Program Files\Android\Android Studio2\jre\bin\VCRUNTIME140.dll
0x00007ffefc700000 - 0x00007ffefc8ad000 	C:\WINDOWS\System32\USER32.dll
0x00007ffefad30000 - 0x00007ffefafbe000 	C:\WINDOWS\WinSxS\amd64_microsoft.windows.common-controls_6595b64144ccf1df_6.0.22621.436_none_a94247dbc10d8414\COMCTL32.dll
0x00007ffefc2d0000 - 0x00007ffefc2f6000 	C:\WINDOWS\System32\win32u.dll
0x00007ffefda50000 - 0x00007ffefdaf7000 	C:\WINDOWS\System32\msvcrt.dll
0x00007ffefc4e0000 - 0x00007ffefc509000 	C:\WINDOWS\System32\GDI32.dll
0x00007ffefbfd0000 - 0x00007ffefc0e2000 	C:\WINDOWS\System32\gdi32full.dll
0x00007ffefbf30000 - 0x00007ffefbfca000 	C:\WINDOWS\System32\msvcp_win.dll
0x00007ffefd2d0000 - 0x00007ffefd302000 	C:\WINDOWS\System32\IMM32.DLL
0x00007ffea8750000 - 0x00007ffea87ed000 	C:\Program Files\Android\Android Studio2\jre\bin\msvcp140.dll
0x00007ffe82bc0000 - 0x00007ffe836c2000 	C:\Program Files\Android\Android Studio2\jre\bin\server\jvm.dll
0x00007ffefdd40000 - 0x00007ffefddee000 	C:\WINDOWS\System32\ADVAPI32.dll
0x00007ffefe4b0000 - 0x00007ffefe554000 	C:\WINDOWS\System32\sechost.dll
0x00007ffefd930000 - 0x00007ffefda45000 	C:\WINDOWS\System32\RPCRT4.dll
0x00007ffefdd30000 - 0x00007ffefdd38000 	C:\WINDOWS\System32\PSAPI.DLL
0x00007ffee6040000 - 0x00007ffee6049000 	C:\WINDOWS\SYSTEM32\WSOCK32.dll
0x00007ffef77f0000 - 0x00007ffef77fa000 	C:\WINDOWS\SYSTEM32\VERSION.dll
0x00007ffef3ab0000 - 0x00007ffef3ae4000 	C:\WINDOWS\SYSTEM32\WINMM.dll
0x00007ffefc930000 - 0x00007ffefc9a1000 	C:\WINDOWS\System32\WS2_32.dll
0x00007ffef9d00000 - 0x00007ffef9d18000 	C:\WINDOWS\SYSTEM32\kernel.appcore.dll
0x00007ffeddb20000 - 0x00007ffeddb31000 	C:\Program Files\Android\Android Studio2\jre\bin\verify.dll
0x00007ffefb480000 - 0x00007ffefb6ae000 	C:\WINDOWS\SYSTEM32\DBGHELP.DLL
0x00007ffefe020000 - 0x00007ffefe3aa000 	C:\WINDOWS\System32\combase.dll
0x00007ffefc620000 - 0x00007ffefc6f7000 	C:\WINDOWS\System32\OLEAUT32.dll
0x00007ffefb2d0000 - 0x00007ffefb302000 	C:\WINDOWS\SYSTEM32\dbgcore.DLL
0x00007ffefbb10000 - 0x00007ffefbb8b000 	C:\WINDOWS\System32\bcryptPrimitives.dll
0x00007ffed2920000 - 0x00007ffed2949000 	C:\Program Files\Android\Android Studio2\jre\bin\java.dll
0x00007ffeddb10000 - 0x00007ffeddb1b000 	C:\Program Files\Android\Android Studio2\jre\bin\jimage.dll
0x00007ffed2900000 - 0x00007ffed2918000 	C:\Program Files\Android\Android Studio2\jre\bin\zip.dll
0x00007ffefc9b0000 - 0x00007ffefd19f000 	C:\WINDOWS\System32\SHELL32.dll
0x00007ffef8c60000 - 0x00007ffef9528000 	C:\WINDOWS\SYSTEM32\windows.storage.dll
0x00007ffef8b20000 - 0x00007ffef8c5e000 	C:\WINDOWS\SYSTEM32\wintypes.dll
0x00007ffefd1b0000 - 0x00007ffefd2a1000 	C:\WINDOWS\System32\SHCORE.dll
0x00007ffefe650000 - 0x00007ffefe6ae000 	C:\WINDOWS\System32\shlwapi.dll
0x00007ffefba40000 - 0x00007ffefba61000 	C:\WINDOWS\SYSTEM32\profapi.dll
0x00007ffed28e0000 - 0x00007ffed28fa000 	C:\Program Files\Android\Android Studio2\jre\bin\net.dll
0x00007ffef3e80000 - 0x00007ffef3faf000 	C:\WINDOWS\SYSTEM32\WINHTTP.dll
0x00007ffefa950000 - 0x00007ffefa9b9000 	C:\WINDOWS\system32\mswsock.dll
0x00007ffed28c0000 - 0x00007ffed28d4000 	C:\Program Files\Android\Android Studio2\jre\bin\nio.dll
0x00007ffeb5270000 - 0x00007ffeb5297000 	C:\Users\NCG\.gradle\native\f6784746aeab05261644944871eae4fe03e0ef1612fff0a4a95f87b438bc6780\windows-amd64\native-platform.dll
0x00007ffed5bd0000 - 0x00007ffed5bda000 	C:\Program Files\Android\Android Studio2\jre\bin\management.dll
0x00007ffed28b0000 - 0x00007ffed28bd000 	C:\Program Files\Android\Android Studio2\jre\bin\management_ext.dll
0x00007ffefb7a0000 - 0x00007ffefb7bb000 	C:\WINDOWS\SYSTEM32\CRYPTSP.dll
0x00007ffef9c70000 - 0x00007ffef9ca5000 	C:\WINDOWS\system32\rsaenh.dll
0x00007ffefaa40000 - 0x00007ffefaa68000 	C:\WINDOWS\SYSTEM32\USERENV.dll
0x00007ffefb3c0000 - 0x00007ffefb3e8000 	C:\WINDOWS\SYSTEM32\bcrypt.dll
0x00007ffefaba0000 - 0x00007ffefabac000 	C:\WINDOWS\SYSTEM32\CRYPTBASE.dll
0x00007ffef9830000 - 0x00007ffef985d000 	C:\WINDOWS\SYSTEM32\IPHLPAPI.DLL
0x00007ffefdd00000 - 0x00007ffefdd09000 	C:\WINDOWS\System32\NSI.dll
0x00007ffef3d00000 - 0x00007ffef3d19000 	C:\WINDOWS\SYSTEM32\dhcpcsvc6.DLL
0x00007ffef3ce0000 - 0x00007ffef3cff000 	C:\WINDOWS\SYSTEM32\dhcpcsvc.DLL
0x00007ffef98b0000 - 0x00007ffef99a2000 	C:\WINDOWS\SYSTEM32\DNSAPI.dll
0x00007ffef7810000 - 0x00007ffef781d000 	C:\WINDOWS\SYSTEM32\WINNSI.DLL
0x00007ffef5a40000 - 0x00007ffef5a67000 	C:\Program Files\Android\Android Studio2\jre\bin\sunec.dll
0x00007ffee8ea0000 - 0x00007ffee8eaa000 	C:\Windows\System32\rasadhlp.dll
0x00007ffef2f30000 - 0x00007ffef2fb3000 	C:\WINDOWS\System32\fwpuclnt.dll

dbghelp: loaded successfully - version: 4.0.5 - missing functions: none
symbol engine: initialized successfully - sym options: 0x614 - pdb path: .;C:\Program Files\Android\Android Studio2\jre\bin;C:\WINDOWS\SYSTEM32;C:\WINDOWS\WinSxS\amd64_microsoft.windows.common-controls_6595b64144ccf1df_6.0.22621.436_none_a94247dbc10d8414;C:\Program Files\Android\Android Studio2\jre\bin\server;C:\Users\NCG\.gradle\native\f6784746aeab05261644944871eae4fe03e0ef1612fff0a4a95f87b438bc6780\windows-amd64

VM Arguments:
jvm_args: --add-opens=java.base/java.util=ALL-UNNAMED --add-opens=java.base/java.lang=ALL-UNNAMED --add-opens=java.base/java.lang.invoke=ALL-UNNAMED --add-opens=java.prefs/java.util.prefs=ALL-UNNAMED -Xmx1024m -Dfile.encoding=UTF-8 -Duser.country=US -Duser.language=en -Duser.variant 
java_command: org.gradle.launcher.daemon.bootstrap.GradleDaemon 6.5
java_class_path (initial): C:\Users\NCG\.gradle\wrapper\dists\gradle-6.5-all\2oz4ud9k3tuxjg84bbf55q0tn\gradle-6.5\lib\gradle-launcher-6.5.jar
Launcher Type: SUN_STANDARD

[Global flags]
     intx CICompilerCount                          = 4                                         {product} {ergonomic}
     uint ConcGCThreads                            = 3                                         {product} {ergonomic}
     uint G1ConcRefinementThreads                  = 10                                        {product} {ergonomic}
   size_t G1HeapRegionSize                         = 1048576                                   {product} {ergonomic}
    uintx GCDrainStackTargetSize                   = 64                                        {product} {ergonomic}
   size_t InitialHeapSize                          = 266338304                                 {product} {ergonomic}
   size_t MarkStackSize                            = 4194304                                   {product} {ergonomic}
   size_t MaxHeapSize                              = 1073741824                                {product} {command line}
   size_t MaxNewSize                               = 643825664                                 {product} {ergonomic}
   size_t MinHeapDeltaBytes                        = 1048576                                   {product} {ergonomic}
    uintx NonNMethodCodeHeapSize                   = 5836300                                {pd product} {ergonomic}
    uintx NonProfiledCodeHeapSize                  = 122910970                              {pd product} {ergonomic}
    uintx ProfiledCodeHeapSize                     = 122910970                              {pd product} {ergonomic}
    uintx ReservedCodeCacheSize                    = 251658240                              {pd product} {ergonomic}
     bool SegmentedCodeCache                       = true                                      {product} {ergonomic}
     bool UseCompressedClassPointers               = true                                 {lp64_product} {ergonomic}
     bool UseCompressedOops                        = true                                 {lp64_product} {ergonomic}
     bool UseG1GC                                  = true                                      {product} {ergonomic}
     bool UseLargePagesIndividualAllocation        = false                                  {pd product} {ergonomic}

Logging:
Log output configuration:
 #0: stdout all=warning uptime,level,tags
 #1: stderr all=off uptime,level,tags

Environment Variables:
PATH=C:\Program Files (x86)\VMware\VMware Workstation\bin\;C:\Program Files\Common Files\Oracle\Java\javapath;C:\Program Files (x86)\Common Files\Oracle\Java\javapath;C:\ProgramData\Oracle\Java\javapath;C:\Windows\system32;C:\Windows;C:\Windows\System32\Wbem;C:\Windows\System32\WindowsPowerShell\v1.0\;C:\Windows\System32\OpenSSH\;C:\Program Files (x86)\NVIDIA Corporation\PhysX\Common;C:\Program Files\NVIDIA Corporation\NVIDIA NvDLISR;C:\WINDOWS\system32;C:\WINDOWS;C:\WINDOWS\System32\Wbem;C:\WINDOWS\System32\WindowsPowerShell\v1.0\;C:\WINDOWS\System32\OpenSSH\;C:\Program Files\Microsoft SQL Server\110\Tools\Binn\;C:\Program Files (x86)\Brackets\command;C:\Program Files (x86)\Windows Live\Shared;C:\Program Files\Microsoft SQL Server\130\Tools\Binn\;C:\Program Files (x86)\Windows Kits\8.1\Windows Performance Toolkit\;C:\Program Files\dotnet\;C:\Program Files\Microsoft SQL Server\Client SDK\ODBC\170\Tools\Binn\;C:\Program Files\Microsoft SQL Server\Client SDK\ODBC\130\Tools\Binn\;C:\Program Files (x86)\Microsoft SQL Server\140\Tools\Binn\;C:\Program Files\Microsoft SQL Server\140\Tools\Binn\;C:\Program Files\Microsoft SQL Server\140\DTS\Binn\;C:\Program Files (x86)\Microsoft SQL Server\Client SDK\ODBC\130\Tools\Binn\;C:\Program Files (x86)\Microsoft SQL Server\140\DTS\Binn\;C:\Program Files (x86)\Microsoft SQL Server\140\Tools\Binn\ManagementStudio\;C:\Program Files\Git\cmd;C:\Program Files\nodejs\;C:\xampp\php;C:\ProgramData\ComposerSetup\bin;C:\Users\NCG\AppData\Local\Programs\Python\Python310\Scripts\;C:\Users\NCG\AppData\Local\Programs\Python\Python310\;C:\Users\NCG\AppData\Local\Microsoft\WindowsApps;;C:\Users\NCG\AppData\Local\Programs\Microsoft VS Code\bin;C:\Program Files\JetBrains\PyCharm Community Edition 2021.2.3\bin;;C:\Users\NCG\AppData\Roaming\npm;C:\Users\NCG\AppData\Roaming\Composer\vendor\bin
USERNAME=NCG
OS=Windows_NT
PROCESSOR_IDENTIFIER=Intel64 Family 6 Model 165 Stepping 2, GenuineIntel



---------------  S Y S T E M  ---------------

OS: Windows 11 , 64 bit Build 22621 (10.0.22621.1028)
OS uptime: 0 days 5:02 hours

CPU:total 12 (initial active 12) (6 cores per cpu, 2 threads per core) family 6 model 165 stepping 2 microcode 0xf0, cmov, cx8, fxsr, mmx, sse, sse2, sse3, ssse3, sse4.1, sse4.2, popcnt, avx, avx2, aes, clmul, erms, 3dnowpref, lzcnt, ht, tsc, tscinvbit, bmi1, bmi2, adx, fma

Memory: 4k page, system-wide physical 16251M (2144M free)
TotalPageFile size 65403M (AvailPageFile size 3M)
current process WorkingSet (physical memory assigned to process): 610M, peak: 612M
current process commit charge ("private bytes"): 653M, peak: 656M

vm_info: OpenJDK 64-Bit Server VM (11.0.13+0-b1751.21-8125866) for windows-amd64 JRE (11.0.13+0-b1751.21-8125866), built on Feb  2 2022 03:00:22 by "builder" with MS VC++ 14.0 (VS2015)

END.
